#-----------------------------------------------------------
# Vivado v2024.2 (64-bit)
# SW Build 5239630 on Fri Nov 08 22:34:34 MST 2024
# IP Build 5239520 on Sun Nov 10 16:12:51 MST 2024
# SharedData Build 5239561 on Fri Nov 08 14:39:27 MST 2024
# Start of session at: Sun Feb 23 14:53:17 2025
# Process ID         : 26059
# Current directory  : /ecel/UFAD/qlopezscarim/Desktop/lab5_vitis/fir1/fir1/hls/impl/ip
# Command line       : vivado -notrace -mode batch -source run_ippack.tcl
# Log file           : /ecel/UFAD/qlopezscarim/Desktop/lab5_vitis/fir1/fir1/hls/impl/ip/vivado.log
# Journal file       : /ecel/UFAD/qlopezscarim/Desktop/lab5_vitis/fir1/fir1/hls/impl/ip/vivado.jou
# Running On         : ece-lnx-4511c
# Platform           : RedHatEnterpriseServer
# Operating System   : Red Hat Enterprise Linux Server release 7.9 (Maipo)
# Processor Detail   : Intel(R) Xeon(R) Gold 6146 CPU @ 3.20GHz
# CPU Frequency      : 3192.499 MHz
# CPU Physical cores : 12
# CPU Logical cores  : 12
# Host memory        : 135028 MB
# Swap memory        : 68715 MB
# Total Virtual      : 203743 MB
# Available Virtual  : 179142 MB
#-----------------------------------------------------------
source run_ippack.tcl -notrace
INFO: calling package_hls_ip ip_types=vitis sysgen json_file=/ecel/UFAD/qlopezscarim/Desktop/lab5_vitis/fir1/fir1/hls/hls_data.json outdir=/ecel/UFAD/qlopezscarim/Desktop/lab5_vitis/fir1/fir1/hls/impl/ip srcdir=/ecel/UFAD/qlopezscarim/Desktop/lab5_vitis/fir1/fir1/hls sort_interfaces_ports=false
INFO: Copied 1 ipmisc file(s) to /ecel/UFAD/qlopezscarim/Desktop/lab5_vitis/fir1/fir1/hls/impl/ip/misc
INFO: Copied 29 verilog file(s) to /ecel/UFAD/qlopezscarim/Desktop/lab5_vitis/fir1/fir1/hls/impl/ip/hdl/verilog
INFO: Copied 26 vhdl file(s) to /ecel/UFAD/qlopezscarim/Desktop/lab5_vitis/fir1/fir1/hls/impl/ip/hdl/vhdl
INFO: Copied 10 swdriver file(s) to /ecel/UFAD/qlopezscarim/Desktop/lab5_vitis/fir1/fir1/hls/impl/ip/drivers
Generating 1 subcores in /ecel/UFAD/qlopezscarim/Desktop/lab5_vitis/fir1/fir1/hls/impl/ip/hdl/ip.tmp:
impl/misc/top_fpext_32ns_64_2_no_dsp_1_ip.tcl
create_project: Time (s): cpu = 00:00:07 ; elapsed = 00:00:07 . Memory (MB): peak = 1637.191 ; gain = 127.828 ; free physical = 98215 ; free virtual = 170191
INFO: Using COE_DIR=/ecel/UFAD/qlopezscarim/Desktop/lab5_vitis/fir1/fir1/hls/impl/ip/hdl/verilog
INFO: Generating top_fpext_32ns_64_2_no_dsp_1_ip via file impl/misc/top_fpext_32ns_64_2_no_dsp_1_ip.tcl
INFO: [IP_Flow 19-234] Refreshing IP repositories
INFO: [IP_Flow 19-1704] No user IP repositories specified
INFO: [IP_Flow 19-2313] Loaded Vivado IP repository '/apps/xilinx24/Vivado/2024.2/data/ip'.
INFO: [IP_Flow 19-1686] Generating 'Synthesis' target for IP 'top_fpext_32ns_64_2_no_dsp_1_ip'...
INFO: [IP_Flow 19-1686] Generating 'Simulation' target for IP 'top_fpext_32ns_64_2_no_dsp_1_ip'...
INFO: Done generating top_fpext_32ns_64_2_no_dsp_1_ip via file impl/misc/top_fpext_32ns_64_2_no_dsp_1_ip.tcl
INFO: Import ports from HDL: /ecel/UFAD/qlopezscarim/Desktop/lab5_vitis/fir1/fir1/hls/impl/ip/hdl/vhdl/top.vhd (top)
INFO: Add axi4lite interface s_axi_control
INFO: Add clock interface ap_clk
INFO: Add reset interface ap_rst_n
INFO: Add interrupt interface interrupt
INFO: [IP_Flow 19-234] Refreshing IP repositories
INFO: [IP_Flow 19-1704] No user IP repositories specified
INFO: [IP_Flow 19-2313] Loaded Vivado IP repository '/apps/xilinx24/Vivado/2024.2/data/ip'.
INFO: Add axi4full interface m_axi_gmem
INFO: Calling post_process_vitis to specialize IP
INFO: Calling post_process_sysgen to specialize IP
Generating sysgen info xml from json file
INFO: Created IP /ecel/UFAD/qlopezscarim/Desktop/lab5_vitis/fir1/fir1/hls/impl/ip/component.xml
Generating XO file: top.xo in directory /ecel/UFAD/qlopezscarim/Desktop/lab5_vitis/fir1/fir1/hls/..
Running: package_xo -xo_path /ecel/UFAD/qlopezscarim/Desktop/lab5_vitis/fir1/fir1/hls/../top.xo -kernel_xml /ecel/UFAD/qlopezscarim/Desktop/lab5_vitis/fir1/fir1/hls/kernel.xml -kernel_name top -ip_directory /ecel/UFAD/qlopezscarim/Desktop/lab5_vitis/fir1/fir1/hls/impl/ip -kernel_files {/ecel/UFAD/qlopezscarim/Desktop/lab5_vitis/fir1/fir1/hls/../../fir.h /ecel/UFAD/qlopezscarim/Desktop/lab5_vitis/fir1/fir1/hls/../../fir.cpp} -hls_directory /ecel/UFAD/qlopezscarim/Desktop/lab5_vitis/fir1/fir1/hls/impl/misc/hls_files -kernel_json /ecel/UFAD/qlopezscarim/Desktop/lab5_vitis/fir1/fir1/hls/hls_data.json
INFO: Created IP archive /ecel/UFAD/qlopezscarim/Desktop/lab5_vitis/fir1/fir1/hls/impl/ip/xilinx_com_hls_top_1_0.zip
INFO: [Common 17-206] Exiting Vivado at Sun Feb 23 14:53:42 2025...
