# 
# Steps log generated by v++
# This log file contains a collection of steps that describe the kernel compilation flow
# Note: Some steps are tagged as internal, these steps are for debugging purposes and 
#       are not expected to be able to run independently.
# 

# The following environment variables are set when running vitis-run
Environment variables :
------------------------------------------
LOPPER_DTC_FLAGS=-b 0 -@
_RDI_DONT_SET_XILINX_AS_PATH=True
VNCDESKTOP=ece-lnx-4511c:6 (qlopezscarim)
MANPATH=/opt/rh/devtoolset-12/root/usr/share/man:/opt/rh/devtoolset-12/root/usr/share/man
XDG_SESSION_ID=93
SSH_AGENT_PID=26544
THEIA_ELECTRON_TOKEN={"value":"af434aa8-d2a5-474e-87d0-9f0963fd084d"}
XILINX_VITIS_HLS_ENCAPSULATED=1
HOSTNAME=ece-lnx-4511c
SSL_CERT_FILE=/ecel/apps/xilinx24/sdk/sysroots/x86_64-petalinux-linux/usr/lib/ssl-3/certs/ca-certificates.crt
IMSETTINGS_INTEGRATE_DESKTOP=yes
XILINX_DSP=
PETALINUX_NATIVE_SYSROOT=/ecel/apps/xilinx24/sdk/sysroots/x86_64-petalinux-linux
SHELL=/bin/bash
XDG_MENU_PREFIX=gnome-
VTE_VERSION=5204
TERM=xterm-256color
HISTSIZE=1000
SSH_CLIENT=10.228.2.195 43408 22
CURL_CA_BUNDLE=/ecel/apps/xilinx24/sdk/sysroots/x86_64-petalinux-linux/etc/ssl/certs/ca-certificates.crt
MYVIVADO=
GNOME_TERMINAL_SCREEN=/org/gnome/Terminal/screen/6a910c66_db74_4707_b1d9_b064cede7e24
TK_LIBRARY=/apps/xilinx24/Vitis/2024.2/tps/tk/tk8.5
LC_NUMERIC=C
QTDIR=/usr/lib64/qt-3.3
ORIGINAL_XDG_CURRENT_DESKTOP=GNOME
RDI_TPS_ROOT=/apps/xilinx24/Vivado/2024.2/tps/lnx64
QTINC=/usr/lib64/qt-3.3/include
SYNTH_COMMON=/apps/xilinx24/Vitis/2024.2/scripts/rt/data
GIT_SSL_CAINFO=/ecel/apps/xilinx24/sdk/sysroots/x86_64-petalinux-linux/etc/ssl/certs/ca-certificates.crt
PETALINUX_MAJOR_VER=2024
SSH_TTY=/dev/pts/7
OPENSSL_ENGINES=/ecel/apps/xilinx24/sdk/sysroots/x86_64-petalinux-linux/usr/lib/engines-3
RDI_JAVA_VERSION=11.0.16_1
LC_ALL=en_US.UTF-8
RT_TCL_PATH=/apps/xilinx24/Vitis/2024.2/scripts/rt/base_tcl/tcl
RDI_PREPEND_PATH=/apps/xilinx24/Vitis/2024.2/bin
QT_GRAPHICSSYSTEM_CHECKED=1
IMSETTINGS_MODULE=none
IDE_SKIP_SERVER_LICENSE=1
PCP_DIR=/opt/rh/devtoolset-12/root
USER=qlopezscarim
RDI_OPT_EXT=.o
LS_COLORS=rs=0:di=38;5;27:ln=38;5;51:mh=44;38;5;15:pi=40;38;5;11:so=38;5;13:do=38;5;5:bd=48;5;232;38;5;11:cd=48;5;232;38;5;3:or=48;5;232;38;5;9:mi=05;48;5;232;38;5;15:su=48;5;196;38;5;15:sg=48;5;11;38;5;16:ca=48;5;196;38;5;226:tw=48;5;10;38;5;16:ow=48;5;10;38;5;21:st=48;5;21;38;5;15:ex=38;5;34:*.tar=38;5;9:*.tgz=38;5;9:*.arc=38;5;9:*.arj=38;5;9:*.taz=38;5;9:*.lha=38;5;9:*.lz4=38;5;9:*.lzh=38;5;9:*.lzma=38;5;9:*.tlz=38;5;9:*.txz=38;5;9:*.tzo=38;5;9:*.t7z=38;5;9:*.zip=38;5;9:*.z=38;5;9:*.Z=38;5;9:*.dz=38;5;9:*.gz=38;5;9:*.lrz=38;5;9:*.lz=38;5;9:*.lzo=38;5;9:*.xz=38;5;9:*.bz2=38;5;9:*.bz=38;5;9:*.tbz=38;5;9:*.tbz2=38;5;9:*.tz=38;5;9:*.deb=38;5;9:*.rpm=38;5;9:*.jar=38;5;9:*.war=38;5;9:*.ear=38;5;9:*.sar=38;5;9:*.rar=38;5;9:*.alz=38;5;9:*.ace=38;5;9:*.zoo=38;5;9:*.cpio=38;5;9:*.7z=38;5;9:*.rz=38;5;9:*.cab=38;5;9:*.jpg=38;5;13:*.jpeg=38;5;13:*.gif=38;5;13:*.bmp=38;5;13:*.pbm=38;5;13:*.pgm=38;5;13:*.ppm=38;5;13:*.tga=38;5;13:*.xbm=38;5;13:*.xpm=38;5;13:*.tif=38;5;13:*.tiff=38;5;13:*.png=38;5;13:*.svg=38;5;13:*.svgz=38;5;13:*.mng=38;5;13:*.pcx=38;5;13:*.mov=38;5;13:*.mpg=38;5;13:*.mpeg=38;5;13:*.m2v=38;5;13:*.mkv=38;5;13:*.webm=38;5;13:*.ogm=38;5;13:*.mp4=38;5;13:*.m4v=38;5;13:*.mp4v=38;5;13:*.vob=38;5;13:*.qt=38;5;13:*.nuv=38;5;13:*.wmv=38;5;13:*.asf=38;5;13:*.rm=38;5;13:*.rmvb=38;5;13:*.flc=38;5;13:*.avi=38;5;13:*.fli=38;5;13:*.flv=38;5;13:*.gl=38;5;13:*.dl=38;5;13:*.xcf=38;5;13:*.xwd=38;5;13:*.yuv=38;5;13:*.cgm=38;5;13:*.emf=38;5;13:*.axv=38;5;13:*.anx=38;5;13:*.ogv=38;5;13:*.ogx=38;5;13:*.aac=38;5;45:*.au=38;5;45:*.flac=38;5;45:*.mid=38;5;45:*.midi=38;5;45:*.mka=38;5;45:*.mp3=38;5;45:*.mpc=38;5;45:*.ogg=38;5;45:*.ra=38;5;45:*.wav=38;5;45:*.axa=38;5;45:*.oga=38;5;45:*.spx=38;5;45:*.xspf=38;5;45:
LD_LIBRARY_PATH=/apps/xilinx24/Vitis/2024.2/tps/lnx64/javafx-sdk-11.0.2/lib:/apps/xilinx24/Vitis/2024.2/lib/lnx64.o/Rhel:/apps/xilinx24/Vitis/2024.2/lib/lnx64.o:/apps/xilinx24/Vitis/2024.2/tps/lnx64/jre11.0.16_1/lib/:/apps/xilinx24/Vitis/2024.2/tps/lnx64/jre11.0.16_1/lib//server:/apps/xilinx24/Vitis/2024.2/lib/lnx64.o/Rhel:/apps/xilinx24/Vitis/2024.2/lib/lnx64.o:/apps/xilinx24/Vitis/2024.2/tps/lnx64/cmake-3.24.2/libs/Rhel:/apps/xilinx24/Vitis/2024.2/tps/lnx64/cmake-3.24.2/libs:/apps/xilinx24/Vitis/2024.2/lib/lnx64.o/Rhel:/apps/xilinx24/Vitis/2024.2/lib/lnx64.o:/apps/xilinx24/Vitis/2024.2/tps/lnx64/python-3.8.3/lib:/apps/xilinx24/Vivado/2024.2/tps/lnx64/cmake-3.24.2/libs/Rhel:/apps/xilinx24/Vivado/2024.2/tps/lnx64/cmake-3.24.2/libs:/apps/xilinx24/Vitis/2024.2/lib/lnx64.o:/apps/xilinx24/Vitis/2024.2/lib/lnx64.o/Rhel:/apps/xilinx24/Vitis/2024.2/lib/lnx64.o:/apps/xilinx24/Vivado/2024.2/tps/lnx64/python-3.8.3/lib:/apps/xilinx24/Vitis/2024.2/aietools/lib/lnx64.o:/opt/xilinx/xrt/lib:/opt/rh/devtoolset-12/root/usr/lib64:/opt/rh/devtoolset-12/root/usr/lib:/opt/rh/devtoolset-12/root/usr/lib64/dyninst:/opt/rh/devtoolset-12/root/usr/lib/dyninst
GNOME_TERMINAL_SERVICE=:1.104
BUILDINFO=SW Build 5238363 on 2024-11-08-17:54:51
RDI_PATCHROOT=
REQUESTS_CA_BUNDLE=/ecel/apps/xilinx24/sdk/sysroots/x86_64-petalinux-linux/etc/ssl/certs/ca-certificates.crt
PETALINUX_VER=2024.2
TCL_LIBRARY=/apps/xilinx24/Vitis/2024.2/tps/tcl/tcl8.6
SSH_AUTH_SOCK=/run/user/1946640196/keyring/ssh
VSCODE_API_VERSION=1.53.2
RDI_PLATFORM=lnx64
SESSION_MANAGER=local/unix:@/tmp/.ICE-unix/26432,unix/unix:/tmp/.ICE-unix/26432
RDI_SESSION_INFO=/home/UFAD/qlopezscarim/Desktop/lab5_vitis:ece-lnx-4511c_1740339267_6060
RDI_BUILD=yes
RT_LIBPATH=/apps/xilinx24/Vitis/2024.2/scripts/rt/data
RDI_LIBDIR=/apps/xilinx24/Vitis/2024.2/lib/lnx64.o/Rhel:/apps/xilinx24/Vitis/2024.2/lib/lnx64.o
RDI_SHARED_DATA=/apps/xilinx24/SharedData/2024.2/data
OPENSSL_MODULES=/ecel/apps/xilinx24/sdk/sysroots/x86_64-petalinux-linux/usr/lib/ossl-modules/
GNOME_SHELL_SESSION_MODE=classic
PATCH_INFO=
RDI_USE_JDK11=1
PATH=/apps/xilinx24/Vivado/2024.2/tps/lnx64/binutils-2.26/bin:/apps/xilinx24/Vitis/2024.2/bin/../gnu/aarch64/lin/aarch64-linux/bin:/apps/xilinx24/Vitis/2024.2/bin/../gnu/ppc64le/4.9.3/lnx64/bin:/apps/xilinx24/Vitis/2024.2/bin/../gnu/aarch32/lin/gcc-arm-linux-gnueabi/bin:/apps/xilinx24/Vivado/2024.2/tps/lnx64/gcc-8.3.0/bin:/apps/xilinx24/Vivado/2024.2/gnu/microblaze/lin/bin:/apps/xilinx24/Vitis/2024.2/bin:/apps/xilinx24/Vitis/2024.2/tps/lnx64/jre11.0.16_1/bin:/apps/xilinx24/Vitis/2024.2/gnu/microblaze/lin/bin:/apps/xilinx24/Vitis/2024.2/gnu/arm/lin/bin:/apps/xilinx24/Vitis/2024.2/gnu/microblaze/linux_toolchain/nt64_be/bin:/apps/xilinx24/Vitis/2024.2/gnu/microblaze/linux_toolchain/nt64_le/bin:/apps/xilinx24/Vitis/2024.2/gnu/aarch32/lin/gcc-arm-linux-gnueabi/bin:/apps/xilinx24/Vitis/2024.2/gnu/aarch32/lin/gcc-arm-none-eabi/bin:/apps/xilinx24/Vitis/2024.2/gnu/aarch64/lin/aarch64-linux/bin:/apps/xilinx24/Vitis/2024.2/gnu/aarch64/lin/aarch64-none/bin:/apps/xilinx24/Vitis/2024.2/gnu/armr5/lin/gcc-arm-none-eabi/bin:/apps/xilinx24/Vitis/2024.2/tps/lnx64/cmake-3.24.2/bin:/apps/xilinx24/Vitis/2024.2/lnx64/tools/clang/bin:/apps/xilinx24/Vitis/2024.2/tps/lnx64/python-3.8.3//bin:/apps/xilinx24/Vitis/2024.2/tps/lnx64/jre11.0.16_1//bin:/apps/xilinx24/Vitis/2024.2/aietools/bin:/apps/xilinx24/Vivado/2024.2/bin:/apps/xilinx24/Vivado/2024.2/tps/lnx64/git-2.45.0/bin:/apps/xilinx24/Vivado/2024.2/tps/lnx64/cmake-3.24.2/bin:/apps/xilinx24/Vivado/2024.2/tps/lnx64/python-3.8.3/bin:/apps/xilinx24/Vitis/2024.2/gnu/riscv/lin/riscv64-unknown-elf/bin:/opt/xilinx/xrt/bin:/ecel/apps/xilinx24/sdk/sysroots/x86_64-petalinux-linux/usr/bin:/ecel/apps/xilinx24/sdk/sysroots/x86_64-petalinux-linux/usr/sbin:/ecel/apps/xilinx24/sdk/sysroots/x86_64-petalinux-linux/bin:/ecel/apps/xilinx24/sdk/sysroots/x86_64-petalinux-linux/sbin:/ecel/apps/xilinx24/sdk/scripts:/ecel/apps/xilinx24/sdk/components/xsct/gnu/microblaze/lin/bin:/ecel/apps/xilinx24/sdk/components/xsct/gnu/armr5/lin/gcc-arm-none-eabi/bin:/ecel/apps/xilinx24/sdk/components/xsct/gnu/aarch64/lin/aarch64-linux/bin:/ecel/apps/xilinx24/sdk/components/xsct/gnu/aarch64/lin/aarch64-none/bin:/ecel/apps/xilinx24/sdk/components/xsct/gnu/aarch32/lin/gcc-arm-linux-gnueabi/bin:/ecel/apps/xilinx24/sdk/components/xsct/gnu/aarch32/lin/gcc-arm-none-eabi/bin:/apps/xilinx24/Vitis/2024.2/gnu/microblaze/linux_toolchain/lin64_le/bin:/apps/xilinx24/Vitis_HLS/2024.2/bin:/apps/xilinx24/DocNav:/opt/rh/devtoolset-12/root/usr/bin:/usr/lib64/qt-3.3/bin:/usr/local/bin:/usr/bin:/usr/local/sbin:/usr/sbin:/home/UFAD/qlopezscarim/.local/bin:/home/UFAD/qlopezscarim/bin
MAIL=/var/spool/mail/qlopezscarim
XILINX_VITIS=/apps/xilinx24/Vitis/2024.2
FREETYPE_PROPERTIES=truetype:interpreter-version=35
QT_IM_MODULE=ibus
XILINX_XRT=/opt/xilinx/xrt
PWD=/ecel/UFAD/qlopezscarim/Desktop/lab5_vitis/fir1
MAGIC=/ecel/apps/xilinx24/sdk/sysroots/x86_64-petalinux-linux/usr/share/misc/magic.mgc
JAVA_HOME=/apps/xilinx24/Vitis/2024.2/tps/lnx64/jre11.0.16_1/
XMODIFIERS=@im=ibus
TCMALLOC_LARGE_ALLOC_REPORT_THRESHOLD=4294967296
XIL_CHECK_TCL_DEBUG=False
LANG=en_US.UTF-8
PKG_CONFIG_LIBDIR=/ecel/apps/xilinx24/sdk/sysroots/x86_64-petalinux-linux//usr/lib/pkgconfig:/ecel/apps/xilinx24/sdk/sysroots/x86_64-petalinux-linux//usr/share/pkgconfig:/usr/lib64/pkgconfig:/usr/share/pkgconfig
THEIA_DEFAULT_PLUGINS=local-dir:/ecel/apps/xilinx24/Vitis/2024.2/ide/electron-app/lnx64/resources/app/plugins
XILINX_VIVADO_HLS=/apps/xilinx24/Vivado/2024.2
HDI_APPROOT=/apps/xilinx24/Vitis/2024.2
BOARD_REPO_PATHS=/tools/Xilinx/class/vitis_material/RFSoC4x2-BSP/board_files
XILINX_VITIS_GIT=/apps/xilinx24/Vivado/2024.2/tps/lnx64/git-2.45.0/bin
PYTHONHOME=/apps/xilinx24/Vitis/2024.2/tps/lnx64/python-3.8.3/
CHROME_DESKTOP=Vitis Unified IDE.desktop
XILINX_HLS=/apps/xilinx24/Vitis/2024.2
SHARED_DATA_HOME=/apps/xilinx24/SharedData/2024.2
PYTHONDONTWRITEBYTECODE=1
LM_LICENSE_FILE=2100@licsvr.ece.ufl.edu
XILINX_VIVADO=/apps/xilinx24/Vivado/2024.2
HISTCONTROL=ignoredups
KRB5CCNAME=KEYRING:persistent:1946640196
SSL_CERT_DIR=/ecel/apps/xilinx24/sdk/sysroots/x86_64-petalinux-linux/usr/lib/ssl-3/certs
XILINX_SDK=/apps/xilinx24/Vitis/2024.2
ISL_IOSTREAMS_RSA=/apps/xilinx24/Vitis/2024.2/tps/isl
XILINX_VITIS_AIETOOLS=/apps/xilinx24/Vitis/2024.2/aietools
RDI_BASEROOT=/apps/xilinx24/Vitis
HOME=/home/UFAD/qlopezscarim
SHLVL=8
LANGUAGE=en_US:en
RDI_APPROOT=/apps/xilinx24/Vitis/2024.2
OPENSSL_CONF=/ecel/apps/xilinx24/sdk/sysroots/x86_64-petalinux-linux/usr/lib/ssl-3/openssl.cnf
XSCT_TOOLCHAIN=/ecel/apps/xilinx24/sdk/components/xsct
PETALINUX=/ecel/apps/xilinx24/sdk
LOGNAME=qlopezscarim
PYTHONPATH=/apps/xilinx24/Vitis/2024.2/cli/:/apps/xilinx24/Vitis/2024.2/cli/python-packages/site-packages:/apps/xilinx24/Vitis/2024.2/cli/proto:/apps/xilinx24/Vitis/2024.2/tps/lnx64/python-3.8.3/lib/python3.8/lib-dynload/:/apps/xilinx24/Vitis/2024.2/tps/lnx64/python-3.8.3/lib/python3.8/:/opt/xilinx/xrt/python:/apps/xilinx24/Vitis/2024.2/vfs/python:/apps/xilinx24/Vitis/2024.2/vfs/python:/apps/xilinx24/Vivado/2024.2/tps/lnx64/python-3.8.3/lib/python3.8/lib-dynload/:/apps/xilinx24/Vivado/2024.2/tps/lnx64/python-3.8.3/lib/python3.8:/apps/xilinx24/Vitis/2024.2/cli/:/apps/xilinx24/Vitis/2024.2/cli/python-packages/site-packages:/apps/xilinx24/Vitis/2024.2/cli/python-packages/lnx64:/apps/xilinx24/Vitis/2024.2/cli/proto:/apps/xilinx24/Vitis/2024.2/scripts/python_pkg
QTLIB=/usr/lib64/qt-3.3/lib
CVS_RSH=ssh
RDI_JAVA_PLATFORM=
RDI_BINROOT=/apps/xilinx24/Vitis/2024.2/bin
DBUS_SESSION_BUS_ADDRESS=unix:abstract=/tmp/dbus-XShQ74nir6,guid=e73980d4f66235066e14b72b67bb75a5
SSH_CONNECTION=10.228.2.195 43408 10.227.232.245 22
XDG_DATA_DIRS=/home/UFAD/qlopezscarim/.local/share/flatpak/exports/share:/var/lib/flatpak/exports/share:/usr/local/share:/usr/share
LESSOPEN=||/usr/bin/lesspipe.sh %s
PKG_CONFIG_PATH=/opt/rh/devtoolset-12/root/usr/lib64/pkgconfig:/opt/rh/devtoolset-12/root/usr/lib64/pkgconfig
XILINX_VCXX=/apps/xilinx24/Vitis/2024.2/vcxx
INFOPATH=/opt/rh/devtoolset-12/root/usr/share/info:/opt/rh/devtoolset-12/root/usr/share/info
THEIA_ELECTRON_VERSION=15.5.7
RDI_PROG=/apps/xilinx24/Vitis/2024.2/bin/unwrapped/lnx64.o/vitis-run
XIL_SUPPRESS_OVERRIDE_WARNINGS=1
XIL_NO_OVERRIDE=0
DISPLAY=:6
XDG_RUNTIME_DIR=/run/user/1946640196
THEIA_PLUGINS=local-dir:/home/UFAD/qlopezscarim/.theia/plugins
XILINX_PLANAHEAD=/apps/xilinx24/Vitis/2024.2
XDG_CURRENT_DESKTOP=GNOME
HDIPRELDPATH=/apps/xilinx24/Vitis/2024.2/lib/lnx64.o/Rhel:/apps/xilinx24/Vitis/2024.2/lib/lnx64.o:/apps/xilinx24/Vitis/2024.2/tps/lnx64/cmake-3.24.2/libs/Rhel:/apps/xilinx24/Vitis/2024.2/tps/lnx64/cmake-3.24.2/libs:/apps/xilinx24/Vitis/2024.2/lib/lnx64.o/Rhel:/apps/xilinx24/Vitis/2024.2/lib/lnx64.o:/apps/xilinx24/Vitis/2024.2/tps/lnx64/python-3.8.3/lib:/apps/xilinx24/Vivado/2024.2/tps/lnx64/cmake-3.24.2/libs/Rhel:/apps/xilinx24/Vivado/2024.2/tps/lnx64/cmake-3.24.2/libs:/apps/xilinx24/Vitis/2024.2/lib/lnx64.o:/apps/xilinx24/Vitis/2024.2/lib/lnx64.o/Rhel:/apps/xilinx24/Vitis/2024.2/lib/lnx64.o:/apps/xilinx24/Vivado/2024.2/tps/lnx64/python-3.8.3/lib:/apps/xilinx24/Vitis/2024.2/aietools/lib/lnx64.o:/opt/xilinx/xrt/lib:/opt/rh/devtoolset-12/root/usr/lib64:/opt/rh/devtoolset-12/root/usr/lib:/opt/rh/devtoolset-12/root/usr/lib64/dyninst:/opt/rh/devtoolset-12/root/usr/lib/dyninst
THEIA_APP_PROJECT_PATH=/ecel/apps/xilinx24/Vitis/2024.2/ide/electron-app/lnx64/resources/app
RDI_INSTALLVER=2024.2
RDI_DATADIR=/apps/xilinx24/SharedData/2024.2/data:/apps/xilinx24/Vitis/2024.2/data
RDI_INSTALLROOT=/apps/xilinx24
COLORTERM=truecolor
_=/apps/xilinx24/Vitis/2024.2/bin/unwrapped/lnx64.o/vitis-run
XILINX_CD_CONNECT_ID=34723
XILINX_CD_SESSION=bd9e05c3-b53d-4b2b-905e-943281342503


VITIS-RUN command line:
------------------------------------------
/apps/xilinx24/Vitis/2024.2/bin/unwrapped/lnx64.o/vitis-run --mode hls --csim --config /ecel/UFAD/qlopezscarim/Desktop/lab5_vitis/fir1/hls_config.cfg --work_dir fir1 

FINAL PROGRAM OPTIONS
--config /ecel/UFAD/qlopezscarim/Desktop/lab5_vitis/fir1/hls_config.cfg
--csim
--hls.clock 5
--hls.csim.code_analyzer 1
--hls.flow_target vitis
--hls.package.output.format xo
--hls.package.output.syn false
--hls.syn.file /ecel/UFAD/qlopezscarim/Desktop/lab5_vitis/fir1/fir.h
--hls.syn.file /ecel/UFAD/qlopezscarim/Desktop/lab5_vitis/fir1/fir.cpp
--hls.syn.top top
--hls.tb.file /ecel/UFAD/qlopezscarim/Desktop/lab5_vitis/fir1/fir_test.cpp
--mode hls
--part xczu48dr-ffvg1517-2-e
--work_dir fir1

PARSED COMMAND LINE OPTIONS
--mode hls 
--csim 
--config /ecel/UFAD/qlopezscarim/Desktop/lab5_vitis/fir1/hls_config.cfg 
--work_dir fir1 

PARSED CONFIG FILE (1) OPTIONS
file: /ecel/UFAD/qlopezscarim/Desktop/lab5_vitis/fir1/hls_config.cfg
part xczu48dr-ffvg1517-2-e 
hls.flow_target vitis 
hls.package.output.format xo 
hls.package.output.syn false 
hls.clock 5 
hls.syn.file /ecel/UFAD/qlopezscarim/Desktop/lab5_vitis/fir1/fir.h 
hls.syn.file /ecel/UFAD/qlopezscarim/Desktop/lab5_vitis/fir1/fir.cpp 
hls.syn.top top 
hls.tb.file /ecel/UFAD/qlopezscarim/Desktop/lab5_vitis/fir1/fir_test.cpp 
hls.csim.code_analyzer 1 


==========================================
new:  steps log generated by v++ for new launch 
timestamp: 23 Feb 2025 14:41:55

------------------------------------------
V++ command line :
------------------------------------------
/apps/xilinx24/Vitis/2024.2/bin/unwrapped/lnx64.o/v++ -c --mode hls --config /ecel/UFAD/qlopezscarim/Desktop/lab5_vitis/fir1/hls_config.cfg --work_dir fir1 
  Options from -O    : 
  Options from *.ini : 
  Options from Hw Platform : 

==========================================
new:  steps log generated by v++ for new launch 
timestamp: 23 Feb 2025 14:42:59

------------------------------------------
V++ command line :
------------------------------------------
/apps/xilinx24/Vitis/2024.2/bin/unwrapped/lnx64.o/v++ -c --mode hls --config /ecel/UFAD/qlopezscarim/Desktop/lab5_vitis/fir1/hls_config.cfg --work_dir fir1 
  Options from -O    : 
  Options from *.ini : 
  Options from Hw Platform : 

==========================================
new:  steps log generated by v++ for new launch 
timestamp: 23 Feb 2025 14:49:18

------------------------------------------
VITIS-RUN command line :
------------------------------------------
/apps/xilinx24/Vitis/2024.2/bin/unwrapped/lnx64.o/vitis-run --mode hls --cosim --config /ecel/UFAD/qlopezscarim/Desktop/lab5_vitis/fir1/hls_config.cfg --work_dir fir1 
  Options from -O    : 
  Options from *.ini : 
  Options from Hw Platform : 

==========================================
new:  steps log generated by v++ for new launch 
timestamp: 23 Feb 2025 14:49:57

------------------------------------------
VITIS-RUN command line :
------------------------------------------
/apps/xilinx24/Vitis/2024.2/bin/unwrapped/lnx64.o/vitis-run --mode hls --package --config /ecel/UFAD/qlopezscarim/Desktop/lab5_vitis/fir1/hls_config.cfg --work_dir fir1 
  Options from -O    : 
  Options from *.ini : 
  Options from Hw Platform : 

==========================================
new:  steps log generated by v++ for new launch 
timestamp: 23 Feb 2025 14:51:56

------------------------------------------
VITIS-RUN command line :
------------------------------------------
/apps/xilinx24/Vitis/2024.2/bin/unwrapped/lnx64.o/vitis-run --mode hls --impl --config /ecel/UFAD/qlopezscarim/Desktop/lab5_vitis/fir1/hls_config.cfg --work_dir fir1 
  Options from -O    : 
  Options from *.ini : 
  Options from Hw Platform : 

==========================================
new:  steps log generated by v++ for new launch 
timestamp: 23 Feb 2025 14:53:04
