Sun Feb 23 14:41:53 2025: Running xcd server. This server was built by gradle.
Sun Feb 23 14:41:53 2025: Server was asked to start on port: '34723'
Sun Feb 23 14:41:53 2025: Server is using token UUID: 'b494fd7a-10d1-4145-b126-6e3fe86a2aaa'
Sun Feb 23 14:41:53 2025: SESSION_MGR: creating session with session uuid: '6d04a3e9-ade5-4ab9-8d63-1f78fcd2ec76' and name 'default'
Sun Feb 23 14:41:53 2025: Attempting to start server on port '34723'
Sun Feb 23 14:41:53 2025: XCD main fifo: created main fifo '/tmp/xcdmainb494fd7a-10d1-4145-b126-6e3fe86a2aaa', fd read = 13
Sun Feb 23 14:41:53 2025: Running Dispatch Server
Sun Feb 23 14:41:53 2025: Version 2.2.0
Sun Feb 23 14:41:54 2025: Dispatch Server: Accepted socket connection from client
Sun Feb 23 14:41:54 2025: Starting Socket connection
Sun Feb 23 14:41:54 2025: EXCHANGE_TOKEN received, server token: b494fd7a-10d1-4145-b126-6e3fe86a2aaa, passed token: b494fd7a-10d1-4145-b126-6e3fe86a2aaa
Sun Feb 23 14:41:55 2025: DISPATCH_HANDLER: Adding handler from function makeHandler in library libxv_system_diagram
Sun Feb 23 14:41:55 2025: SESSION_MGR: creating session with session uuid: 'bd9e05c3-b53d-4b2b-905e-943281342503' and name 'vitis-run_compile_fir1'
Sun Feb 23 14:41:55 2025: KERNEL_SVC: creating session with uuid: 'bd9e05c3-b53d-4b2b-905e-943281342503' and name 'vitis-run_compile_fir1'
Sun Feb 23 14:41:55 2025: GUIDANCE_SMGR: creating guidance session with uuid: 'bd9e05c3-b53d-4b2b-905e-943281342503' and name 'vitis-run_compile_fir1'
Sun Feb 23 14:41:55 2025: SYSTEM_DIAGRAM: creating session with uuid: 'bd9e05c3-b53d-4b2b-905e-943281342503' and name 'vitis-run_compile_fir1'
Sun Feb 23 14:42:05 2025: Dispatch Server: Accepted socket connection from client
Sun Feb 23 14:42:05 2025: Starting Socket connection
Sun Feb 23 14:42:15 2025: SESSION_MGR: closing session for UUID 'bd9e05c3-b53d-4b2b-905e-943281342503' with name 'vitis-run_compile_fir1'
Sun Feb 23 14:42:15 2025: KERNEL_SVC: closing session for UUID 'bd9e05c3-b53d-4b2b-905e-943281342503' with name 'vitis-run_compile_fir1'
Sun Feb 23 14:42:15 2025: GUIDANCE_SMGR: closing session for UUID 'bd9e05c3-b53d-4b2b-905e-943281342503' with name 'vitis-run_compile_fir1'
Sun Feb 23 14:42:15 2025: SYSTEM_DIAGRAM: closing session for UUID 'bd9e05c3-b53d-4b2b-905e-943281342503' with name 'vitis-run_compile_fir1'
Sun Feb 23 14:42:15 2025: STOP_SERVER received, server token: b494fd7a-10d1-4145-b126-6e3fe86a2aaa, passed token: b494fd7a-10d1-4145-b126-6e3fe86a2aaa
Sun Feb 23 14:42:15 2025: Socket received request to stop server.
Sun Feb 23 14:42:15 2025: Dispatch Server: do_await_stop
Sun Feb 23 14:42:15 2025: Dispatch Server: stopping mainFifo_
Sun Feb 23 14:42:15 2025: XCD main fifo: Stopping
Sun Feb 23 14:42:15 2025: XCD main fifo: do_read error code: Operation canceled
Sun Feb 23 14:42:15 2025: XCD main fifo: bytes_transferred: 0
Sun Feb 23 14:42:15 2025: SERVER: destructor for server bound to port 34723
Sun Feb 23 14:42:15 2025: XCD main fifo: Good unlink of /tmp/xcdmainb494fd7a-10d1-4145-b126-6e3fe86a2aaa
Sun Feb 23 14:42:15 2025: Server exiting with status 0.
Sun Feb 23 14:42:15 2025: Closing log file.
Sun Feb 23 14:42:57 2025: Running xcd server. This server was built by gradle.
Sun Feb 23 14:42:57 2025: Server was asked to start on port: '44582'
Sun Feb 23 14:42:57 2025: Server is using token UUID: '3124f510-ea4c-4b23-8ce6-621329f6b3b9'
Sun Feb 23 14:42:57 2025: SESSION_MGR: creating session with session uuid: '6d04a3e9-ade5-4ab9-8d63-1f78fcd2ec76' and name 'default'
Sun Feb 23 14:42:57 2025: Attempting to start server on port '44582'
Sun Feb 23 14:42:57 2025: XCD main fifo: created main fifo '/tmp/xcdmain3124f510-ea4c-4b23-8ce6-621329f6b3b9', fd read = 13
Sun Feb 23 14:42:57 2025: Running Dispatch Server
Sun Feb 23 14:42:57 2025: Version 2.2.0
Sun Feb 23 14:42:58 2025: Dispatch Server: Accepted socket connection from client
Sun Feb 23 14:42:58 2025: Starting Socket connection
Sun Feb 23 14:42:58 2025: EXCHANGE_TOKEN received, server token: 3124f510-ea4c-4b23-8ce6-621329f6b3b9, passed token: 3124f510-ea4c-4b23-8ce6-621329f6b3b9
Sun Feb 23 14:42:59 2025: DISPATCH_HANDLER: Adding handler from function makeHandler in library libxv_system_diagram
Sun Feb 23 14:42:59 2025: SESSION_MGR: creating session with session uuid: 'e6a784af-9259-44cf-8bda-a17551fbf5e5' and name 'v++_compile_fir1'
Sun Feb 23 14:42:59 2025: KERNEL_SVC: creating session with uuid: 'e6a784af-9259-44cf-8bda-a17551fbf5e5' and name 'v++_compile_fir1'
Sun Feb 23 14:42:59 2025: GUIDANCE_SMGR: creating guidance session with uuid: 'e6a784af-9259-44cf-8bda-a17551fbf5e5' and name 'v++_compile_fir1'
Sun Feb 23 14:42:59 2025: SYSTEM_DIAGRAM: creating session with uuid: 'e6a784af-9259-44cf-8bda-a17551fbf5e5' and name 'v++_compile_fir1'
Sun Feb 23 14:43:08 2025: Dispatch Server: Accepted socket connection from client
Sun Feb 23 14:43:08 2025: Starting Socket connection
Sun Feb 23 14:43:27 2025: SESSION_MGR: closing session for UUID 'e6a784af-9259-44cf-8bda-a17551fbf5e5' with name 'v++_compile_fir1'
Sun Feb 23 14:43:27 2025: KERNEL_SVC: closing session for UUID 'e6a784af-9259-44cf-8bda-a17551fbf5e5' with name 'v++_compile_fir1'
Sun Feb 23 14:43:27 2025: GUIDANCE_SMGR: closing session for UUID 'e6a784af-9259-44cf-8bda-a17551fbf5e5' with name 'v++_compile_fir1'
Sun Feb 23 14:43:27 2025: SYSTEM_DIAGRAM: closing session for UUID 'e6a784af-9259-44cf-8bda-a17551fbf5e5' with name 'v++_compile_fir1'
Sun Feb 23 14:43:27 2025: STOP_SERVER received, server token: 3124f510-ea4c-4b23-8ce6-621329f6b3b9, passed token: 3124f510-ea4c-4b23-8ce6-621329f6b3b9
Sun Feb 23 14:43:27 2025: Socket received request to stop server.
Sun Feb 23 14:43:27 2025: Dispatch Server: do_await_stop
Sun Feb 23 14:43:27 2025: Dispatch Server: stopping mainFifo_
Sun Feb 23 14:43:27 2025: XCD main fifo: Stopping
Sun Feb 23 14:43:27 2025: XCD main fifo: do_read error code: Operation canceled
Sun Feb 23 14:43:27 2025: XCD main fifo: bytes_transferred: 0
Sun Feb 23 14:43:27 2025: SERVER: destructor for server bound to port 44582
Sun Feb 23 14:43:27 2025: XCD main fifo: Good unlink of /tmp/xcdmain3124f510-ea4c-4b23-8ce6-621329f6b3b9
Sun Feb 23 14:43:27 2025: Server exiting with status 0.
Sun Feb 23 14:43:27 2025: Closing log file.
Sun Feb 23 14:49:16 2025: Running xcd server. This server was built by gradle.
Sun Feb 23 14:49:16 2025: Server was asked to start on port: '33605'
Sun Feb 23 14:49:16 2025: Server is using token UUID: '6468854d-6b42-43b8-93fd-26a6d9503a40'
Sun Feb 23 14:49:16 2025: SESSION_MGR: creating session with session uuid: '6d04a3e9-ade5-4ab9-8d63-1f78fcd2ec76' and name 'default'
Sun Feb 23 14:49:16 2025: Attempting to start server on port '33605'
Sun Feb 23 14:49:16 2025: XCD main fifo: created main fifo '/tmp/xcdmain6468854d-6b42-43b8-93fd-26a6d9503a40', fd read = 13
Sun Feb 23 14:49:16 2025: Running Dispatch Server
Sun Feb 23 14:49:16 2025: Version 2.2.0
Sun Feb 23 14:49:17 2025: Dispatch Server: Accepted socket connection from client
Sun Feb 23 14:49:17 2025: Starting Socket connection
Sun Feb 23 14:49:17 2025: EXCHANGE_TOKEN received, server token: 6468854d-6b42-43b8-93fd-26a6d9503a40, passed token: 6468854d-6b42-43b8-93fd-26a6d9503a40
Sun Feb 23 14:49:18 2025: DISPATCH_HANDLER: Adding handler from function makeHandler in library libxv_system_diagram
Sun Feb 23 14:49:18 2025: SESSION_MGR: creating session with session uuid: 'cbfa8b7d-4dba-4326-b3a7-d71f2b88521c' and name 'v++_compile_fir1'
Sun Feb 23 14:49:18 2025: KERNEL_SVC: creating session with uuid: 'cbfa8b7d-4dba-4326-b3a7-d71f2b88521c' and name 'v++_compile_fir1'
Sun Feb 23 14:49:18 2025: GUIDANCE_SMGR: creating guidance session with uuid: 'cbfa8b7d-4dba-4326-b3a7-d71f2b88521c' and name 'v++_compile_fir1'
Sun Feb 23 14:49:18 2025: SYSTEM_DIAGRAM: creating session with uuid: 'cbfa8b7d-4dba-4326-b3a7-d71f2b88521c' and name 'v++_compile_fir1'
Sun Feb 23 14:49:28 2025: Dispatch Server: Accepted socket connection from client
Sun Feb 23 14:49:28 2025: Starting Socket connection
Sun Feb 23 14:49:48 2025: SESSION_MGR: closing session for UUID 'cbfa8b7d-4dba-4326-b3a7-d71f2b88521c' with name 'v++_compile_fir1'
Sun Feb 23 14:49:48 2025: KERNEL_SVC: closing session for UUID 'cbfa8b7d-4dba-4326-b3a7-d71f2b88521c' with name 'v++_compile_fir1'
Sun Feb 23 14:49:48 2025: GUIDANCE_SMGR: closing session for UUID 'cbfa8b7d-4dba-4326-b3a7-d71f2b88521c' with name 'v++_compile_fir1'
Sun Feb 23 14:49:48 2025: SYSTEM_DIAGRAM: closing session for UUID 'cbfa8b7d-4dba-4326-b3a7-d71f2b88521c' with name 'v++_compile_fir1'
Sun Feb 23 14:49:48 2025: STOP_SERVER received, server token: 6468854d-6b42-43b8-93fd-26a6d9503a40, passed token: 6468854d-6b42-43b8-93fd-26a6d9503a40
Sun Feb 23 14:49:48 2025: Socket received request to stop server.
Sun Feb 23 14:49:48 2025: Dispatch Server: do_await_stop
Sun Feb 23 14:49:48 2025: Dispatch Server: stopping mainFifo_
Sun Feb 23 14:49:48 2025: XCD main fifo: Stopping
Sun Feb 23 14:49:48 2025: XCD main fifo: do_read error code: Operation canceled
Sun Feb 23 14:49:48 2025: XCD main fifo: bytes_transferred: 0
Sun Feb 23 14:49:48 2025: SERVER: destructor for server bound to port 33605
Sun Feb 23 14:49:48 2025: XCD main fifo: Good unlink of /tmp/xcdmain6468854d-6b42-43b8-93fd-26a6d9503a40
Sun Feb 23 14:49:48 2025: Server exiting with status 0.
Sun Feb 23 14:49:48 2025: Closing log file.
Sun Feb 23 14:49:55 2025: Running xcd server. This server was built by gradle.
Sun Feb 23 14:49:55 2025: Server was asked to start on port: '46762'
Sun Feb 23 14:49:55 2025: Server is using token UUID: 'dabfcbad-b03a-4297-848a-5fae78c22e2a'
Sun Feb 23 14:49:55 2025: SESSION_MGR: creating session with session uuid: '6d04a3e9-ade5-4ab9-8d63-1f78fcd2ec76' and name 'default'
Sun Feb 23 14:49:55 2025: Attempting to start server on port '46762'
Sun Feb 23 14:49:55 2025: XCD main fifo: created main fifo '/tmp/xcdmaindabfcbad-b03a-4297-848a-5fae78c22e2a', fd read = 12
Sun Feb 23 14:49:55 2025: Running Dispatch Server
Sun Feb 23 14:49:55 2025: Version 2.2.0
Sun Feb 23 14:49:57 2025: Dispatch Server: Accepted socket connection from client
Sun Feb 23 14:49:57 2025: Starting Socket connection
Sun Feb 23 14:49:57 2025: EXCHANGE_TOKEN received, server token: dabfcbad-b03a-4297-848a-5fae78c22e2a, passed token: dabfcbad-b03a-4297-848a-5fae78c22e2a
Sun Feb 23 14:49:57 2025: DISPATCH_HANDLER: Adding handler from function makeHandler in library libxv_system_diagram
Sun Feb 23 14:49:57 2025: SESSION_MGR: creating session with session uuid: '15d1ab95-e894-4a03-998f-773dd8068506' and name 'vitis-run_compile_fir1'
Sun Feb 23 14:49:57 2025: KERNEL_SVC: creating session with uuid: '15d1ab95-e894-4a03-998f-773dd8068506' and name 'vitis-run_compile_fir1'
Sun Feb 23 14:49:57 2025: GUIDANCE_SMGR: creating guidance session with uuid: '15d1ab95-e894-4a03-998f-773dd8068506' and name 'vitis-run_compile_fir1'
Sun Feb 23 14:49:57 2025: SYSTEM_DIAGRAM: creating session with uuid: '15d1ab95-e894-4a03-998f-773dd8068506' and name 'vitis-run_compile_fir1'
Sun Feb 23 14:50:07 2025: Dispatch Server: Accepted socket connection from client
Sun Feb 23 14:50:07 2025: Starting Socket connection
Sun Feb 23 14:51:32 2025: SESSION_MGR: closing session for UUID '15d1ab95-e894-4a03-998f-773dd8068506' with name 'vitis-run_compile_fir1'
Sun Feb 23 14:51:32 2025: KERNEL_SVC: closing session for UUID '15d1ab95-e894-4a03-998f-773dd8068506' with name 'vitis-run_compile_fir1'
Sun Feb 23 14:51:32 2025: GUIDANCE_SMGR: closing session for UUID '15d1ab95-e894-4a03-998f-773dd8068506' with name 'vitis-run_compile_fir1'
Sun Feb 23 14:51:32 2025: SYSTEM_DIAGRAM: closing session for UUID '15d1ab95-e894-4a03-998f-773dd8068506' with name 'vitis-run_compile_fir1'
Sun Feb 23 14:51:32 2025: STOP_SERVER received, server token: dabfcbad-b03a-4297-848a-5fae78c22e2a, passed token: dabfcbad-b03a-4297-848a-5fae78c22e2a
Sun Feb 23 14:51:32 2025: Socket received request to stop server.
Sun Feb 23 14:51:32 2025: Dispatch Server: do_await_stop
Sun Feb 23 14:51:32 2025: Dispatch Server: stopping mainFifo_
Sun Feb 23 14:51:32 2025: XCD main fifo: Stopping
Sun Feb 23 14:51:32 2025: XCD main fifo: do_read error code: Operation canceled
Sun Feb 23 14:51:32 2025: XCD main fifo: bytes_transferred: 0
Sun Feb 23 14:51:32 2025: SERVER: destructor for server bound to port 46762
Sun Feb 23 14:51:32 2025: XCD main fifo: Good unlink of /tmp/xcdmaindabfcbad-b03a-4297-848a-5fae78c22e2a
Sun Feb 23 14:51:32 2025: Server exiting with status 0.
Sun Feb 23 14:51:32 2025: Closing log file.
Sun Feb 23 14:51:54 2025: Running xcd server. This server was built by gradle.
Sun Feb 23 14:51:54 2025: Server was asked to start on port: '35337'
Sun Feb 23 14:51:54 2025: Server is using token UUID: '2c27c797-7ddc-47ab-90cd-d72f4400ae96'
Sun Feb 23 14:51:54 2025: SESSION_MGR: creating session with session uuid: '6d04a3e9-ade5-4ab9-8d63-1f78fcd2ec76' and name 'default'
Sun Feb 23 14:51:54 2025: Attempting to start server on port '35337'
Sun Feb 23 14:51:54 2025: XCD main fifo: created main fifo '/tmp/xcdmain2c27c797-7ddc-47ab-90cd-d72f4400ae96', fd read = 13
Sun Feb 23 14:51:54 2025: Running Dispatch Server
Sun Feb 23 14:51:54 2025: Version 2.2.0
Sun Feb 23 14:51:55 2025: Dispatch Server: Accepted socket connection from client
Sun Feb 23 14:51:55 2025: Starting Socket connection
Sun Feb 23 14:51:55 2025: EXCHANGE_TOKEN received, server token: 2c27c797-7ddc-47ab-90cd-d72f4400ae96, passed token: 2c27c797-7ddc-47ab-90cd-d72f4400ae96
Sun Feb 23 14:51:56 2025: DISPATCH_HANDLER: Adding handler from function makeHandler in library libxv_system_diagram
Sun Feb 23 14:51:56 2025: SESSION_MGR: creating session with session uuid: 'f9a7af06-3740-44a4-a63e-3d0e1fc83e20' and name 'vitis-run_compile_fir1'
Sun Feb 23 14:51:56 2025: KERNEL_SVC: creating session with uuid: 'f9a7af06-3740-44a4-a63e-3d0e1fc83e20' and name 'vitis-run_compile_fir1'
Sun Feb 23 14:51:56 2025: GUIDANCE_SMGR: creating guidance session with uuid: 'f9a7af06-3740-44a4-a63e-3d0e1fc83e20' and name 'vitis-run_compile_fir1'
Sun Feb 23 14:51:56 2025: SYSTEM_DIAGRAM: creating session with uuid: 'f9a7af06-3740-44a4-a63e-3d0e1fc83e20' and name 'vitis-run_compile_fir1'
Sun Feb 23 14:52:05 2025: Dispatch Server: Accepted socket connection from client
Sun Feb 23 14:52:05 2025: Starting Socket connection
Sun Feb 23 14:52:41 2025: SESSION_MGR: closing session for UUID 'f9a7af06-3740-44a4-a63e-3d0e1fc83e20' with name 'vitis-run_compile_fir1'
Sun Feb 23 14:52:41 2025: KERNEL_SVC: closing session for UUID 'f9a7af06-3740-44a4-a63e-3d0e1fc83e20' with name 'vitis-run_compile_fir1'
Sun Feb 23 14:52:41 2025: GUIDANCE_SMGR: closing session for UUID 'f9a7af06-3740-44a4-a63e-3d0e1fc83e20' with name 'vitis-run_compile_fir1'
Sun Feb 23 14:52:41 2025: SYSTEM_DIAGRAM: closing session for UUID 'f9a7af06-3740-44a4-a63e-3d0e1fc83e20' with name 'vitis-run_compile_fir1'
Sun Feb 23 14:52:41 2025: STOP_SERVER received, server token: 2c27c797-7ddc-47ab-90cd-d72f4400ae96, passed token: 2c27c797-7ddc-47ab-90cd-d72f4400ae96
Sun Feb 23 14:52:41 2025: Socket received request to stop server.
Sun Feb 23 14:52:41 2025: Dispatch Server: do_await_stop
Sun Feb 23 14:52:41 2025: Dispatch Server: stopping mainFifo_
Sun Feb 23 14:52:41 2025: XCD main fifo: Stopping
Sun Feb 23 14:52:41 2025: XCD main fifo: do_read error code: Operation canceled
Sun Feb 23 14:52:41 2025: XCD main fifo: bytes_transferred: 0
Sun Feb 23 14:52:41 2025: SERVER: destructor for server bound to port 35337
Sun Feb 23 14:52:41 2025: XCD main fifo: Good unlink of /tmp/xcdmain2c27c797-7ddc-47ab-90cd-d72f4400ae96
Sun Feb 23 14:52:41 2025: Server exiting with status 0.
Sun Feb 23 14:52:41 2025: Closing log file.
Sun Feb 23 14:53:02 2025: Running xcd server. This server was built by gradle.
Sun Feb 23 14:53:02 2025: Server was asked to start on port: '34787'
Sun Feb 23 14:53:02 2025: Server is using token UUID: 'c0190128-6820-499d-9e04-de3af52660ca'
Sun Feb 23 14:53:02 2025: SESSION_MGR: creating session with session uuid: '6d04a3e9-ade5-4ab9-8d63-1f78fcd2ec76' and name 'default'
Sun Feb 23 14:53:02 2025: Attempting to start server on port '34787'
Sun Feb 23 14:53:02 2025: XCD main fifo: created main fifo '/tmp/xcdmainc0190128-6820-499d-9e04-de3af52660ca', fd read = 13
Sun Feb 23 14:53:02 2025: Running Dispatch Server
Sun Feb 23 14:53:02 2025: Version 2.2.0
Sun Feb 23 14:53:03 2025: Dispatch Server: Accepted socket connection from client
Sun Feb 23 14:53:03 2025: Starting Socket connection
Sun Feb 23 14:53:03 2025: EXCHANGE_TOKEN received, server token: c0190128-6820-499d-9e04-de3af52660ca, passed token: c0190128-6820-499d-9e04-de3af52660ca
Sun Feb 23 14:53:04 2025: DISPATCH_HANDLER: Adding handler from function makeHandler in library libxv_system_diagram
Sun Feb 23 14:53:04 2025: SESSION_MGR: creating session with session uuid: 'b75d7545-5e3c-4fc8-a549-c48086e6f36d' and name 'vitis-run_compile_fir1'
Sun Feb 23 14:53:04 2025: KERNEL_SVC: creating session with uuid: 'b75d7545-5e3c-4fc8-a549-c48086e6f36d' and name 'vitis-run_compile_fir1'
Sun Feb 23 14:53:04 2025: GUIDANCE_SMGR: creating guidance session with uuid: 'b75d7545-5e3c-4fc8-a549-c48086e6f36d' and name 'vitis-run_compile_fir1'
Sun Feb 23 14:53:04 2025: SYSTEM_DIAGRAM: creating session with uuid: 'b75d7545-5e3c-4fc8-a549-c48086e6f36d' and name 'vitis-run_compile_fir1'
Sun Feb 23 14:53:14 2025: Dispatch Server: Accepted socket connection from client
Sun Feb 23 14:53:14 2025: Starting Socket connection
Sun Feb 23 14:54:39 2025: Dispatch Server: Accepted socket connection from client
Sun Feb 23 14:54:39 2025: Starting Socket connection
Sun Feb 23 14:57:01 2025: Dispatch Server: Accepted socket connection from client
Sun Feb 23 14:57:01 2025: Starting Socket connection
Sun Feb 23 14:59:18 2025: Dispatch Server: Accepted socket connection from client
Sun Feb 23 14:59:18 2025: Starting Socket connection
Sun Feb 23 15:03:17 2025: SESSION_MGR: closing session for UUID 'b75d7545-5e3c-4fc8-a549-c48086e6f36d' with name 'vitis-run_compile_fir1'
Sun Feb 23 15:03:17 2025: KERNEL_SVC: closing session for UUID 'b75d7545-5e3c-4fc8-a549-c48086e6f36d' with name 'vitis-run_compile_fir1'
Sun Feb 23 15:03:17 2025: GUIDANCE_SMGR: closing session for UUID 'b75d7545-5e3c-4fc8-a549-c48086e6f36d' with name 'vitis-run_compile_fir1'
Sun Feb 23 15:03:17 2025: SYSTEM_DIAGRAM: closing session for UUID 'b75d7545-5e3c-4fc8-a549-c48086e6f36d' with name 'vitis-run_compile_fir1'
Sun Feb 23 15:03:17 2025: STOP_SERVER received, server token: c0190128-6820-499d-9e04-de3af52660ca, passed token: c0190128-6820-499d-9e04-de3af52660ca
Sun Feb 23 15:03:17 2025: Socket received request to stop server.
Sun Feb 23 15:03:17 2025: Dispatch Server: do_await_stop
Sun Feb 23 15:03:17 2025: Dispatch Server: stopping mainFifo_
Sun Feb 23 15:03:17 2025: XCD main fifo: Stopping
Sun Feb 23 15:03:17 2025: XCD main fifo: do_read error code: Operation canceled
Sun Feb 23 15:03:17 2025: XCD main fifo: bytes_transferred: 0
Sun Feb 23 15:03:17 2025: SERVER: destructor for server bound to port 34787
Sun Feb 23 15:03:17 2025: XCD main fifo: Good unlink of /tmp/xcdmainc0190128-6820-499d-9e04-de3af52660ca
Sun Feb 23 15:03:17 2025: Server exiting with status 0.
Sun Feb 23 15:03:17 2025: Closing log file.
