#-----------------------------------------------------------
# Vivado v2024.2 (64-bit)
# SW Build 5239630 on Fri Nov 08 22:34:34 MST 2024
# IP Build 5239520 on Sun Nov 10 16:12:51 MST 2024
# SharedData Build 5239561 on Fri Nov 08 14:39:27 MST 2024
# Start of session at: Sun Feb 23 14:50:26 2025
# Process ID         : 23054
# Current directory  : /ecel/UFAD/qlopezscarim/Desktop/lab5_vitis/fir1/fir1/hls/.autopilot/db/ip_tmp
# Command line       : vivado  -notrace -log vivado.log -mode batch -source run_vivado_gen_ip.tcl
# Log file           : /ecel/UFAD/qlopezscarim/Desktop/lab5_vitis/fir1/fir1/hls/.autopilot/db/ip_tmp/vivado.log
# Journal file       : /ecel/UFAD/qlopezscarim/Desktop/lab5_vitis/fir1/fir1/hls/.autopilot/db/ip_tmp/vivado.jou
# Running On         : ece-lnx-4511c
# Platform           : RedHatEnterpriseServer
# Operating System   : Red Hat Enterprise Linux Server release 7.9 (Maipo)
# Processor Detail   : Intel(R) Xeon(R) Gold 6146 CPU @ 3.20GHz
# CPU Frequency      : 3192.499 MHz
# CPU Physical cores : 12
# CPU Logical cores  : 12
# Host memory        : 135028 MB
# Swap memory        : 68715 MB
# Total Virtual      : 203743 MB
# Available Virtual  : 179466 MB
#-----------------------------------------------------------
source run_vivado_gen_ip.tcl -notrace
create_project: Time (s): cpu = 00:00:06 ; elapsed = 00:00:08 . Memory (MB): peak = 1637.805 ; gain = 76.828 ; free physical = 98626 ; free virtual = 170644
INFO: [IP_Flow 19-234] Refreshing IP repositories
INFO: [IP_Flow 19-1704] No user IP repositories specified
INFO: [IP_Flow 19-2313] Loaded Vivado IP repository '/apps/xilinx24/Vivado/2024.2/data/ip'.
INFO: [IP_Flow 19-1686] Generating 'Synthesis' target for IP 'top_fpext_32ns_64_2_no_dsp_1_ip'...
INFO: [IP_Flow 19-1686] Generating 'Simulation' target for IP 'top_fpext_32ns_64_2_no_dsp_1_ip'...
INFO: [Common 17-206] Exiting Vivado at Sun Feb 23 14:51:01 2025...
