================================================================
== Design Size Report
================================================================

* Total Instructions per Compilation Phase
+---------------+-----------------------------+--------------+----------------------------------------------------------------------------------------+
| Phase         | Step                        | Instructions | Description                                                                            |
+---------------+-----------------------------+--------------+----------------------------------------------------------------------------------------+
| Compile/Link  |                             | 1,435        | After all functions are compiled and linked into a single design                       |
|               |                             |              |                                                                                        |
| Unroll/Inline |                             |              | After user unroll and inline pragmas are applied                                       |
|               | (1) unroll                  |   311        | user unroll pragmas are applied                                                        |
|               | (2) simplification          |   219        | simplification of applied user unroll pragmas                                          |
|               | (3) inline                  |   221        | user inline pragmas are applied                                                        |
|               | (4) simplification          |   213        | simplification of applied user inline pragmas                                          |
|               |                             |              |                                                                                        |
| Array/Struct  |                             |              | After user array partition and struct aggregate/disaggregate pragmas are applied       |
|               | (1) array partition         |   289        | user array partition pragmas are applied                                               |
|               | (2) simplification          |   288        | simplification of applied user array partition & struct aggregate/disaggregate pragmas |
|               | (3) aggregate/disaggregate  |   288        | user struct aggregate/disaggregate pragmas are applied                                 |
|               | (4) array reshape           |   288        | apply array reshape pragmas                                                            |
|               | (5) access patterns         |   360        | array access pattern optmizations                                                      |
|               |                             |              |                                                                                        |
| Performance   |                             |              | After transformations are applied to meet performance pragma targets                   |
|               | (1) loop simplification     |   318        | loop and instruction simplification                                                    |
|               | (2) parallelization         |   371        | loops are unrolled or pipelined to meet performance targets                            |
|               | (3) array partition         |   367        | arrays are partitioned to meet performance targets                                     |
|               | (4) simplification          |   340        | simplification of design after performance transformations                             |
|               |                             |              |                                                                                        |
| HW Transforms |                             |              | After hardware transfomations                                                          |
|               | (1) lowering                |   341        | initial conversion to HW specific instructions                                         |
|               | (2) optimizations           |   352        | high level synthesis optimizations                                                     |
+---------------+-----------------------------+--------------+----------------------------------------------------------------------------------------+

* Instructions per Function for each Compilation Phase
+---------------+------------+--------------+---------------+--------------+-------------+---------------+
| Function      | Location   | Compile/Link | Unroll/Inline | Array/Struct | Performance | HW Transforms |
+---------------+------------+--------------+---------------+--------------+-------------+---------------+
| + top         | fir.cpp:62 | 1,435        | 213           | 360          | 340         | 352           |
|    read_task  | fir.cpp:40 |  423         |  59           |  71          |  72         |  75           |
|    fir        | fir.cpp:7  |  849         |  65           | 186          | 166         | 167           |
|    write_task | fir.cpp:51 |  143         |  73           |  87          |  86         |  90           |
+---------------+------------+--------------+---------------+--------------+-------------+---------------+

* Design Size Message Settings
+---------------------------------------------+--------+------------------------------------------------------------------+
| Message Setting                             | Value  | Description                                                      |
+---------------------------------------------+--------+------------------------------------------------------------------+
| config_compile -design_size_maximum_warning | 100000 | Show a warning when total design instructions exceeds this value |
+---------------------------------------------+--------+------------------------------------------------------------------+


