

================================================================
== Vitis HLS Report for 'write_task_Pipeline_VITIS_LOOP_54_1'
================================================================
* Date:           Sun Feb 23 14:49:45 2025

* Version:        2024.2 (Build 5238294 on Nov  8 2024)
* Project:        fir1
* Solution:       hls (Vitis Kernel Flow Target)
* Product family: zynquplusRFSOC
* Target device:  xczu48dr-ffvg1517-2-e


================================================================
== Performance Estimates
================================================================
+ Timing: 
    * Summary: 
    +--------+---------+----------+------------+
    |  Clock |  Target | Estimated| Uncertainty|
    +--------+---------+----------+------------+
    |ap_clk  |  5.00 ns|  3.650 ns|     1.35 ns|
    +--------+---------+----------+------------+

+ Latency: 
    * Summary: 
    +---------+---------+-----------+----------+-----+------+------------------------------------------------+
    |  Latency (cycles) |  Latency (absolute)  |  Interval  |                    Pipeline                    |
    |   min   |   max   |    min    |    max   | min |  max |                      Type                      |
    +---------+---------+-----------+----------+-----+------+------------------------------------------------+
    |        2|     1004|  10.000 ns|  5.020 us|    1|  1001|  loop auto-rewind stp (delay=0 clock cycles(s))|
    +---------+---------+-----------+----------+-----+------+------------------------------------------------+

    + Detail: 
        * Instance: 
        N/A

        * Loop: 
        +-------------------+---------+---------+----------+-----------+-----------+----------+----------+
        |                   |  Latency (cycles) | Iteration|  Initiation Interval  |   Trip   |          |
        |     Loop Name     |   min   |   max   |  Latency |  achieved |   target  |   Count  | Pipelined|
        +-------------------+---------+---------+----------+-----------+-----------+----------+----------+
        |- VITIS_LOOP_54_1  |        0|     1002|         4|          1|          1|  0 ~ 1000|       yes|
        +-------------------+---------+---------+----------+-----------+-----------+----------+----------+



================================================================
== Utilization Estimates
================================================================
* Summary: 
+-----------------+---------+------+--------+--------+-----+
|       Name      | BRAM_18K|  DSP |   FF   |   LUT  | URAM|
+-----------------+---------+------+--------+--------+-----+
|DSP              |        -|     -|       -|       -|    -|
|Expression       |        -|     -|       0|     573|    -|
|FIFO             |        -|     -|       -|       -|    -|
|Instance         |        -|     -|       0|      25|    -|
|Memory           |        -|     -|       -|       -|    -|
|Multiplexer      |        -|     -|       0|      54|    -|
|Register         |        -|     -|     385|      32|    -|
+-----------------+---------+------+--------+--------+-----+
|Total            |        0|     0|     385|     684|    0|
+-----------------+---------+------+--------+--------+-----+
|Available        |     2160|  4272|  850560|  425280|   80|
+-----------------+---------+------+--------+--------+-----+
|Utilization (%)  |        0|     0|      ~0|      ~0|    0|
+-----------------+---------+------+--------+--------+-----+

+ Detail: 
    * Instance: 
    +--------------------+----------------+---------+----+---+----+-----+
    |      Instance      |     Module     | BRAM_18K| DSP| FF| LUT| URAM|
    +--------------------+----------------+---------+----+---+----+-----+
    |ctlz_19_19_1_1_U30  |ctlz_19_19_1_1  |        0|   0|  0|  25|    0|
    +--------------------+----------------+---------+----+---+----+-----+
    |Total               |                |        0|   0|  0|  25|    0|
    +--------------------+----------------+---------+----+---+----+-----+

    * DSP: 
    N/A

    * Memory: 
    N/A

    * FIFO: 
    N/A

    * Expression: 
    +---------------------------+----------+----+---+-----+------------+------------+
    |       Variable Name       | Operation| DSP| FF| LUT | Bitwidth P0| Bitwidth P1|
    +---------------------------+----------+----+---+-----+------------+------------+
    |add_ln54_fu_170_p2         |         +|   0|  0|   38|          31|           1|
    |add_ln58_1_fu_293_p2       |         +|   0|  0|   15|           8|           8|
    |add_ln58_fu_239_p2         |         +|   0|  0|   12|           5|           3|
    |sub_ln58_1_fu_284_p2       |         -|   0|  0|   12|           2|           5|
    |sub_ln58_fu_210_p2         |         -|   0|  0|   26|           1|          19|
    |pi_assign_fu_306_p5        |      1003|   0|  0|    2|          64|           9|
    |ap_block_pp0_stage0_11001  |       and|   0|  0|    2|           1|           1|
    |ap_block_state4_io_grp1    |       and|   0|  0|    2|           1|           1|
    |icmp_ln54_fu_164_p2        |      icmp|   0|  0|   39|          32|          32|
    |icmp_ln58_1_fu_185_p2      |      icmp|   0|  0|   10|           3|           2|
    |icmp_ln58_fu_196_p2        |      icmp|   0|  0|   26|          19|           1|
    |empty_fu_322_p3            |    select|   0|  0|   32|           1|           1|
    |select_ln58_1_fu_276_p3    |    select|   0|  0|    7|           1|           7|
    |select_ln58_2_fu_366_p3    |    select|   0|  0|  192|           1|           1|
    |select_ln58_fu_216_p3      |    select|   0|  0|   18|           1|          19|
    |shl_ln58_fu_248_p2         |       shl|   0|  0|  138|          43|          43|
    |ap_enable_pp0              |       xor|   0|  0|    2|           1|           2|
    +---------------------------+----------+----+---+-----+------------+------------+
    |Total                      |          |   0|  0|  573|         215|         155|
    +---------------------------+----------+----+---+-----+------------+------------+

    * Multiplexer: 
    +-------------------------+----+-----------+-----+-----------+
    |           Name          | LUT| Input Size| Bits| Total Bits|
    +-------------------------+----+-----------+-----+-----------+
    |ap_done_int              |   9|          2|    1|          2|
    |ap_enable_reg_pp0_iter1  |   9|          2|    1|          2|
    |ap_sig_allocacmp_i_1     |   9|          2|   31|         62|
    |gmem_blk_n_W             |   9|          2|    1|          2|
    |i_fu_106                 |   9|          2|   31|         62|
    |phi_ln58_fu_102          |   9|          2|  224|        448|
    +-------------------------+----+-----------+-----+-----------+
    |Total                    |  54|         12|  289|        578|
    +-------------------------+----+-----------+-----+-----------+

    * Register: 
    +----------------------------------+-----+----+-----+-----------+
    |               Name               |  FF | LUT| Bits| Const Bits|
    +----------------------------------+-----+----+-----+-----------+
    |ap_CS_fsm                         |    1|   0|    1|          0|
    |ap_done_reg                       |    1|   0|    1|          0|
    |ap_enable_reg_pp0_iter1           |    1|   0|    1|          0|
    |ap_enable_reg_pp0_iter2           |    1|   0|    1|          0|
    |ap_enable_reg_pp0_iter3           |    1|   0|    1|          0|
    |ap_loop_exit_ready_pp0_iter1_reg  |    1|   0|    1|          0|
    |ap_loop_exit_ready_pp0_iter2_reg  |    1|   0|    1|          0|
    |empty_reg_433                     |   32|   0|   32|          0|
    |i_fu_106                          |   31|   0|   31|          0|
    |icmp_ln58_1_reg_407               |    1|   0|    1|          0|
    |icmp_ln58_reg_412                 |    1|   0|    1|          0|
    |phi_ln58_fu_102                   |  224|   0|  224|          0|
    |select_ln58_reg_422               |   19|   0|   19|          0|
    |tmp_reg_417                       |    1|   0|    1|          0|
    |trunc_ln58_reg_427                |    5|   0|    5|          0|
    |icmp_ln58_1_reg_407               |   64|  32|    1|          0|
    +----------------------------------+-----+----+-----+-----------+
    |Total                             |  385|  32|  322|          0|
    +----------------------------------+-----+----+-----+-----------+



================================================================
== Interface
================================================================
* Summary: 
+-----------------------+-----+-----+------------+-------------------------------------+--------------+
|       RTL Ports       | Dir | Bits|  Protocol  |            Source Object            |    C Type    |
+-----------------------+-----+-----+------------+-------------------------------------+--------------+
|ap_clk                 |   in|    1|  ap_ctrl_hs|  write_task_Pipeline_VITIS_LOOP_54_1|  return value|
|ap_rst                 |   in|    1|  ap_ctrl_hs|  write_task_Pipeline_VITIS_LOOP_54_1|  return value|
|ap_start               |   in|    1|  ap_ctrl_hs|  write_task_Pipeline_VITIS_LOOP_54_1|  return value|
|ap_done                |  out|    1|  ap_ctrl_hs|  write_task_Pipeline_VITIS_LOOP_54_1|  return value|
|ap_idle                |  out|    1|  ap_ctrl_hs|  write_task_Pipeline_VITIS_LOOP_54_1|  return value|
|ap_ready               |  out|    1|  ap_ctrl_hs|  write_task_Pipeline_VITIS_LOOP_54_1|  return value|
|m_axi_gmem_0_AWVALID   |  out|    1|       m_axi|                                 gmem|       pointer|
|m_axi_gmem_0_AWREADY   |   in|    1|       m_axi|                                 gmem|       pointer|
|m_axi_gmem_0_AWADDR    |  out|   64|       m_axi|                                 gmem|       pointer|
|m_axi_gmem_0_AWID      |  out|    1|       m_axi|                                 gmem|       pointer|
|m_axi_gmem_0_AWLEN     |  out|   32|       m_axi|                                 gmem|       pointer|
|m_axi_gmem_0_AWSIZE    |  out|    3|       m_axi|                                 gmem|       pointer|
|m_axi_gmem_0_AWBURST   |  out|    2|       m_axi|                                 gmem|       pointer|
|m_axi_gmem_0_AWLOCK    |  out|    2|       m_axi|                                 gmem|       pointer|
|m_axi_gmem_0_AWCACHE   |  out|    4|       m_axi|                                 gmem|       pointer|
|m_axi_gmem_0_AWPROT    |  out|    3|       m_axi|                                 gmem|       pointer|
|m_axi_gmem_0_AWQOS     |  out|    4|       m_axi|                                 gmem|       pointer|
|m_axi_gmem_0_AWREGION  |  out|    4|       m_axi|                                 gmem|       pointer|
|m_axi_gmem_0_AWUSER    |  out|    1|       m_axi|                                 gmem|       pointer|
|m_axi_gmem_0_WVALID    |  out|    1|       m_axi|                                 gmem|       pointer|
|m_axi_gmem_0_WREADY    |   in|    1|       m_axi|                                 gmem|       pointer|
|m_axi_gmem_0_WDATA     |  out|  256|       m_axi|                                 gmem|       pointer|
|m_axi_gmem_0_WSTRB     |  out|   32|       m_axi|                                 gmem|       pointer|
|m_axi_gmem_0_WLAST     |  out|    1|       m_axi|                                 gmem|       pointer|
|m_axi_gmem_0_WID       |  out|    1|       m_axi|                                 gmem|       pointer|
|m_axi_gmem_0_WUSER     |  out|    1|       m_axi|                                 gmem|       pointer|
|m_axi_gmem_0_ARVALID   |  out|    1|       m_axi|                                 gmem|       pointer|
|m_axi_gmem_0_ARREADY   |   in|    1|       m_axi|                                 gmem|       pointer|
|m_axi_gmem_0_ARADDR    |  out|   64|       m_axi|                                 gmem|       pointer|
|m_axi_gmem_0_ARID      |  out|    1|       m_axi|                                 gmem|       pointer|
|m_axi_gmem_0_ARLEN     |  out|   32|       m_axi|                                 gmem|       pointer|
|m_axi_gmem_0_ARSIZE    |  out|    3|       m_axi|                                 gmem|       pointer|
|m_axi_gmem_0_ARBURST   |  out|    2|       m_axi|                                 gmem|       pointer|
|m_axi_gmem_0_ARLOCK    |  out|    2|       m_axi|                                 gmem|       pointer|
|m_axi_gmem_0_ARCACHE   |  out|    4|       m_axi|                                 gmem|       pointer|
|m_axi_gmem_0_ARPROT    |  out|    3|       m_axi|                                 gmem|       pointer|
|m_axi_gmem_0_ARQOS     |  out|    4|       m_axi|                                 gmem|       pointer|
|m_axi_gmem_0_ARREGION  |  out|    4|       m_axi|                                 gmem|       pointer|
|m_axi_gmem_0_ARUSER    |  out|    1|       m_axi|                                 gmem|       pointer|
|m_axi_gmem_0_RVALID    |   in|    1|       m_axi|                                 gmem|       pointer|
|m_axi_gmem_0_RREADY    |  out|    1|       m_axi|                                 gmem|       pointer|
|m_axi_gmem_0_RDATA     |   in|  256|       m_axi|                                 gmem|       pointer|
|m_axi_gmem_0_RLAST     |   in|    1|       m_axi|                                 gmem|       pointer|
|m_axi_gmem_0_RID       |   in|    1|       m_axi|                                 gmem|       pointer|
|m_axi_gmem_0_RFIFONUM  |   in|    9|       m_axi|                                 gmem|       pointer|
|m_axi_gmem_0_RUSER     |   in|    1|       m_axi|                                 gmem|       pointer|
|m_axi_gmem_0_RRESP     |   in|    2|       m_axi|                                 gmem|       pointer|
|m_axi_gmem_0_BVALID    |   in|    1|       m_axi|                                 gmem|       pointer|
|m_axi_gmem_0_BREADY    |  out|    1|       m_axi|                                 gmem|       pointer|
|m_axi_gmem_0_BRESP     |   in|    2|       m_axi|                                 gmem|       pointer|
|m_axi_gmem_0_BID       |   in|    1|       m_axi|                                 gmem|       pointer|
|m_axi_gmem_0_BUSER     |   in|    1|       m_axi|                                 gmem|       pointer|
|p_read                 |   in|   32|     ap_none|                               p_read|        scalar|
|sext_ln54              |   in|   59|     ap_none|                            sext_ln54|        scalar|
|output_r_address0      |  out|   10|   ap_memory|                             output_r|         array|
|output_r_ce0           |  out|    1|   ap_memory|                             output_r|         array|
|output_r_q0            |   in|   19|   ap_memory|                             output_r|         array|
+-----------------------+-----+-----+------------+-------------------------------------+--------------+

