

================================================================
== Vitis HLS Report for 'write_task'
================================================================
* Date:           Sun Feb 23 14:49:44 2025

* Version:        2024.2 (Build 5238294 on Nov  8 2024)
* Project:        fir1
* Solution:       hls (Vitis Kernel Flow Target)
* Product family: zynquplusRFSOC
* Target device:  xczu48dr-ffvg1517-2-e


================================================================
== Performance Estimates
================================================================
+ Timing: 
    * Summary: 
    +--------+---------+----------+------------+
    |  Clock |  Target | Estimated| Uncertainty|
    +--------+---------+----------+------------+
    |ap_clk  |  5.00 ns|  3.650 ns|     1.35 ns|
    +--------+---------+----------+------------+

+ Latency: 
    * Summary: 
    +---------+---------+----------+----------+-----+------+---------+
    |  Latency (cycles) |  Latency (absolute) |  Interval  | Pipeline|
    |   min   |   max   |    min   |    max   | min |  max |   Type  |
    +---------+---------+----------+----------+-----+------+---------+
    |       73|     1075|  0.365 us|  5.375 us|   73|  1075|       no|
    +---------+---------+----------+----------+-----+------+---------+

    + Detail: 
        * Instance: 
        +-----------------------------------------------+-------------------------------------+---------+---------+-----------+----------+-----+------+------------------------------------------------+
        |                                               |                                     |  Latency (cycles) |  Latency (absolute)  |  Interval  |                    Pipeline                    |
        |                    Instance                   |                Module               |   min   |   max   |    min    |    max   | min |  max |                      Type                      |
        +-----------------------------------------------+-------------------------------------+---------+---------+-----------+----------+-----+------+------------------------------------------------+
        |grp_write_task_Pipeline_VITIS_LOOP_54_1_fu_79  |write_task_Pipeline_VITIS_LOOP_54_1  |        2|     1004|  10.000 ns|  5.020 us|    1|  1001|  loop auto-rewind stp (delay=0 clock cycles(s))|
        +-----------------------------------------------+-------------------------------------+---------+---------+-----------+----------+-----+------+------------------------------------------------+

        * Loop: 
        N/A

============================================================
+ Verbose Summary: Synthesis Manager
============================================================
InlineROM: 1
ExposeGlobal: 0
============================================================
+ Verbose Summary: CDFG Model
============================================================
IsTopModel: 0
ResetActiveHigh: 1
IsCombinational: 2
IsDatapathOnly: 0
HasWiredReturn: 1
HasMFsm: 0
HasVarLatency: 1
IsPipeline: 0
IsRtlPipelined: 0
IsInstanceOverlapped: 0
IsDontTouch: 0
HasImplIP: 0
IsGatedGlobalClock: 0


============================================================
+ Verbose Summary: Schedule
============================================================
* Number of FSM states : 72
* Pipeline : 0
* Dataflow Pipeline: 0

* FSM state transitions: 
1 --> 2 
2 --> 3 
3 --> 4 
4 --> 5 
5 --> 6 
6 --> 7 
7 --> 8 
8 --> 9 
9 --> 10 
10 --> 11 
11 --> 12 
12 --> 13 
13 --> 14 
14 --> 15 
15 --> 16 
16 --> 17 
17 --> 18 
18 --> 19 
19 --> 20 
20 --> 21 
21 --> 22 
22 --> 23 
23 --> 24 
24 --> 25 
25 --> 26 
26 --> 27 
27 --> 28 
28 --> 29 
29 --> 30 
30 --> 31 
31 --> 32 
32 --> 33 
33 --> 34 
34 --> 35 
35 --> 36 
36 --> 37 
37 --> 38 
38 --> 39 
39 --> 40 
40 --> 41 
41 --> 42 
42 --> 43 
43 --> 44 
44 --> 45 
45 --> 46 
46 --> 47 
47 --> 48 
48 --> 49 
49 --> 50 
50 --> 51 
51 --> 52 
52 --> 53 
53 --> 54 
54 --> 55 
55 --> 56 
56 --> 57 
57 --> 58 
58 --> 59 
59 --> 60 
60 --> 61 
61 --> 62 
62 --> 63 
63 --> 64 
64 --> 65 
65 --> 66 
66 --> 67 
67 --> 68 
68 --> 69 
69 --> 70 
70 --> 71 
71 --> 72 
72 --> 

* FSM state operations: 

State 1 <SV = 0> <Delay = 3.16>
ST_1 : Operation 73 [1/1] (1.82ns)   --->   "%p_read_2 = read i32 @_ssdm_op_Read.ap_auto.i32, i32 %p_read"   --->   Operation 73 'read' 'p_read_2' <Predicate = true> <Delay = 1.82> <CoreInst = "FIFO_SRL">   --->   Core 80 'FIFO_SRL' <Latency = 0> <II = 1> <Delay = 1.83> <Storage> <Opcode : 'read' 'write' 'nbread' 'nbwrite'> <Ports = 0> <Width = -1> <Depth = -1> <FIFO>
ST_1 : Operation 74 [1/1] ( I:1.82ns O:1.82ns )   --->   "%out_1 = read i64 @_ssdm_op_Read.ap_fifo.i64P0A, i64 %out_r"   --->   Operation 74 'read' 'out_1' <Predicate = true> <Delay = 1.82> <CoreInst = "FIFO_SRL">   --->   Core 80 'FIFO_SRL' <Latency = 0> <II = 1> <Delay = 1.83> <Storage> <Opcode : 'read' 'write' 'nbread' 'nbwrite'> <Ports = 0> <Width = 64> <Depth = 4> <FIFO>
ST_1 : Operation 75 [1/1] (1.01ns)   --->   "%icmp_ln54 = icmp_sgt  i32 %p_read_2, i32 0" [fir.cpp:54]   --->   Operation 75 'icmp' 'icmp_ln54' <Predicate = true> <Delay = 1.01> <CoreInst = "Cmp">   --->   Core 9 'Cmp' <Latency = 0> <II = 1> <Delay = 1.01> <FuncUnit> <Opcode : 'seteq' 'setne' 'setle' 'setge' 'setlt' 'setgt'> <InPorts = 2> <OutPorts = 1>
ST_1 : Operation 76 [1/1] (0.00ns)   --->   "%trunc_ln54_1 = partselect i28 @_ssdm_op_PartSelect.i28.i32.i32.i32, i32 %p_read_2, i32 3, i32 30" [fir.cpp:54]   --->   Operation 76 'partselect' 'trunc_ln54_1' <Predicate = true> <Delay = 0.00>
ST_1 : Operation 77 [1/1] (0.00ns)   --->   "%trunc_ln = partselect i59 @_ssdm_op_PartSelect.i59.i64.i32.i32, i64 %out_1, i32 5, i32 63" [fir.cpp:54]   --->   Operation 77 'partselect' 'trunc_ln' <Predicate = true> <Delay = 0.00>
ST_1 : Operation 78 [1/1] (0.32ns)   --->   "%empty_47 = select i1 %icmp_ln54, i28 %trunc_ln54_1, i28 0" [fir.cpp:54]   --->   Operation 78 'select' 'empty_47' <Predicate = true> <Delay = 0.32> <CoreInst = "Sel">   --->   Core 73 'Sel' <Latency = 0> <II = 1> <Delay = 0.32> <FuncUnit> <Opcode : 'select'> <InPorts = 3> <OutPorts = 1>

State 2 <SV = 1> <Delay = 3.65>
ST_2 : Operation 79 [1/1] (0.00ns)   --->   "%sext_ln54 = sext i59 %trunc_ln" [fir.cpp:54]   --->   Operation 79 'sext' 'sext_ln54' <Predicate = true> <Delay = 0.00>
ST_2 : Operation 80 [1/1] (0.00ns)   --->   "%gmem_addr = getelementptr i256 %gmem, i64 %sext_ln54" [fir.cpp:54]   --->   Operation 80 'getelementptr' 'gmem_addr' <Predicate = true> <Delay = 0.00>
ST_2 : Operation 81 [1/1] (0.00ns)   --->   "%zext_ln54 = zext i28 %empty_47" [fir.cpp:54]   --->   Operation 81 'zext' 'zext_ln54' <Predicate = true> <Delay = 0.00>
ST_2 : Operation 82 [1/1] (3.65ns)   --->   "%empty_48 = writereq i1 @_ssdm_op_WriteReq.m_axi.p1i256, i256 %gmem_addr, i64 %zext_ln54" [fir.cpp:54]   --->   Operation 82 'writereq' 'empty_48' <Predicate = true> <Delay = 3.65> <CoreInst = "m_axi">   --->   Core 119 'm_axi' <Latency = 9> <II = 1> <Delay = 1.00> <Adapter> <Opcode : 'read' 'write' 'readreq' 'writereq' 'writeresp'>

State 3 <SV = 2> <Delay = 1.44>
ST_3 : Operation 83 [2/2] (1.44ns)   --->   "%call_ln54 = call void @write_task_Pipeline_VITIS_LOOP_54_1, i32 %p_read_2, i256 %gmem, i59 %trunc_ln, i19 %output_r" [fir.cpp:54]   --->   Operation 83 'call' 'call_ln54' <Predicate = true> <Delay = 1.44> <CoreType = "Generic">   --->   Generic Core

State 4 <SV = 3> <Delay = 0.00>
ST_4 : Operation 84 [1/2] (0.00ns)   --->   "%call_ln54 = call void @write_task_Pipeline_VITIS_LOOP_54_1, i32 %p_read_2, i256 %gmem, i59 %trunc_ln, i19 %output_r" [fir.cpp:54]   --->   Operation 84 'call' 'call_ln54' <Predicate = true> <Delay = 0.00> <CoreType = "Generic">   --->   Generic Core

State 5 <SV = 4> <Delay = 3.65>
ST_5 : Operation 85 [68/68] (3.65ns)   --->   "%empty_49 = writeresp i1 @_ssdm_op_WriteResp.m_axi.p1i256, i256 %gmem_addr" [fir.cpp:60]   --->   Operation 85 'writeresp' 'empty_49' <Predicate = true> <Delay = 3.65> <CoreInst = "m_axi">   --->   Core 119 'm_axi' <Latency = 3> <II = 1> <Delay = 1.00> <Adapter> <Opcode : 'read' 'write' 'readreq' 'writereq' 'writeresp'>

State 6 <SV = 5> <Delay = 3.65>
ST_6 : Operation 86 [67/68] (3.65ns)   --->   "%empty_49 = writeresp i1 @_ssdm_op_WriteResp.m_axi.p1i256, i256 %gmem_addr" [fir.cpp:60]   --->   Operation 86 'writeresp' 'empty_49' <Predicate = true> <Delay = 3.65> <CoreInst = "m_axi">   --->   Core 119 'm_axi' <Latency = 3> <II = 1> <Delay = 1.00> <Adapter> <Opcode : 'read' 'write' 'readreq' 'writereq' 'writeresp'>

State 7 <SV = 6> <Delay = 3.65>
ST_7 : Operation 87 [66/68] (3.65ns)   --->   "%empty_49 = writeresp i1 @_ssdm_op_WriteResp.m_axi.p1i256, i256 %gmem_addr" [fir.cpp:60]   --->   Operation 87 'writeresp' 'empty_49' <Predicate = true> <Delay = 3.65> <CoreInst = "m_axi">   --->   Core 119 'm_axi' <Latency = 3> <II = 1> <Delay = 1.00> <Adapter> <Opcode : 'read' 'write' 'readreq' 'writereq' 'writeresp'>

State 8 <SV = 7> <Delay = 3.65>
ST_8 : Operation 88 [65/68] (3.65ns)   --->   "%empty_49 = writeresp i1 @_ssdm_op_WriteResp.m_axi.p1i256, i256 %gmem_addr" [fir.cpp:60]   --->   Operation 88 'writeresp' 'empty_49' <Predicate = true> <Delay = 3.65> <CoreInst = "m_axi">   --->   Core 119 'm_axi' <Latency = 3> <II = 1> <Delay = 1.00> <Adapter> <Opcode : 'read' 'write' 'readreq' 'writereq' 'writeresp'>

State 9 <SV = 8> <Delay = 3.65>
ST_9 : Operation 89 [64/68] (3.65ns)   --->   "%empty_49 = writeresp i1 @_ssdm_op_WriteResp.m_axi.p1i256, i256 %gmem_addr" [fir.cpp:60]   --->   Operation 89 'writeresp' 'empty_49' <Predicate = true> <Delay = 3.65> <CoreInst = "m_axi">   --->   Core 119 'm_axi' <Latency = 3> <II = 1> <Delay = 1.00> <Adapter> <Opcode : 'read' 'write' 'readreq' 'writereq' 'writeresp'>

State 10 <SV = 9> <Delay = 3.65>
ST_10 : Operation 90 [63/68] (3.65ns)   --->   "%empty_49 = writeresp i1 @_ssdm_op_WriteResp.m_axi.p1i256, i256 %gmem_addr" [fir.cpp:60]   --->   Operation 90 'writeresp' 'empty_49' <Predicate = true> <Delay = 3.65> <CoreInst = "m_axi">   --->   Core 119 'm_axi' <Latency = 3> <II = 1> <Delay = 1.00> <Adapter> <Opcode : 'read' 'write' 'readreq' 'writereq' 'writeresp'>

State 11 <SV = 10> <Delay = 3.65>
ST_11 : Operation 91 [62/68] (3.65ns)   --->   "%empty_49 = writeresp i1 @_ssdm_op_WriteResp.m_axi.p1i256, i256 %gmem_addr" [fir.cpp:60]   --->   Operation 91 'writeresp' 'empty_49' <Predicate = true> <Delay = 3.65> <CoreInst = "m_axi">   --->   Core 119 'm_axi' <Latency = 3> <II = 1> <Delay = 1.00> <Adapter> <Opcode : 'read' 'write' 'readreq' 'writereq' 'writeresp'>

State 12 <SV = 11> <Delay = 3.65>
ST_12 : Operation 92 [61/68] (3.65ns)   --->   "%empty_49 = writeresp i1 @_ssdm_op_WriteResp.m_axi.p1i256, i256 %gmem_addr" [fir.cpp:60]   --->   Operation 92 'writeresp' 'empty_49' <Predicate = true> <Delay = 3.65> <CoreInst = "m_axi">   --->   Core 119 'm_axi' <Latency = 3> <II = 1> <Delay = 1.00> <Adapter> <Opcode : 'read' 'write' 'readreq' 'writereq' 'writeresp'>

State 13 <SV = 12> <Delay = 3.65>
ST_13 : Operation 93 [60/68] (3.65ns)   --->   "%empty_49 = writeresp i1 @_ssdm_op_WriteResp.m_axi.p1i256, i256 %gmem_addr" [fir.cpp:60]   --->   Operation 93 'writeresp' 'empty_49' <Predicate = true> <Delay = 3.65> <CoreInst = "m_axi">   --->   Core 119 'm_axi' <Latency = 3> <II = 1> <Delay = 1.00> <Adapter> <Opcode : 'read' 'write' 'readreq' 'writereq' 'writeresp'>

State 14 <SV = 13> <Delay = 3.65>
ST_14 : Operation 94 [59/68] (3.65ns)   --->   "%empty_49 = writeresp i1 @_ssdm_op_WriteResp.m_axi.p1i256, i256 %gmem_addr" [fir.cpp:60]   --->   Operation 94 'writeresp' 'empty_49' <Predicate = true> <Delay = 3.65> <CoreInst = "m_axi">   --->   Core 119 'm_axi' <Latency = 3> <II = 1> <Delay = 1.00> <Adapter> <Opcode : 'read' 'write' 'readreq' 'writereq' 'writeresp'>

State 15 <SV = 14> <Delay = 3.65>
ST_15 : Operation 95 [58/68] (3.65ns)   --->   "%empty_49 = writeresp i1 @_ssdm_op_WriteResp.m_axi.p1i256, i256 %gmem_addr" [fir.cpp:60]   --->   Operation 95 'writeresp' 'empty_49' <Predicate = true> <Delay = 3.65> <CoreInst = "m_axi">   --->   Core 119 'm_axi' <Latency = 3> <II = 1> <Delay = 1.00> <Adapter> <Opcode : 'read' 'write' 'readreq' 'writereq' 'writeresp'>

State 16 <SV = 15> <Delay = 3.65>
ST_16 : Operation 96 [57/68] (3.65ns)   --->   "%empty_49 = writeresp i1 @_ssdm_op_WriteResp.m_axi.p1i256, i256 %gmem_addr" [fir.cpp:60]   --->   Operation 96 'writeresp' 'empty_49' <Predicate = true> <Delay = 3.65> <CoreInst = "m_axi">   --->   Core 119 'm_axi' <Latency = 3> <II = 1> <Delay = 1.00> <Adapter> <Opcode : 'read' 'write' 'readreq' 'writereq' 'writeresp'>

State 17 <SV = 16> <Delay = 3.65>
ST_17 : Operation 97 [56/68] (3.65ns)   --->   "%empty_49 = writeresp i1 @_ssdm_op_WriteResp.m_axi.p1i256, i256 %gmem_addr" [fir.cpp:60]   --->   Operation 97 'writeresp' 'empty_49' <Predicate = true> <Delay = 3.65> <CoreInst = "m_axi">   --->   Core 119 'm_axi' <Latency = 3> <II = 1> <Delay = 1.00> <Adapter> <Opcode : 'read' 'write' 'readreq' 'writereq' 'writeresp'>

State 18 <SV = 17> <Delay = 3.65>
ST_18 : Operation 98 [55/68] (3.65ns)   --->   "%empty_49 = writeresp i1 @_ssdm_op_WriteResp.m_axi.p1i256, i256 %gmem_addr" [fir.cpp:60]   --->   Operation 98 'writeresp' 'empty_49' <Predicate = true> <Delay = 3.65> <CoreInst = "m_axi">   --->   Core 119 'm_axi' <Latency = 3> <II = 1> <Delay = 1.00> <Adapter> <Opcode : 'read' 'write' 'readreq' 'writereq' 'writeresp'>

State 19 <SV = 18> <Delay = 3.65>
ST_19 : Operation 99 [54/68] (3.65ns)   --->   "%empty_49 = writeresp i1 @_ssdm_op_WriteResp.m_axi.p1i256, i256 %gmem_addr" [fir.cpp:60]   --->   Operation 99 'writeresp' 'empty_49' <Predicate = true> <Delay = 3.65> <CoreInst = "m_axi">   --->   Core 119 'm_axi' <Latency = 3> <II = 1> <Delay = 1.00> <Adapter> <Opcode : 'read' 'write' 'readreq' 'writereq' 'writeresp'>

State 20 <SV = 19> <Delay = 3.65>
ST_20 : Operation 100 [53/68] (3.65ns)   --->   "%empty_49 = writeresp i1 @_ssdm_op_WriteResp.m_axi.p1i256, i256 %gmem_addr" [fir.cpp:60]   --->   Operation 100 'writeresp' 'empty_49' <Predicate = true> <Delay = 3.65> <CoreInst = "m_axi">   --->   Core 119 'm_axi' <Latency = 3> <II = 1> <Delay = 1.00> <Adapter> <Opcode : 'read' 'write' 'readreq' 'writereq' 'writeresp'>

State 21 <SV = 20> <Delay = 3.65>
ST_21 : Operation 101 [52/68] (3.65ns)   --->   "%empty_49 = writeresp i1 @_ssdm_op_WriteResp.m_axi.p1i256, i256 %gmem_addr" [fir.cpp:60]   --->   Operation 101 'writeresp' 'empty_49' <Predicate = true> <Delay = 3.65> <CoreInst = "m_axi">   --->   Core 119 'm_axi' <Latency = 3> <II = 1> <Delay = 1.00> <Adapter> <Opcode : 'read' 'write' 'readreq' 'writereq' 'writeresp'>

State 22 <SV = 21> <Delay = 3.65>
ST_22 : Operation 102 [51/68] (3.65ns)   --->   "%empty_49 = writeresp i1 @_ssdm_op_WriteResp.m_axi.p1i256, i256 %gmem_addr" [fir.cpp:60]   --->   Operation 102 'writeresp' 'empty_49' <Predicate = true> <Delay = 3.65> <CoreInst = "m_axi">   --->   Core 119 'm_axi' <Latency = 3> <II = 1> <Delay = 1.00> <Adapter> <Opcode : 'read' 'write' 'readreq' 'writereq' 'writeresp'>

State 23 <SV = 22> <Delay = 3.65>
ST_23 : Operation 103 [50/68] (3.65ns)   --->   "%empty_49 = writeresp i1 @_ssdm_op_WriteResp.m_axi.p1i256, i256 %gmem_addr" [fir.cpp:60]   --->   Operation 103 'writeresp' 'empty_49' <Predicate = true> <Delay = 3.65> <CoreInst = "m_axi">   --->   Core 119 'm_axi' <Latency = 3> <II = 1> <Delay = 1.00> <Adapter> <Opcode : 'read' 'write' 'readreq' 'writereq' 'writeresp'>

State 24 <SV = 23> <Delay = 3.65>
ST_24 : Operation 104 [49/68] (3.65ns)   --->   "%empty_49 = writeresp i1 @_ssdm_op_WriteResp.m_axi.p1i256, i256 %gmem_addr" [fir.cpp:60]   --->   Operation 104 'writeresp' 'empty_49' <Predicate = true> <Delay = 3.65> <CoreInst = "m_axi">   --->   Core 119 'm_axi' <Latency = 3> <II = 1> <Delay = 1.00> <Adapter> <Opcode : 'read' 'write' 'readreq' 'writereq' 'writeresp'>

State 25 <SV = 24> <Delay = 3.65>
ST_25 : Operation 105 [48/68] (3.65ns)   --->   "%empty_49 = writeresp i1 @_ssdm_op_WriteResp.m_axi.p1i256, i256 %gmem_addr" [fir.cpp:60]   --->   Operation 105 'writeresp' 'empty_49' <Predicate = true> <Delay = 3.65> <CoreInst = "m_axi">   --->   Core 119 'm_axi' <Latency = 3> <II = 1> <Delay = 1.00> <Adapter> <Opcode : 'read' 'write' 'readreq' 'writereq' 'writeresp'>

State 26 <SV = 25> <Delay = 3.65>
ST_26 : Operation 106 [47/68] (3.65ns)   --->   "%empty_49 = writeresp i1 @_ssdm_op_WriteResp.m_axi.p1i256, i256 %gmem_addr" [fir.cpp:60]   --->   Operation 106 'writeresp' 'empty_49' <Predicate = true> <Delay = 3.65> <CoreInst = "m_axi">   --->   Core 119 'm_axi' <Latency = 3> <II = 1> <Delay = 1.00> <Adapter> <Opcode : 'read' 'write' 'readreq' 'writereq' 'writeresp'>

State 27 <SV = 26> <Delay = 3.65>
ST_27 : Operation 107 [46/68] (3.65ns)   --->   "%empty_49 = writeresp i1 @_ssdm_op_WriteResp.m_axi.p1i256, i256 %gmem_addr" [fir.cpp:60]   --->   Operation 107 'writeresp' 'empty_49' <Predicate = true> <Delay = 3.65> <CoreInst = "m_axi">   --->   Core 119 'm_axi' <Latency = 3> <II = 1> <Delay = 1.00> <Adapter> <Opcode : 'read' 'write' 'readreq' 'writereq' 'writeresp'>

State 28 <SV = 27> <Delay = 3.65>
ST_28 : Operation 108 [45/68] (3.65ns)   --->   "%empty_49 = writeresp i1 @_ssdm_op_WriteResp.m_axi.p1i256, i256 %gmem_addr" [fir.cpp:60]   --->   Operation 108 'writeresp' 'empty_49' <Predicate = true> <Delay = 3.65> <CoreInst = "m_axi">   --->   Core 119 'm_axi' <Latency = 3> <II = 1> <Delay = 1.00> <Adapter> <Opcode : 'read' 'write' 'readreq' 'writereq' 'writeresp'>

State 29 <SV = 28> <Delay = 3.65>
ST_29 : Operation 109 [44/68] (3.65ns)   --->   "%empty_49 = writeresp i1 @_ssdm_op_WriteResp.m_axi.p1i256, i256 %gmem_addr" [fir.cpp:60]   --->   Operation 109 'writeresp' 'empty_49' <Predicate = true> <Delay = 3.65> <CoreInst = "m_axi">   --->   Core 119 'm_axi' <Latency = 3> <II = 1> <Delay = 1.00> <Adapter> <Opcode : 'read' 'write' 'readreq' 'writereq' 'writeresp'>

State 30 <SV = 29> <Delay = 3.65>
ST_30 : Operation 110 [43/68] (3.65ns)   --->   "%empty_49 = writeresp i1 @_ssdm_op_WriteResp.m_axi.p1i256, i256 %gmem_addr" [fir.cpp:60]   --->   Operation 110 'writeresp' 'empty_49' <Predicate = true> <Delay = 3.65> <CoreInst = "m_axi">   --->   Core 119 'm_axi' <Latency = 3> <II = 1> <Delay = 1.00> <Adapter> <Opcode : 'read' 'write' 'readreq' 'writereq' 'writeresp'>

State 31 <SV = 30> <Delay = 3.65>
ST_31 : Operation 111 [42/68] (3.65ns)   --->   "%empty_49 = writeresp i1 @_ssdm_op_WriteResp.m_axi.p1i256, i256 %gmem_addr" [fir.cpp:60]   --->   Operation 111 'writeresp' 'empty_49' <Predicate = true> <Delay = 3.65> <CoreInst = "m_axi">   --->   Core 119 'm_axi' <Latency = 3> <II = 1> <Delay = 1.00> <Adapter> <Opcode : 'read' 'write' 'readreq' 'writereq' 'writeresp'>

State 32 <SV = 31> <Delay = 3.65>
ST_32 : Operation 112 [41/68] (3.65ns)   --->   "%empty_49 = writeresp i1 @_ssdm_op_WriteResp.m_axi.p1i256, i256 %gmem_addr" [fir.cpp:60]   --->   Operation 112 'writeresp' 'empty_49' <Predicate = true> <Delay = 3.65> <CoreInst = "m_axi">   --->   Core 119 'm_axi' <Latency = 3> <II = 1> <Delay = 1.00> <Adapter> <Opcode : 'read' 'write' 'readreq' 'writereq' 'writeresp'>

State 33 <SV = 32> <Delay = 3.65>
ST_33 : Operation 113 [40/68] (3.65ns)   --->   "%empty_49 = writeresp i1 @_ssdm_op_WriteResp.m_axi.p1i256, i256 %gmem_addr" [fir.cpp:60]   --->   Operation 113 'writeresp' 'empty_49' <Predicate = true> <Delay = 3.65> <CoreInst = "m_axi">   --->   Core 119 'm_axi' <Latency = 3> <II = 1> <Delay = 1.00> <Adapter> <Opcode : 'read' 'write' 'readreq' 'writereq' 'writeresp'>

State 34 <SV = 33> <Delay = 3.65>
ST_34 : Operation 114 [39/68] (3.65ns)   --->   "%empty_49 = writeresp i1 @_ssdm_op_WriteResp.m_axi.p1i256, i256 %gmem_addr" [fir.cpp:60]   --->   Operation 114 'writeresp' 'empty_49' <Predicate = true> <Delay = 3.65> <CoreInst = "m_axi">   --->   Core 119 'm_axi' <Latency = 3> <II = 1> <Delay = 1.00> <Adapter> <Opcode : 'read' 'write' 'readreq' 'writereq' 'writeresp'>

State 35 <SV = 34> <Delay = 3.65>
ST_35 : Operation 115 [38/68] (3.65ns)   --->   "%empty_49 = writeresp i1 @_ssdm_op_WriteResp.m_axi.p1i256, i256 %gmem_addr" [fir.cpp:60]   --->   Operation 115 'writeresp' 'empty_49' <Predicate = true> <Delay = 3.65> <CoreInst = "m_axi">   --->   Core 119 'm_axi' <Latency = 3> <II = 1> <Delay = 1.00> <Adapter> <Opcode : 'read' 'write' 'readreq' 'writereq' 'writeresp'>

State 36 <SV = 35> <Delay = 3.65>
ST_36 : Operation 116 [37/68] (3.65ns)   --->   "%empty_49 = writeresp i1 @_ssdm_op_WriteResp.m_axi.p1i256, i256 %gmem_addr" [fir.cpp:60]   --->   Operation 116 'writeresp' 'empty_49' <Predicate = true> <Delay = 3.65> <CoreInst = "m_axi">   --->   Core 119 'm_axi' <Latency = 3> <II = 1> <Delay = 1.00> <Adapter> <Opcode : 'read' 'write' 'readreq' 'writereq' 'writeresp'>

State 37 <SV = 36> <Delay = 3.65>
ST_37 : Operation 117 [36/68] (3.65ns)   --->   "%empty_49 = writeresp i1 @_ssdm_op_WriteResp.m_axi.p1i256, i256 %gmem_addr" [fir.cpp:60]   --->   Operation 117 'writeresp' 'empty_49' <Predicate = true> <Delay = 3.65> <CoreInst = "m_axi">   --->   Core 119 'm_axi' <Latency = 3> <II = 1> <Delay = 1.00> <Adapter> <Opcode : 'read' 'write' 'readreq' 'writereq' 'writeresp'>

State 38 <SV = 37> <Delay = 3.65>
ST_38 : Operation 118 [35/68] (3.65ns)   --->   "%empty_49 = writeresp i1 @_ssdm_op_WriteResp.m_axi.p1i256, i256 %gmem_addr" [fir.cpp:60]   --->   Operation 118 'writeresp' 'empty_49' <Predicate = true> <Delay = 3.65> <CoreInst = "m_axi">   --->   Core 119 'm_axi' <Latency = 3> <II = 1> <Delay = 1.00> <Adapter> <Opcode : 'read' 'write' 'readreq' 'writereq' 'writeresp'>

State 39 <SV = 38> <Delay = 3.65>
ST_39 : Operation 119 [34/68] (3.65ns)   --->   "%empty_49 = writeresp i1 @_ssdm_op_WriteResp.m_axi.p1i256, i256 %gmem_addr" [fir.cpp:60]   --->   Operation 119 'writeresp' 'empty_49' <Predicate = true> <Delay = 3.65> <CoreInst = "m_axi">   --->   Core 119 'm_axi' <Latency = 3> <II = 1> <Delay = 1.00> <Adapter> <Opcode : 'read' 'write' 'readreq' 'writereq' 'writeresp'>

State 40 <SV = 39> <Delay = 3.65>
ST_40 : Operation 120 [33/68] (3.65ns)   --->   "%empty_49 = writeresp i1 @_ssdm_op_WriteResp.m_axi.p1i256, i256 %gmem_addr" [fir.cpp:60]   --->   Operation 120 'writeresp' 'empty_49' <Predicate = true> <Delay = 3.65> <CoreInst = "m_axi">   --->   Core 119 'm_axi' <Latency = 3> <II = 1> <Delay = 1.00> <Adapter> <Opcode : 'read' 'write' 'readreq' 'writereq' 'writeresp'>

State 41 <SV = 40> <Delay = 3.65>
ST_41 : Operation 121 [32/68] (3.65ns)   --->   "%empty_49 = writeresp i1 @_ssdm_op_WriteResp.m_axi.p1i256, i256 %gmem_addr" [fir.cpp:60]   --->   Operation 121 'writeresp' 'empty_49' <Predicate = true> <Delay = 3.65> <CoreInst = "m_axi">   --->   Core 119 'm_axi' <Latency = 3> <II = 1> <Delay = 1.00> <Adapter> <Opcode : 'read' 'write' 'readreq' 'writereq' 'writeresp'>

State 42 <SV = 41> <Delay = 3.65>
ST_42 : Operation 122 [31/68] (3.65ns)   --->   "%empty_49 = writeresp i1 @_ssdm_op_WriteResp.m_axi.p1i256, i256 %gmem_addr" [fir.cpp:60]   --->   Operation 122 'writeresp' 'empty_49' <Predicate = true> <Delay = 3.65> <CoreInst = "m_axi">   --->   Core 119 'm_axi' <Latency = 3> <II = 1> <Delay = 1.00> <Adapter> <Opcode : 'read' 'write' 'readreq' 'writereq' 'writeresp'>

State 43 <SV = 42> <Delay = 3.65>
ST_43 : Operation 123 [30/68] (3.65ns)   --->   "%empty_49 = writeresp i1 @_ssdm_op_WriteResp.m_axi.p1i256, i256 %gmem_addr" [fir.cpp:60]   --->   Operation 123 'writeresp' 'empty_49' <Predicate = true> <Delay = 3.65> <CoreInst = "m_axi">   --->   Core 119 'm_axi' <Latency = 3> <II = 1> <Delay = 1.00> <Adapter> <Opcode : 'read' 'write' 'readreq' 'writereq' 'writeresp'>

State 44 <SV = 43> <Delay = 3.65>
ST_44 : Operation 124 [29/68] (3.65ns)   --->   "%empty_49 = writeresp i1 @_ssdm_op_WriteResp.m_axi.p1i256, i256 %gmem_addr" [fir.cpp:60]   --->   Operation 124 'writeresp' 'empty_49' <Predicate = true> <Delay = 3.65> <CoreInst = "m_axi">   --->   Core 119 'm_axi' <Latency = 3> <II = 1> <Delay = 1.00> <Adapter> <Opcode : 'read' 'write' 'readreq' 'writereq' 'writeresp'>

State 45 <SV = 44> <Delay = 3.65>
ST_45 : Operation 125 [28/68] (3.65ns)   --->   "%empty_49 = writeresp i1 @_ssdm_op_WriteResp.m_axi.p1i256, i256 %gmem_addr" [fir.cpp:60]   --->   Operation 125 'writeresp' 'empty_49' <Predicate = true> <Delay = 3.65> <CoreInst = "m_axi">   --->   Core 119 'm_axi' <Latency = 3> <II = 1> <Delay = 1.00> <Adapter> <Opcode : 'read' 'write' 'readreq' 'writereq' 'writeresp'>

State 46 <SV = 45> <Delay = 3.65>
ST_46 : Operation 126 [27/68] (3.65ns)   --->   "%empty_49 = writeresp i1 @_ssdm_op_WriteResp.m_axi.p1i256, i256 %gmem_addr" [fir.cpp:60]   --->   Operation 126 'writeresp' 'empty_49' <Predicate = true> <Delay = 3.65> <CoreInst = "m_axi">   --->   Core 119 'm_axi' <Latency = 3> <II = 1> <Delay = 1.00> <Adapter> <Opcode : 'read' 'write' 'readreq' 'writereq' 'writeresp'>

State 47 <SV = 46> <Delay = 3.65>
ST_47 : Operation 127 [26/68] (3.65ns)   --->   "%empty_49 = writeresp i1 @_ssdm_op_WriteResp.m_axi.p1i256, i256 %gmem_addr" [fir.cpp:60]   --->   Operation 127 'writeresp' 'empty_49' <Predicate = true> <Delay = 3.65> <CoreInst = "m_axi">   --->   Core 119 'm_axi' <Latency = 3> <II = 1> <Delay = 1.00> <Adapter> <Opcode : 'read' 'write' 'readreq' 'writereq' 'writeresp'>

State 48 <SV = 47> <Delay = 3.65>
ST_48 : Operation 128 [25/68] (3.65ns)   --->   "%empty_49 = writeresp i1 @_ssdm_op_WriteResp.m_axi.p1i256, i256 %gmem_addr" [fir.cpp:60]   --->   Operation 128 'writeresp' 'empty_49' <Predicate = true> <Delay = 3.65> <CoreInst = "m_axi">   --->   Core 119 'm_axi' <Latency = 3> <II = 1> <Delay = 1.00> <Adapter> <Opcode : 'read' 'write' 'readreq' 'writereq' 'writeresp'>

State 49 <SV = 48> <Delay = 3.65>
ST_49 : Operation 129 [24/68] (3.65ns)   --->   "%empty_49 = writeresp i1 @_ssdm_op_WriteResp.m_axi.p1i256, i256 %gmem_addr" [fir.cpp:60]   --->   Operation 129 'writeresp' 'empty_49' <Predicate = true> <Delay = 3.65> <CoreInst = "m_axi">   --->   Core 119 'm_axi' <Latency = 3> <II = 1> <Delay = 1.00> <Adapter> <Opcode : 'read' 'write' 'readreq' 'writereq' 'writeresp'>

State 50 <SV = 49> <Delay = 3.65>
ST_50 : Operation 130 [23/68] (3.65ns)   --->   "%empty_49 = writeresp i1 @_ssdm_op_WriteResp.m_axi.p1i256, i256 %gmem_addr" [fir.cpp:60]   --->   Operation 130 'writeresp' 'empty_49' <Predicate = true> <Delay = 3.65> <CoreInst = "m_axi">   --->   Core 119 'm_axi' <Latency = 3> <II = 1> <Delay = 1.00> <Adapter> <Opcode : 'read' 'write' 'readreq' 'writereq' 'writeresp'>

State 51 <SV = 50> <Delay = 3.65>
ST_51 : Operation 131 [22/68] (3.65ns)   --->   "%empty_49 = writeresp i1 @_ssdm_op_WriteResp.m_axi.p1i256, i256 %gmem_addr" [fir.cpp:60]   --->   Operation 131 'writeresp' 'empty_49' <Predicate = true> <Delay = 3.65> <CoreInst = "m_axi">   --->   Core 119 'm_axi' <Latency = 3> <II = 1> <Delay = 1.00> <Adapter> <Opcode : 'read' 'write' 'readreq' 'writereq' 'writeresp'>

State 52 <SV = 51> <Delay = 3.65>
ST_52 : Operation 132 [21/68] (3.65ns)   --->   "%empty_49 = writeresp i1 @_ssdm_op_WriteResp.m_axi.p1i256, i256 %gmem_addr" [fir.cpp:60]   --->   Operation 132 'writeresp' 'empty_49' <Predicate = true> <Delay = 3.65> <CoreInst = "m_axi">   --->   Core 119 'm_axi' <Latency = 3> <II = 1> <Delay = 1.00> <Adapter> <Opcode : 'read' 'write' 'readreq' 'writereq' 'writeresp'>

State 53 <SV = 52> <Delay = 3.65>
ST_53 : Operation 133 [20/68] (3.65ns)   --->   "%empty_49 = writeresp i1 @_ssdm_op_WriteResp.m_axi.p1i256, i256 %gmem_addr" [fir.cpp:60]   --->   Operation 133 'writeresp' 'empty_49' <Predicate = true> <Delay = 3.65> <CoreInst = "m_axi">   --->   Core 119 'm_axi' <Latency = 3> <II = 1> <Delay = 1.00> <Adapter> <Opcode : 'read' 'write' 'readreq' 'writereq' 'writeresp'>

State 54 <SV = 53> <Delay = 3.65>
ST_54 : Operation 134 [19/68] (3.65ns)   --->   "%empty_49 = writeresp i1 @_ssdm_op_WriteResp.m_axi.p1i256, i256 %gmem_addr" [fir.cpp:60]   --->   Operation 134 'writeresp' 'empty_49' <Predicate = true> <Delay = 3.65> <CoreInst = "m_axi">   --->   Core 119 'm_axi' <Latency = 3> <II = 1> <Delay = 1.00> <Adapter> <Opcode : 'read' 'write' 'readreq' 'writereq' 'writeresp'>

State 55 <SV = 54> <Delay = 3.65>
ST_55 : Operation 135 [18/68] (3.65ns)   --->   "%empty_49 = writeresp i1 @_ssdm_op_WriteResp.m_axi.p1i256, i256 %gmem_addr" [fir.cpp:60]   --->   Operation 135 'writeresp' 'empty_49' <Predicate = true> <Delay = 3.65> <CoreInst = "m_axi">   --->   Core 119 'm_axi' <Latency = 3> <II = 1> <Delay = 1.00> <Adapter> <Opcode : 'read' 'write' 'readreq' 'writereq' 'writeresp'>

State 56 <SV = 55> <Delay = 3.65>
ST_56 : Operation 136 [17/68] (3.65ns)   --->   "%empty_49 = writeresp i1 @_ssdm_op_WriteResp.m_axi.p1i256, i256 %gmem_addr" [fir.cpp:60]   --->   Operation 136 'writeresp' 'empty_49' <Predicate = true> <Delay = 3.65> <CoreInst = "m_axi">   --->   Core 119 'm_axi' <Latency = 3> <II = 1> <Delay = 1.00> <Adapter> <Opcode : 'read' 'write' 'readreq' 'writereq' 'writeresp'>

State 57 <SV = 56> <Delay = 3.65>
ST_57 : Operation 137 [16/68] (3.65ns)   --->   "%empty_49 = writeresp i1 @_ssdm_op_WriteResp.m_axi.p1i256, i256 %gmem_addr" [fir.cpp:60]   --->   Operation 137 'writeresp' 'empty_49' <Predicate = true> <Delay = 3.65> <CoreInst = "m_axi">   --->   Core 119 'm_axi' <Latency = 3> <II = 1> <Delay = 1.00> <Adapter> <Opcode : 'read' 'write' 'readreq' 'writereq' 'writeresp'>

State 58 <SV = 57> <Delay = 3.65>
ST_58 : Operation 138 [15/68] (3.65ns)   --->   "%empty_49 = writeresp i1 @_ssdm_op_WriteResp.m_axi.p1i256, i256 %gmem_addr" [fir.cpp:60]   --->   Operation 138 'writeresp' 'empty_49' <Predicate = true> <Delay = 3.65> <CoreInst = "m_axi">   --->   Core 119 'm_axi' <Latency = 3> <II = 1> <Delay = 1.00> <Adapter> <Opcode : 'read' 'write' 'readreq' 'writereq' 'writeresp'>

State 59 <SV = 58> <Delay = 3.65>
ST_59 : Operation 139 [14/68] (3.65ns)   --->   "%empty_49 = writeresp i1 @_ssdm_op_WriteResp.m_axi.p1i256, i256 %gmem_addr" [fir.cpp:60]   --->   Operation 139 'writeresp' 'empty_49' <Predicate = true> <Delay = 3.65> <CoreInst = "m_axi">   --->   Core 119 'm_axi' <Latency = 3> <II = 1> <Delay = 1.00> <Adapter> <Opcode : 'read' 'write' 'readreq' 'writereq' 'writeresp'>

State 60 <SV = 59> <Delay = 3.65>
ST_60 : Operation 140 [13/68] (3.65ns)   --->   "%empty_49 = writeresp i1 @_ssdm_op_WriteResp.m_axi.p1i256, i256 %gmem_addr" [fir.cpp:60]   --->   Operation 140 'writeresp' 'empty_49' <Predicate = true> <Delay = 3.65> <CoreInst = "m_axi">   --->   Core 119 'm_axi' <Latency = 3> <II = 1> <Delay = 1.00> <Adapter> <Opcode : 'read' 'write' 'readreq' 'writereq' 'writeresp'>

State 61 <SV = 60> <Delay = 3.65>
ST_61 : Operation 141 [12/68] (3.65ns)   --->   "%empty_49 = writeresp i1 @_ssdm_op_WriteResp.m_axi.p1i256, i256 %gmem_addr" [fir.cpp:60]   --->   Operation 141 'writeresp' 'empty_49' <Predicate = true> <Delay = 3.65> <CoreInst = "m_axi">   --->   Core 119 'm_axi' <Latency = 3> <II = 1> <Delay = 1.00> <Adapter> <Opcode : 'read' 'write' 'readreq' 'writereq' 'writeresp'>

State 62 <SV = 61> <Delay = 3.65>
ST_62 : Operation 142 [11/68] (3.65ns)   --->   "%empty_49 = writeresp i1 @_ssdm_op_WriteResp.m_axi.p1i256, i256 %gmem_addr" [fir.cpp:60]   --->   Operation 142 'writeresp' 'empty_49' <Predicate = true> <Delay = 3.65> <CoreInst = "m_axi">   --->   Core 119 'm_axi' <Latency = 3> <II = 1> <Delay = 1.00> <Adapter> <Opcode : 'read' 'write' 'readreq' 'writereq' 'writeresp'>

State 63 <SV = 62> <Delay = 3.65>
ST_63 : Operation 143 [10/68] (3.65ns)   --->   "%empty_49 = writeresp i1 @_ssdm_op_WriteResp.m_axi.p1i256, i256 %gmem_addr" [fir.cpp:60]   --->   Operation 143 'writeresp' 'empty_49' <Predicate = true> <Delay = 3.65> <CoreInst = "m_axi">   --->   Core 119 'm_axi' <Latency = 3> <II = 1> <Delay = 1.00> <Adapter> <Opcode : 'read' 'write' 'readreq' 'writereq' 'writeresp'>

State 64 <SV = 63> <Delay = 3.65>
ST_64 : Operation 144 [9/68] (3.65ns)   --->   "%empty_49 = writeresp i1 @_ssdm_op_WriteResp.m_axi.p1i256, i256 %gmem_addr" [fir.cpp:60]   --->   Operation 144 'writeresp' 'empty_49' <Predicate = true> <Delay = 3.65> <CoreInst = "m_axi">   --->   Core 119 'm_axi' <Latency = 3> <II = 1> <Delay = 1.00> <Adapter> <Opcode : 'read' 'write' 'readreq' 'writereq' 'writeresp'>

State 65 <SV = 64> <Delay = 3.65>
ST_65 : Operation 145 [8/68] (3.65ns)   --->   "%empty_49 = writeresp i1 @_ssdm_op_WriteResp.m_axi.p1i256, i256 %gmem_addr" [fir.cpp:60]   --->   Operation 145 'writeresp' 'empty_49' <Predicate = true> <Delay = 3.65> <CoreInst = "m_axi">   --->   Core 119 'm_axi' <Latency = 3> <II = 1> <Delay = 1.00> <Adapter> <Opcode : 'read' 'write' 'readreq' 'writereq' 'writeresp'>

State 66 <SV = 65> <Delay = 3.65>
ST_66 : Operation 146 [7/68] (3.65ns)   --->   "%empty_49 = writeresp i1 @_ssdm_op_WriteResp.m_axi.p1i256, i256 %gmem_addr" [fir.cpp:60]   --->   Operation 146 'writeresp' 'empty_49' <Predicate = true> <Delay = 3.65> <CoreInst = "m_axi">   --->   Core 119 'm_axi' <Latency = 3> <II = 1> <Delay = 1.00> <Adapter> <Opcode : 'read' 'write' 'readreq' 'writereq' 'writeresp'>

State 67 <SV = 66> <Delay = 3.65>
ST_67 : Operation 147 [6/68] (3.65ns)   --->   "%empty_49 = writeresp i1 @_ssdm_op_WriteResp.m_axi.p1i256, i256 %gmem_addr" [fir.cpp:60]   --->   Operation 147 'writeresp' 'empty_49' <Predicate = true> <Delay = 3.65> <CoreInst = "m_axi">   --->   Core 119 'm_axi' <Latency = 3> <II = 1> <Delay = 1.00> <Adapter> <Opcode : 'read' 'write' 'readreq' 'writereq' 'writeresp'>

State 68 <SV = 67> <Delay = 3.65>
ST_68 : Operation 148 [5/68] (3.65ns)   --->   "%empty_49 = writeresp i1 @_ssdm_op_WriteResp.m_axi.p1i256, i256 %gmem_addr" [fir.cpp:60]   --->   Operation 148 'writeresp' 'empty_49' <Predicate = true> <Delay = 3.65> <CoreInst = "m_axi">   --->   Core 119 'm_axi' <Latency = 3> <II = 1> <Delay = 1.00> <Adapter> <Opcode : 'read' 'write' 'readreq' 'writereq' 'writeresp'>

State 69 <SV = 68> <Delay = 3.65>
ST_69 : Operation 149 [4/68] (3.65ns)   --->   "%empty_49 = writeresp i1 @_ssdm_op_WriteResp.m_axi.p1i256, i256 %gmem_addr" [fir.cpp:60]   --->   Operation 149 'writeresp' 'empty_49' <Predicate = true> <Delay = 3.65> <CoreInst = "m_axi">   --->   Core 119 'm_axi' <Latency = 3> <II = 1> <Delay = 1.00> <Adapter> <Opcode : 'read' 'write' 'readreq' 'writereq' 'writeresp'>

State 70 <SV = 69> <Delay = 3.65>
ST_70 : Operation 150 [3/68] (3.65ns)   --->   "%empty_49 = writeresp i1 @_ssdm_op_WriteResp.m_axi.p1i256, i256 %gmem_addr" [fir.cpp:60]   --->   Operation 150 'writeresp' 'empty_49' <Predicate = true> <Delay = 3.65> <CoreInst = "m_axi">   --->   Core 119 'm_axi' <Latency = 3> <II = 1> <Delay = 1.00> <Adapter> <Opcode : 'read' 'write' 'readreq' 'writereq' 'writeresp'>

State 71 <SV = 70> <Delay = 3.65>
ST_71 : Operation 151 [2/68] (3.65ns)   --->   "%empty_49 = writeresp i1 @_ssdm_op_WriteResp.m_axi.p1i256, i256 %gmem_addr" [fir.cpp:60]   --->   Operation 151 'writeresp' 'empty_49' <Predicate = true> <Delay = 3.65> <CoreInst = "m_axi">   --->   Core 119 'm_axi' <Latency = 3> <II = 1> <Delay = 1.00> <Adapter> <Opcode : 'read' 'write' 'readreq' 'writereq' 'writeresp'>

State 72 <SV = 71> <Delay = 3.65>
ST_72 : Operation 152 [1/1] (0.00ns)   --->   "%specinterface_ln0 = specinterface void @_ssdm_op_SpecInterface, i64 %out_r, void @ap_fifo_str, i32 0, i32 0, void @p_str, i32 0, i32 0, void @p_str, void @p_str, void @p_str, i32 2, i32 2, i32 16, i32 16, void @p_str, void @ScalarProp_str, i32 4294967295, i32 0, i32 0"   --->   Operation 152 'specinterface' 'specinterface_ln0' <Predicate = true> <Delay = 0.00>
ST_72 : Operation 153 [1/1] (0.00ns)   --->   "%specinterface_ln0 = specinterface void @_ssdm_op_SpecInterface, i256 %gmem, void @empty_4, i32 0, i32 0, void @empty_3, i32 64, i32 125, void @empty_2, void @empty_1, void @empty_3, i32 16, i32 16, i32 16, i32 16, void @empty_3, void @empty_3, i32 4294967295, i32 0, i32 0"   --->   Operation 153 'specinterface' 'specinterface_ln0' <Predicate = true> <Delay = 0.00>
ST_72 : Operation 154 [1/68] (3.65ns)   --->   "%empty_49 = writeresp i1 @_ssdm_op_WriteResp.m_axi.p1i256, i256 %gmem_addr" [fir.cpp:60]   --->   Operation 154 'writeresp' 'empty_49' <Predicate = true> <Delay = 3.65> <CoreInst = "m_axi">   --->   Core 119 'm_axi' <Latency = 3> <II = 1> <Delay = 1.00> <Adapter> <Opcode : 'read' 'write' 'readreq' 'writereq' 'writeresp'>
ST_72 : Operation 155 [1/1] (0.00ns)   --->   "%ret_ln60 = ret" [fir.cpp:60]   --->   Operation 155 'ret' 'ret_ln60' <Predicate = true> <Delay = 0.00>


============================================================
+ Verbose Summary: Binding
============================================================
STG Binding: 
---------------- STG Properties BEGIN ----------------
- Is combinational: 0
- Is one-state seq: 0
- Is datapath-only: 0
- Is pipelined: 0
- Is top level: 0
Port [ Return ] is wired: 1; IO mode=ap_ctrl_hs:ce=0
Port [ output_r]:  wired=1; compound=1; hidden=0; nouse=0; global=0; static=0; extern=0; dir=0; type=1; pingpong=1; private_global=0; MemPort=[13]; IO mode=ap_memory:ce=0
Port [ gmem]:  wired=1; compound=1; hidden=0; nouse=0; global=0; static=0; extern=0; dir=1; type=4; pingpong=0; private_global=0; IO mode=m_axi:ce=0
Port [ out_r]:  wired=1; compound=1; hidden=0; nouse=0; global=0; static=0; extern=0; dir=0; type=3; pingpong=0; private_global=0; IO mode=ap_fifo:ce=0
Port [ p_read]:  wired=1; compound=0; hidden=0; nouse=0; global=0; static=0; extern=0; dir=0; type=0; pingpong=0; private_global=0; IO mode=ap_none:ce=0
---------------- STG Properties END ------------------

---------------- Datapath Model BEGIN ----------------

<LifeTime>
<method=bitvector/>
p_read_2          (read         ) [ 0011100000000000000000000000000000000000000000000000000000000000000000000]
out_1             (read         ) [ 0000000000000000000000000000000000000000000000000000000000000000000000000]
icmp_ln54         (icmp         ) [ 0000000000000000000000000000000000000000000000000000000000000000000000000]
trunc_ln54_1      (partselect   ) [ 0000000000000000000000000000000000000000000000000000000000000000000000000]
trunc_ln          (partselect   ) [ 0011100000000000000000000000000000000000000000000000000000000000000000000]
empty_47          (select       ) [ 0010000000000000000000000000000000000000000000000000000000000000000000000]
sext_ln54         (sext         ) [ 0000000000000000000000000000000000000000000000000000000000000000000000000]
gmem_addr         (getelementptr) [ 0001111111111111111111111111111111111111111111111111111111111111111111111]
zext_ln54         (zext         ) [ 0000000000000000000000000000000000000000000000000000000000000000000000000]
empty_48          (writereq     ) [ 0000000000000000000000000000000000000000000000000000000000000000000000000]
call_ln54         (call         ) [ 0000000000000000000000000000000000000000000000000000000000000000000000000]
specinterface_ln0 (specinterface) [ 0000000000000000000000000000000000000000000000000000000000000000000000000]
specinterface_ln0 (specinterface) [ 0000000000000000000000000000000000000000000000000000000000000000000000000]
empty_49          (writeresp    ) [ 0000000000000000000000000000000000000000000000000000000000000000000000000]
ret_ln60          (ret          ) [ 0000000000000000000000000000000000000000000000000000000000000000000000000]
</LifeTime>

<model>

<comp_list>
<comp id="0" class="1000" name="output_r">
<pin_list>
<pin id="1" dir="1" index="0" bw="1" slack="0"/>
</pin_list>
<bind>
<StgValue><ssdm name="output_r"/><MemPortTyVec>1 3 </MemPortTyVec>
</StgValue>
</bind>
</comp>

<comp id="2" class="1000" name="gmem">
<pin_list>
<pin id="3" dir="1" index="0" bw="1" slack="0"/>
</pin_list>
<bind>
<StgValue><ssdm name="gmem"/><MemPortTyVec>1 </MemPortTyVec>
</StgValue>
</bind>
</comp>

<comp id="4" class="1000" name="out_r">
<pin_list>
<pin id="5" dir="1" index="0" bw="1" slack="0"/>
</pin_list>
<bind>
<StgValue><ssdm name="out_r"/></StgValue>
</bind>
</comp>

<comp id="6" class="1000" name="p_read">
<pin_list>
<pin id="7" dir="1" index="0" bw="1" slack="0"/>
</pin_list>
<bind>
<StgValue><ssdm name="p_read"/></StgValue>
</bind>
</comp>

<comp id="8" class="1001" name="const_8">
<pin_list>
<pin id="9" dir="1" index="0" bw="1" slack="0"/>
</pin_list>
<bind>
<StgValue><ssdm name="_ssdm_op_Read.ap_auto.i32"/></StgValue>
</bind>
</comp>

<comp id="10" class="1001" name="const_10">
<pin_list>
<pin id="11" dir="1" index="0" bw="1" slack="0"/>
</pin_list>
<bind>
<StgValue><ssdm name="_ssdm_op_Read.ap_fifo.i64P0A"/></StgValue>
</bind>
</comp>

<comp id="12" class="1001" name="const_12">
<pin_list>
<pin id="13" dir="1" index="0" bw="1" slack="0"/>
</pin_list>
<bind>
<StgValue><ssdm name=""/></StgValue>
</bind>
</comp>

<comp id="14" class="1001" name="const_14">
<pin_list>
<pin id="15" dir="1" index="0" bw="1" slack="0"/>
</pin_list>
<bind>
<StgValue><ssdm name="_ssdm_op_PartSelect.i28.i32.i32.i32"/></StgValue>
</bind>
</comp>

<comp id="16" class="1001" name="const_16">
<pin_list>
<pin id="17" dir="1" index="0" bw="1" slack="0"/>
</pin_list>
<bind>
<StgValue><ssdm name=""/></StgValue>
</bind>
</comp>

<comp id="18" class="1001" name="const_18">
<pin_list>
<pin id="19" dir="1" index="0" bw="1" slack="0"/>
</pin_list>
<bind>
<StgValue><ssdm name=""/></StgValue>
</bind>
</comp>

<comp id="20" class="1001" name="const_20">
<pin_list>
<pin id="21" dir="1" index="0" bw="1" slack="0"/>
</pin_list>
<bind>
<StgValue><ssdm name="_ssdm_op_PartSelect.i59.i64.i32.i32"/></StgValue>
</bind>
</comp>

<comp id="22" class="1001" name="const_22">
<pin_list>
<pin id="23" dir="1" index="0" bw="1" slack="0"/>
</pin_list>
<bind>
<StgValue><ssdm name=""/></StgValue>
</bind>
</comp>

<comp id="24" class="1001" name="const_24">
<pin_list>
<pin id="25" dir="1" index="0" bw="1" slack="0"/>
</pin_list>
<bind>
<StgValue><ssdm name=""/></StgValue>
</bind>
</comp>

<comp id="26" class="1001" name="const_26">
<pin_list>
<pin id="27" dir="1" index="0" bw="1" slack="0"/>
</pin_list>
<bind>
<StgValue><ssdm name=""/></StgValue>
</bind>
</comp>

<comp id="28" class="1001" name="const_28">
<pin_list>
<pin id="29" dir="1" index="0" bw="1" slack="0"/>
</pin_list>
<bind>
<StgValue><ssdm name="_ssdm_op_WriteReq.m_axi.p1i256"/></StgValue>
</bind>
</comp>

<comp id="30" class="1001" name="const_30">
<pin_list>
<pin id="31" dir="1" index="0" bw="1" slack="0"/>
</pin_list>
<bind>
<StgValue><ssdm name="write_task_Pipeline_VITIS_LOOP_54_1"/></StgValue>
</bind>
</comp>

<comp id="32" class="1001" name="const_32">
<pin_list>
<pin id="33" dir="1" index="0" bw="1" slack="0"/>
</pin_list>
<bind>
<StgValue><ssdm name="_ssdm_op_WriteResp.m_axi.p1i256"/></StgValue>
</bind>
</comp>

<comp id="34" class="1001" name="const_34">
<pin_list>
<pin id="35" dir="1" index="0" bw="1" slack="2147483647"/>
</pin_list>
<bind>
<StgValue><ssdm name="_ssdm_op_SpecInterface"/></StgValue>
</bind>
</comp>

<comp id="36" class="1001" name="const_36">
<pin_list>
<pin id="37" dir="1" index="0" bw="1" slack="2147483647"/>
</pin_list>
<bind>
<StgValue><ssdm name="ap_fifo_str"/></StgValue>
</bind>
</comp>

<comp id="38" class="1001" name="const_38">
<pin_list>
<pin id="39" dir="1" index="0" bw="1" slack="2147483647"/>
</pin_list>
<bind>
<StgValue><ssdm name="p_str"/></StgValue>
</bind>
</comp>

<comp id="40" class="1001" name="const_40">
<pin_list>
<pin id="41" dir="1" index="0" bw="1" slack="2147483647"/>
</pin_list>
<bind>
<StgValue><ssdm name=""/></StgValue>
</bind>
</comp>

<comp id="42" class="1001" name="const_42">
<pin_list>
<pin id="43" dir="1" index="0" bw="1" slack="2147483647"/>
</pin_list>
<bind>
<StgValue><ssdm name=""/></StgValue>
</bind>
</comp>

<comp id="44" class="1001" name="const_44">
<pin_list>
<pin id="45" dir="1" index="0" bw="1" slack="2147483647"/>
</pin_list>
<bind>
<StgValue><ssdm name="ScalarProp_str"/></StgValue>
</bind>
</comp>

<comp id="46" class="1001" name="const_46">
<pin_list>
<pin id="47" dir="1" index="0" bw="1" slack="2147483647"/>
</pin_list>
<bind>
<StgValue><ssdm name=""/></StgValue>
</bind>
</comp>

<comp id="48" class="1001" name="const_48">
<pin_list>
<pin id="49" dir="1" index="0" bw="1" slack="2147483647"/>
</pin_list>
<bind>
<StgValue><ssdm name="empty_4"/></StgValue>
</bind>
</comp>

<comp id="50" class="1001" name="const_50">
<pin_list>
<pin id="51" dir="1" index="0" bw="1" slack="2147483647"/>
</pin_list>
<bind>
<StgValue><ssdm name="empty_3"/></StgValue>
</bind>
</comp>

<comp id="52" class="1001" name="const_52">
<pin_list>
<pin id="53" dir="1" index="0" bw="1" slack="2147483647"/>
</pin_list>
<bind>
<StgValue><ssdm name=""/></StgValue>
</bind>
</comp>

<comp id="54" class="1001" name="const_54">
<pin_list>
<pin id="55" dir="1" index="0" bw="1" slack="2147483647"/>
</pin_list>
<bind>
<StgValue><ssdm name=""/></StgValue>
</bind>
</comp>

<comp id="56" class="1001" name="const_56">
<pin_list>
<pin id="57" dir="1" index="0" bw="1" slack="2147483647"/>
</pin_list>
<bind>
<StgValue><ssdm name="empty_2"/></StgValue>
</bind>
</comp>

<comp id="58" class="1001" name="const_58">
<pin_list>
<pin id="59" dir="1" index="0" bw="1" slack="2147483647"/>
</pin_list>
<bind>
<StgValue><ssdm name="empty_1"/></StgValue>
</bind>
</comp>

<comp id="60" class="1004" name="p_read_2_read_fu_60">
<pin_list>
<pin id="61" dir="0" index="0" bw="32" slack="0"/>
<pin id="62" dir="0" index="1" bw="32" slack="0"/>
<pin id="63" dir="1" index="2" bw="32" slack="0"/>
</pin_list>
<bind>
<opcode="read(1150) " fcode="read"/>
<opset="p_read_2/1 "/>
</bind>
</comp>

<comp id="66" class="1004" name="out_1_read_fu_66">
<pin_list>
<pin id="67" dir="0" index="0" bw="64" slack="0"/>
<pin id="68" dir="0" index="1" bw="64" slack="0"/>
<pin id="69" dir="1" index="2" bw="64" slack="0"/>
</pin_list>
<bind>
<opcode="read(1150) " fcode="read"/>
<opset="out_1/1 "/>
</bind>
</comp>

<comp id="72" class="1004" name="grp_writeresp_fu_72">
<pin_list>
<pin id="73" dir="0" index="0" bw="1" slack="0"/>
<pin id="74" dir="0" index="1" bw="256" slack="0"/>
<pin id="75" dir="0" index="2" bw="28" slack="0"/>
<pin id="76" dir="1" index="3" bw="1" slack="2147483647"/>
</pin_list>
<bind>
<opcode="writereq(1155) writeresp(1158) " fcode="writeresp"/>
<opset="empty_48/2 empty_49/5 "/>
</bind>
</comp>

<comp id="79" class="1004" name="grp_write_task_Pipeline_VITIS_LOOP_54_1_fu_79">
<pin_list>
<pin id="80" dir="0" index="0" bw="0" slack="0"/>
<pin id="81" dir="0" index="1" bw="32" slack="2"/>
<pin id="82" dir="0" index="2" bw="256" slack="0"/>
<pin id="83" dir="0" index="3" bw="59" slack="2"/>
<pin id="84" dir="0" index="4" bw="19" slack="0"/>
<pin id="85" dir="1" index="5" bw="0" slack="2147483647"/>
</pin_list>
<bind>
<opcode="call(48) " fcode="call"/>
<opset="call_ln54/3 "/>
</bind>
</comp>

<comp id="89" class="1004" name="icmp_ln54_fu_89">
<pin_list>
<pin id="90" dir="0" index="0" bw="32" slack="0"/>
<pin id="91" dir="0" index="1" bw="1" slack="0"/>
<pin id="92" dir="1" index="2" bw="1" slack="0"/>
</pin_list>
<bind>
<opcode="icmp(45) " fcode="icmp"/>
<opset="icmp_ln54/1 "/>
</bind>
</comp>

<comp id="95" class="1004" name="trunc_ln54_1_fu_95">
<pin_list>
<pin id="96" dir="0" index="0" bw="28" slack="0"/>
<pin id="97" dir="0" index="1" bw="32" slack="0"/>
<pin id="98" dir="0" index="2" bw="3" slack="0"/>
<pin id="99" dir="0" index="3" bw="6" slack="0"/>
<pin id="100" dir="1" index="4" bw="28" slack="0"/>
</pin_list>
<bind>
<opcode="partselect(1002) " fcode="partselect"/>
<opset="trunc_ln54_1/1 "/>
</bind>
</comp>

<comp id="105" class="1004" name="trunc_ln_fu_105">
<pin_list>
<pin id="106" dir="0" index="0" bw="59" slack="0"/>
<pin id="107" dir="0" index="1" bw="64" slack="0"/>
<pin id="108" dir="0" index="2" bw="4" slack="0"/>
<pin id="109" dir="0" index="3" bw="7" slack="0"/>
<pin id="110" dir="1" index="4" bw="59" slack="1"/>
</pin_list>
<bind>
<opcode="partselect(1002) " fcode="partselect"/>
<opset="trunc_ln/1 "/>
</bind>
</comp>

<comp id="115" class="1004" name="empty_47_fu_115">
<pin_list>
<pin id="116" dir="0" index="0" bw="1" slack="0"/>
<pin id="117" dir="0" index="1" bw="28" slack="0"/>
<pin id="118" dir="0" index="2" bw="1" slack="0"/>
<pin id="119" dir="1" index="3" bw="28" slack="1"/>
</pin_list>
<bind>
<opcode="select(49) " fcode="select"/>
<opset="empty_47/1 "/>
</bind>
</comp>

<comp id="123" class="1004" name="sext_ln54_fu_123">
<pin_list>
<pin id="124" dir="0" index="0" bw="59" slack="1"/>
<pin id="125" dir="1" index="1" bw="64" slack="0"/>
</pin_list>
<bind>
<opcode="sext(35) " fcode="sext"/>
<opset="sext_ln54/2 "/>
</bind>
</comp>

<comp id="126" class="1004" name="gmem_addr_fu_126">
<pin_list>
<pin id="127" dir="0" index="0" bw="256" slack="0"/>
<pin id="128" dir="0" index="1" bw="59" slack="0"/>
<pin id="129" dir="1" index="2" bw="256" slack="0"/>
</pin_list>
<bind>
<opcode="getelementptr(29) " fcode="getelementptr"/>
<opset="gmem_addr/2 "/>
</bind>
</comp>

<comp id="133" class="1004" name="zext_ln54_fu_133">
<pin_list>
<pin id="134" dir="0" index="0" bw="28" slack="1"/>
<pin id="135" dir="1" index="1" bw="64" slack="0"/>
</pin_list>
<bind>
<opcode="zext(34) " fcode="zext"/>
<opset="zext_ln54/2 "/>
</bind>
</comp>

<comp id="137" class="1005" name="p_read_2_reg_137">
<pin_list>
<pin id="138" dir="0" index="0" bw="32" slack="2"/>
<pin id="139" dir="1" index="1" bw="32" slack="2"/>
</pin_list>
<bind>
<opset="p_read_2 "/>
</bind>
</comp>

<comp id="142" class="1005" name="trunc_ln_reg_142">
<pin_list>
<pin id="143" dir="0" index="0" bw="59" slack="1"/>
<pin id="144" dir="1" index="1" bw="59" slack="1"/>
</pin_list>
<bind>
<opset="trunc_ln "/>
</bind>
</comp>

<comp id="148" class="1005" name="empty_47_reg_148">
<pin_list>
<pin id="149" dir="0" index="0" bw="28" slack="1"/>
<pin id="150" dir="1" index="1" bw="28" slack="1"/>
</pin_list>
<bind>
<opset="empty_47 "/>
</bind>
</comp>

<comp id="153" class="1005" name="gmem_addr_reg_153">
<pin_list>
<pin id="154" dir="0" index="0" bw="256" slack="3"/>
<pin id="155" dir="1" index="1" bw="256" slack="3"/>
</pin_list>
<bind>
<opset="gmem_addr "/>
</bind>
</comp>

</comp_list>

<net_list>
<net id="64"><net_src comp="8" pin="0"/><net_sink comp="60" pin=0"/></net>

<net id="65"><net_src comp="6" pin="0"/><net_sink comp="60" pin=1"/></net>

<net id="70"><net_src comp="10" pin="0"/><net_sink comp="66" pin=0"/></net>

<net id="71"><net_src comp="4" pin="0"/><net_sink comp="66" pin=1"/></net>

<net id="77"><net_src comp="28" pin="0"/><net_sink comp="72" pin=0"/></net>

<net id="78"><net_src comp="32" pin="0"/><net_sink comp="72" pin=0"/></net>

<net id="86"><net_src comp="30" pin="0"/><net_sink comp="79" pin=0"/></net>

<net id="87"><net_src comp="2" pin="0"/><net_sink comp="79" pin=2"/></net>

<net id="88"><net_src comp="0" pin="0"/><net_sink comp="79" pin=4"/></net>

<net id="93"><net_src comp="60" pin="2"/><net_sink comp="89" pin=0"/></net>

<net id="94"><net_src comp="12" pin="0"/><net_sink comp="89" pin=1"/></net>

<net id="101"><net_src comp="14" pin="0"/><net_sink comp="95" pin=0"/></net>

<net id="102"><net_src comp="60" pin="2"/><net_sink comp="95" pin=1"/></net>

<net id="103"><net_src comp="16" pin="0"/><net_sink comp="95" pin=2"/></net>

<net id="104"><net_src comp="18" pin="0"/><net_sink comp="95" pin=3"/></net>

<net id="111"><net_src comp="20" pin="0"/><net_sink comp="105" pin=0"/></net>

<net id="112"><net_src comp="66" pin="2"/><net_sink comp="105" pin=1"/></net>

<net id="113"><net_src comp="22" pin="0"/><net_sink comp="105" pin=2"/></net>

<net id="114"><net_src comp="24" pin="0"/><net_sink comp="105" pin=3"/></net>

<net id="120"><net_src comp="89" pin="2"/><net_sink comp="115" pin=0"/></net>

<net id="121"><net_src comp="95" pin="4"/><net_sink comp="115" pin=1"/></net>

<net id="122"><net_src comp="26" pin="0"/><net_sink comp="115" pin=2"/></net>

<net id="130"><net_src comp="2" pin="0"/><net_sink comp="126" pin=0"/></net>

<net id="131"><net_src comp="123" pin="1"/><net_sink comp="126" pin=1"/></net>

<net id="132"><net_src comp="126" pin="2"/><net_sink comp="72" pin=1"/></net>

<net id="136"><net_src comp="133" pin="1"/><net_sink comp="72" pin=2"/></net>

<net id="140"><net_src comp="60" pin="2"/><net_sink comp="137" pin=0"/></net>

<net id="141"><net_src comp="137" pin="1"/><net_sink comp="79" pin=1"/></net>

<net id="145"><net_src comp="105" pin="4"/><net_sink comp="142" pin=0"/></net>

<net id="146"><net_src comp="142" pin="1"/><net_sink comp="123" pin=0"/></net>

<net id="147"><net_src comp="142" pin="1"/><net_sink comp="79" pin=3"/></net>

<net id="151"><net_src comp="115" pin="3"/><net_sink comp="148" pin=0"/></net>

<net id="152"><net_src comp="148" pin="1"/><net_sink comp="133" pin=0"/></net>

<net id="156"><net_src comp="126" pin="2"/><net_sink comp="153" pin=0"/></net>

<net id="157"><net_src comp="153" pin="1"/><net_sink comp="72" pin=1"/></net>

</net_list>

</model> 
---------------- Datapath Model END ------------------

* FSMD analyzer results:
  - Output states:
	Port: gmem | {2 3 4 5 6 7 8 9 10 11 12 13 14 15 16 17 18 19 20 21 22 23 24 25 26 27 28 29 30 31 32 33 34 35 36 37 38 39 40 41 42 43 44 45 46 47 48 49 50 51 52 53 54 55 56 57 58 59 60 61 62 63 64 65 66 67 68 69 70 71 72 }
 - Input state : 
	Port: write_task : output_r | {3 4 }
	Port: write_task : out_r | {1 }
	Port: write_task : p_read | {1 }
  - Chain level:
	State 1
		empty_47 : 1
	State 2
		gmem_addr : 1
		empty_48 : 2
	State 3
	State 4
	State 5
	State 6
	State 7
	State 8
	State 9
	State 10
	State 11
	State 12
	State 13
	State 14
	State 15
	State 16
	State 17
	State 18
	State 19
	State 20
	State 21
	State 22
	State 23
	State 24
	State 25
	State 26
	State 27
	State 28
	State 29
	State 30
	State 31
	State 32
	State 33
	State 34
	State 35
	State 36
	State 37
	State 38
	State 39
	State 40
	State 41
	State 42
	State 43
	State 44
	State 45
	State 46
	State 47
	State 48
	State 49
	State 50
	State 51
	State 52
	State 53
	State 54
	State 55
	State 56
	State 57
	State 58
	State 59
	State 60
	State 61
	State 62
	State 63
	State 64
	State 65
	State 66
	State 67
	State 68
	State 69
	State 70
	State 71
	State 72


============================================================
+ Verbose Summary: Datapath Resource usage 
============================================================

* Functional unit list:
|----------|-----------------------------------------------|---------|---------|---------|
| Operation|                Functional Unit                |  Delay  |    FF   |   LUT   |
|----------|-----------------------------------------------|---------|---------|---------|
|   call   | grp_write_task_Pipeline_VITIS_LOOP_54_1_fu_79 |  0.427  |   389   |   515   |
|----------|-----------------------------------------------|---------|---------|---------|
|   icmp   |                icmp_ln54_fu_89                |    0    |    0    |    39   |
|----------|-----------------------------------------------|---------|---------|---------|
|  select  |                empty_47_fu_115                |    0    |    0    |    28   |
|----------|-----------------------------------------------|---------|---------|---------|
|   read   |              p_read_2_read_fu_60              |    0    |    0    |    0    |
|          |                out_1_read_fu_66               |    0    |    0    |    0    |
|----------|-----------------------------------------------|---------|---------|---------|
| writeresp|              grp_writeresp_fu_72              |    0    |    0    |    0    |
|----------|-----------------------------------------------|---------|---------|---------|
|partselect|               trunc_ln54_1_fu_95              |    0    |    0    |    0    |
|          |                trunc_ln_fu_105                |    0    |    0    |    0    |
|----------|-----------------------------------------------|---------|---------|---------|
|   sext   |                sext_ln54_fu_123               |    0    |    0    |    0    |
|----------|-----------------------------------------------|---------|---------|---------|
|   zext   |                zext_ln54_fu_133               |    0    |    0    |    0    |
|----------|-----------------------------------------------|---------|---------|---------|
|   Total  |                                               |  0.427  |   389   |   582   |
|----------|-----------------------------------------------|---------|---------|---------|

Memories:
N/A

* Register list:
+-----------------+--------+
|                 |   FF   |
+-----------------+--------+
| empty_47_reg_148|   28   |
|gmem_addr_reg_153|   256  |
| p_read_2_reg_137|   32   |
| trunc_ln_reg_142|   59   |
+-----------------+--------+
|      Total      |   375  |
+-----------------+--------+

* Multiplexer (MUX) list: 
|---------------------|------|------|------|--------||---------||---------||---------|
|         Comp        |  Pin | Size |  BW  | S x BW ||  Delay  ||    FF   ||   LUT   |
|---------------------|------|------|------|--------||---------||---------||---------|
| grp_writeresp_fu_72 |  p0  |   2  |   1  |    2   |
| grp_writeresp_fu_72 |  p1  |   2  |  256 |   512  ||    0    ||    9    |
|---------------------|------|------|------|--------||---------||---------||---------|
|        Total        |      |      |      |   514  ||  0.854  ||    0    ||    9    |
|---------------------|------|------|------|--------||---------||---------||---------|



* Summary:
+-----------+--------+--------+--------+
|           |  Delay |   FF   |   LUT  |
+-----------+--------+--------+--------+
|  Function |    0   |   389  |   582  |
|   Memory  |    -   |    -   |    -   |
|Multiplexer|    0   |    0   |    9   |
|  Register |    -   |   375  |    -   |
+-----------+--------+--------+--------+
|   Total   |    1   |   764  |   591  |
+-----------+--------+--------+--------+
