================================================================
== Vivado Place & Route Results
================================================================
+ General Information:
    * Date:            Sun Feb 23 15:03:17 EST 2025
    * Version:         2024.2 (Build 5238294 on Nov  8 2024)
    * Project:         fir1
    * Solution:        hls (Vitis Kernel Flow Target)
    * Product family:  zynquplusRFSOC
    * Target device:   xczu48dr-ffvg1517-2-e


================================================================
== Run Constraints & Options
================================================================
+ Design Constraints & Options:
    * Place & Route target clock:  5 ns
    * C-Synthesis target clock:    5 ns
    * C-Synthesis uncertainty:     27%

+ RTL Synthesis Options:
    * config_export -vivado_synth_strategy:     default
    * config_export -vivado_synth_design_args:  -directive sdx_optimization_effort_high

+ Place & Route Options:
    * config_export -vivado_impl_strategy:  default
    * config_export -vivado_phys_opt:       auto

+ Reporting Options:
    * config_export -vivado_report_level:      2
    * config_export -vivado_max_timing_paths:  10


================================================================
== Place & Route Resource Summary
================================================================
LUT:              4485
FF:               4700
DSP:              0
BRAM:             21
URAM:             0
SRL:              885


================================================================
== Place & Route Timing Summary
================================================================
* Timing was met
+----------------+-------------+
| Timing         | Period (ns) |
+----------------+-------------+
| Target         | 5.000       |
| Post-Synthesis | 3.037       |
| Post-Route     | 3.490       |
+----------------+-------------+


================================================================
== Place & Route Resources
================================================================
+-------------------------------------------------------+------+------+-----+------+------+-----+--------+------+---------+----------+--------+
| Name                                                  | LUT  | FF   | DSP | BRAM | URAM | SRL | Pragma | Impl | Latency | Variable | Source |
+-------------------------------------------------------+------+------+-----+------+------+-----+--------+------+---------+----------+--------+
| inst                                                  | 4485 | 4700 |     | 21   |      |     |        |      |         |          |        |
|   (inst)                                              | 1    | 10   |     |      |      |     |        |      |         |          |        |
|   N_c1_channel_U                                      | 27   | 70   |     |      |      |     |        |      |         |          |        |
|   N_c_channel_U                                       | 39   | 70   |     |      |      |     |        |      |         |          |        |
|   control_s_axi_U                                     | 199  | 215  |     |      |      |     |        |      |         |          |        |
|   fir_U0                                              | 1173 | 536  |     |      |      |     |        |      |         |          |        |
|     (fir_U0)                                          | 200  | 534  |     |      |      |     |        |      |         |          |        |
|     mul_17s_12ns_29_1_1_U14                           | 90   |      |     |      |      |     |        |      |         |          |        |
|     mul_17s_13ns_30_1_1_U18                           | 79   |      |     |      |      |     |        |      |         |          |        |
|     mul_17s_13s_30_1_1_U19                            | 101  |      |     |      |      |     |        |      |         |          |        |
|     mul_17s_14ns_31_1_1_U17                           | 126  |      |     |      |      |     |        |      |         |          |        |
|     mul_17s_14s_31_1_1_U13                            | 113  |      |     |      |      |     |        |      |         |          |        |
|     mul_17s_15ns_32_1_1_U12                           | 100  |      |     |      |      |     |        |      |         |          |        |
|     mul_17s_15ns_32_1_1_U15                           | 100  |      |     |      |      |     |        |      |         |          |        |
|     mul_17s_15s_32_1_1_U11                            | 99   |      |     |      |      |     |        |      |         |          |        |
|     mul_17s_15s_32_1_1_U16                            | 107  |      |     |      |      |     |        |      |         |          |        |
|   gmem_m_axi_U                                        | 2108 | 2559 |     | 16   |      |     |        |      |         |          |        |
|   input_r_U                                           | 8    | 6    |     | 2    |      |     |        |      |         |          |        |
|   out_r_c_U                                           | 41   | 7    |     |      |      |     |        |      |         |          |        |
|   output_r_U                                          | 65   | 6    |     | 3    |      |     |        |      |         |          |        |
|   read_task_U0                                        | 611  | 713  |     |      |      |     |        |      |         |          |        |
|     (read_task_U0)                                    | 464  | 643  |     |      |      |     |        |      |         |          |        |
|     fpext_32ns_64_2_no_dsp_1_U3                       | 87   | 68   |     |      |      |     |        |      |         |          |        |
|   write_task_U0                                       | 217  | 508  |     |      |      |     |        |      |         |          |        |
|     (write_task_U0)                                   | 63   | 193  |     |      |      |     |        |      |         |          |        |
|     grp_write_task_Pipeline_VITIS_LOOP_54_1_fu_79     | 154  | 315  |     |      |      |     |        |      |         |          |        |
|       (grp_write_task_Pipeline_VITIS_LOOP_54_1_fu_79) | 77   | 313  |     |      |      |     |        |      |         |          |        |
|       flow_control_loop_pipe_sequential_init_U        | 77   | 2    |     |      |      |     |        |      |         |          |        |
+-------------------------------------------------------+------+------+-----+------+------+-----+--------+------+---------+----------+--------+


================================================================
== Place & Route Fail Fast
================================================================
+-----------------------------------------------------------+-----------+--------+--------+
| Criteria                                                  | Guideline | Actual | Status |
+-----------------------------------------------------------+-----------+--------+--------+
| LUT                                                       | 70%       | 1.05%  | OK     |
| FD                                                        | 50%       | 0.55%  | OK     |
| LUTRAM+SRL                                                | 25%       | 0.41%  | OK     |
| CARRY8                                                    | 25%       | 0.51%  | OK     |
| MUXF7                                                     | 15%       | 0.08%  | OK     |
| DSP                                                       | 80%       | 0.00%  | OK     |
| RAMB/FIFO                                                 | 80%       | 0.97%  | OK     |
| URAM                                                      | 80%       | 0.00%  | OK     |
| DSP+RAMB+URAM (Avg)                                       | 70%       | 0.97%  | OK     |
| BUFGCE* + BUFGCTRL                                        | 24        | 0      | OK     |
| DONT_TOUCH (cells/nets)                                   | 0         | 0      | OK     |
| MARK_DEBUG (nets)                                         | 0         | 0      | OK     |
| Control Sets                                              | 7974      | 111    | OK     |
| Average Fanout for modules > 100k cells                   | 4         | 2.70   | OK     |
| Max Average Fanout for modules > 100k cells               | 4         | 0      | OK     |
| Non-FD high fanout nets > 10k loads                       | 0         | 0      | OK     |
+-----------------------------------------------------------+-----------+--------+--------+
| TIMING-6 (No common primary clock between related clocks) | 0         | 0      | OK     |
| TIMING-7 (No common node between related clocks)          | 0         | 0      | OK     |
| TIMING-8 (No common period between related clocks)        | 0         | 0      | OK     |
| TIMING-14 (LUT on the clock tree)                         | 0         | 0      | OK     |
| TIMING-35 (No common node in paths with the same clock)   | 0         | 0      | OK     |
+-----------------------------------------------------------+-----------+--------+--------+
| Number of paths above max LUT budgeting (0.300ns)         | 0         | 0      | OK     |
| Number of paths above max Net budgeting (0.208ns)         | 0         | 0      | OK     |
+-----------------------------------------------------------+-----------+--------+--------+


================================================================
== Place & Route Timing Paths
================================================================
* Timing was met
+-------+-------+------------------------------+--------------------------------+--------------+------------+----------------+----------------+--------------+
| Path  | SLACK | STARTPOINT PIN               | ENDPOINT PIN                   | LOGIC LEVELS | MAX FANOUT | DATAPATH DELAY | DATAPATH LOGIC | DATAPATH NET |
|       |       |                              |                                |              |            |                |          DELAY |        DELAY |
+-------+-------+------------------------------+--------------------------------+--------------+------------+----------------+----------------+--------------+
| Path1 | 1.510 | fir_U0/reg_6_fu_116_reg[0]/C | fir_U0/tmp_1_reg_787_reg[18]/D |           13 |         15 |          3.473 |          1.702 |        1.771 |
| Path2 | 1.517 | fir_U0/reg_6_fu_116_reg[0]/C | fir_U0/tmp_1_reg_787_reg[16]/D |           13 |         15 |          3.466 |          1.696 |        1.770 |
| Path3 | 1.525 | fir_U0/reg_6_fu_116_reg[0]/C | fir_U0/tmp_1_reg_787_reg[17]/D |           13 |         15 |          3.458 |          1.687 |        1.771 |
| Path4 | 1.537 | fir_U0/reg_6_fu_116_reg[0]/C | fir_U0/tmp_1_reg_787_reg[15]/D |           13 |         15 |          3.446 |          1.676 |        1.770 |
| Path5 | 1.639 | fir_U0/reg_6_fu_116_reg[0]/C | fir_U0/tmp_1_reg_787_reg[14]/D |           12 |         15 |          3.344 |          1.599 |        1.745 |
+-------+-------+------------------------------+--------------------------------+--------------+------------+----------------+----------------+--------------+

    +-----------------------------------------------------------+-------------------+
    | Path1 Cells                                               | Primitive Type    |
    +-----------------------------------------------------------+-------------------+
    | fir_U0/reg_6_fu_116_reg[0]                                | REGISTER.SDR.FDRE |
    | fir_U0/mul_17s_14ns_31_1_1_U17/tmp_1_reg_787_reg[6]_i_47  | CLB.CARRY.CARRY8  |
    | fir_U0/mul_17s_14ns_31_1_1_U17/tmp_1_reg_787_reg[6]_i_78  | CLB.CARRY.CARRY8  |
    | fir_U0/mul_17s_14ns_31_1_1_U17/tmp_1_reg_787[6]_i_82      | CLB.LUT.LUT3      |
    | fir_U0/mul_17s_14ns_31_1_1_U17/tmp_1_reg_787_reg[6]_i_45  | CLB.CARRY.CARRY8  |
    | fir_U0/mul_17s_14ns_31_1_1_U17/tmp_1_reg_787_reg[18]_i_49 | CLB.CARRY.CARRY8  |
    | fir_U0/mul_17s_14ns_31_1_1_U17/tmp_1_reg_787[18]_i_59     | CLB.LUT.LUT3      |
    | fir_U0/mul_17s_14ns_31_1_1_U17/tmp_1_reg_787[18]_i_31     | CLB.LUT.LUT5      |
    | fir_U0/mul_17s_14ns_31_1_1_U17/tmp_1_reg_787[18]_i_39     | CLB.LUT.LUT6      |
    | fir_U0/mul_17s_14ns_31_1_1_U17/tmp_1_reg_787_reg[18]_i_9  | CLB.CARRY.CARRY8  |
    | fir_U0/mul_17s_14ns_31_1_1_U17/tmp_1_reg_787_reg[18]_i_3  | CLB.CARRY.CARRY8  |
    | fir_U0/mul_17s_14ns_31_1_1_U17/tmp_1_reg_787[14]_i_5      | CLB.LUT.LUT2      |
    | fir_U0/mul_17s_14ns_31_1_1_U17/tmp_1_reg_787_reg[14]_i_1  | CLB.CARRY.CARRY8  |
    | fir_U0/mul_17s_14ns_31_1_1_U17/tmp_1_reg_787_reg[18]_i_1  | CLB.CARRY.CARRY8  |
    | fir_U0/tmp_1_reg_787_reg[18]                              | REGISTER.SDR.FDRE |
    | fir_U0/reg_6_fu_116_reg[0]                                | REGISTER.SDR.FDRE |
    | fir_U0/mul_17s_14ns_31_1_1_U17/tmp_1_reg_787_reg[6]_i_47  | CLB.CARRY.CARRY8  |
    | fir_U0/mul_17s_14ns_31_1_1_U17/tmp_1_reg_787_reg[6]_i_78  | CLB.CARRY.CARRY8  |
    | fir_U0/mul_17s_14ns_31_1_1_U17/tmp_1_reg_787[6]_i_82      | CLB.LUT.LUT3      |
    | fir_U0/mul_17s_14ns_31_1_1_U17/tmp_1_reg_787_reg[6]_i_45  | CLB.CARRY.CARRY8  |
    | fir_U0/mul_17s_14ns_31_1_1_U17/tmp_1_reg_787_reg[18]_i_49 | CLB.CARRY.CARRY8  |
    | fir_U0/mul_17s_14ns_31_1_1_U17/tmp_1_reg_787[18]_i_59     | CLB.LUT.LUT3      |
    | fir_U0/mul_17s_14ns_31_1_1_U17/tmp_1_reg_787[18]_i_31     | CLB.LUT.LUT5      |
    | fir_U0/mul_17s_14ns_31_1_1_U17/tmp_1_reg_787[18]_i_39     | CLB.LUT.LUT6      |
    | fir_U0/mul_17s_14ns_31_1_1_U17/tmp_1_reg_787_reg[18]_i_9  | CLB.CARRY.CARRY8  |
    | fir_U0/mul_17s_14ns_31_1_1_U17/tmp_1_reg_787_reg[18]_i_3  | CLB.CARRY.CARRY8  |
    | fir_U0/mul_17s_14ns_31_1_1_U17/tmp_1_reg_787[14]_i_5      | CLB.LUT.LUT2      |
    | fir_U0/mul_17s_14ns_31_1_1_U17/tmp_1_reg_787_reg[14]_i_1  | CLB.CARRY.CARRY8  |
    | fir_U0/mul_17s_14ns_31_1_1_U17/tmp_1_reg_787_reg[18]_i_1  | CLB.CARRY.CARRY8  |
    | fir_U0/tmp_1_reg_787_reg[16]                              | REGISTER.SDR.FDRE |
    | fir_U0/reg_6_fu_116_reg[0]                                | REGISTER.SDR.FDRE |
    | fir_U0/mul_17s_14ns_31_1_1_U17/tmp_1_reg_787_reg[6]_i_47  | CLB.CARRY.CARRY8  |
    | fir_U0/mul_17s_14ns_31_1_1_U17/tmp_1_reg_787_reg[6]_i_78  | CLB.CARRY.CARRY8  |
    | fir_U0/mul_17s_14ns_31_1_1_U17/tmp_1_reg_787[6]_i_82      | CLB.LUT.LUT3      |
    | fir_U0/mul_17s_14ns_31_1_1_U17/tmp_1_reg_787_reg[6]_i_45  | CLB.CARRY.CARRY8  |
    | fir_U0/mul_17s_14ns_31_1_1_U17/tmp_1_reg_787_reg[18]_i_49 | CLB.CARRY.CARRY8  |
    | fir_U0/mul_17s_14ns_31_1_1_U17/tmp_1_reg_787[18]_i_59     | CLB.LUT.LUT3      |
    | fir_U0/mul_17s_14ns_31_1_1_U17/tmp_1_reg_787[18]_i_31     | CLB.LUT.LUT5      |
    | fir_U0/mul_17s_14ns_31_1_1_U17/tmp_1_reg_787[18]_i_39     | CLB.LUT.LUT6      |
    | fir_U0/mul_17s_14ns_31_1_1_U17/tmp_1_reg_787_reg[18]_i_9  | CLB.CARRY.CARRY8  |
    | fir_U0/mul_17s_14ns_31_1_1_U17/tmp_1_reg_787_reg[18]_i_3  | CLB.CARRY.CARRY8  |
    | fir_U0/mul_17s_14ns_31_1_1_U17/tmp_1_reg_787[14]_i_5      | CLB.LUT.LUT2      |
    | fir_U0/mul_17s_14ns_31_1_1_U17/tmp_1_reg_787_reg[14]_i_1  | CLB.CARRY.CARRY8  |
    | fir_U0/mul_17s_14ns_31_1_1_U17/tmp_1_reg_787_reg[18]_i_1  | CLB.CARRY.CARRY8  |
    | fir_U0/tmp_1_reg_787_reg[17]                              | REGISTER.SDR.FDRE |
    | fir_U0/reg_6_fu_116_reg[0]                                | REGISTER.SDR.FDRE |
    | fir_U0/mul_17s_14ns_31_1_1_U17/tmp_1_reg_787_reg[6]_i_47  | CLB.CARRY.CARRY8  |
    | fir_U0/mul_17s_14ns_31_1_1_U17/tmp_1_reg_787_reg[6]_i_78  | CLB.CARRY.CARRY8  |
    | fir_U0/mul_17s_14ns_31_1_1_U17/tmp_1_reg_787[6]_i_82      | CLB.LUT.LUT3      |
    | fir_U0/mul_17s_14ns_31_1_1_U17/tmp_1_reg_787_reg[6]_i_45  | CLB.CARRY.CARRY8  |
    | fir_U0/mul_17s_14ns_31_1_1_U17/tmp_1_reg_787_reg[18]_i_49 | CLB.CARRY.CARRY8  |
    | fir_U0/mul_17s_14ns_31_1_1_U17/tmp_1_reg_787[18]_i_59     | CLB.LUT.LUT3      |
    | fir_U0/mul_17s_14ns_31_1_1_U17/tmp_1_reg_787[18]_i_31     | CLB.LUT.LUT5      |
    | fir_U0/mul_17s_14ns_31_1_1_U17/tmp_1_reg_787[18]_i_39     | CLB.LUT.LUT6      |
    | fir_U0/mul_17s_14ns_31_1_1_U17/tmp_1_reg_787_reg[18]_i_9  | CLB.CARRY.CARRY8  |
    | fir_U0/mul_17s_14ns_31_1_1_U17/tmp_1_reg_787_reg[18]_i_3  | CLB.CARRY.CARRY8  |
    | fir_U0/mul_17s_14ns_31_1_1_U17/tmp_1_reg_787[14]_i_5      | CLB.LUT.LUT2      |
    | fir_U0/mul_17s_14ns_31_1_1_U17/tmp_1_reg_787_reg[14]_i_1  | CLB.CARRY.CARRY8  |
    | fir_U0/mul_17s_14ns_31_1_1_U17/tmp_1_reg_787_reg[18]_i_1  | CLB.CARRY.CARRY8  |
    | fir_U0/tmp_1_reg_787_reg[15]                              | REGISTER.SDR.FDRE |
    | fir_U0/reg_6_fu_116_reg[0]                                | REGISTER.SDR.FDRE |
    | fir_U0/mul_17s_14ns_31_1_1_U17/tmp_1_reg_787_reg[6]_i_47  | CLB.CARRY.CARRY8  |
    | fir_U0/mul_17s_14ns_31_1_1_U17/tmp_1_reg_787_reg[6]_i_78  | CLB.CARRY.CARRY8  |
    | fir_U0/mul_17s_14ns_31_1_1_U17/tmp_1_reg_787[6]_i_82      | CLB.LUT.LUT3      |
    | fir_U0/mul_17s_14ns_31_1_1_U17/tmp_1_reg_787_reg[6]_i_45  | CLB.CARRY.CARRY8  |
    | fir_U0/mul_17s_14ns_31_1_1_U17/tmp_1_reg_787_reg[18]_i_49 | CLB.CARRY.CARRY8  |
    | fir_U0/mul_17s_14ns_31_1_1_U17/tmp_1_reg_787[18]_i_59     | CLB.LUT.LUT3      |
    | fir_U0/mul_17s_14ns_31_1_1_U17/tmp_1_reg_787[18]_i_31     | CLB.LUT.LUT5      |
    | fir_U0/mul_17s_14ns_31_1_1_U17/tmp_1_reg_787[18]_i_39     | CLB.LUT.LUT6      |
    | fir_U0/mul_17s_14ns_31_1_1_U17/tmp_1_reg_787_reg[18]_i_9  | CLB.CARRY.CARRY8  |
    | fir_U0/mul_17s_14ns_31_1_1_U17/tmp_1_reg_787_reg[18]_i_3  | CLB.CARRY.CARRY8  |
    | fir_U0/mul_17s_14ns_31_1_1_U17/tmp_1_reg_787[14]_i_5      | CLB.LUT.LUT2      |
    | fir_U0/mul_17s_14ns_31_1_1_U17/tmp_1_reg_787_reg[14]_i_1  | CLB.CARRY.CARRY8  |
    | fir_U0/tmp_1_reg_787_reg[14]                              | REGISTER.SDR.FDRE |
    +-----------------------------------------------------------+-------------------+

    +-----------------------------------------------------------+-------------------+
    | Path2 Cells                                               | Primitive Type    |
    +-----------------------------------------------------------+-------------------+
    | fir_U0/reg_6_fu_116_reg[0]                                | REGISTER.SDR.FDRE |
    | fir_U0/mul_17s_14ns_31_1_1_U17/tmp_1_reg_787_reg[6]_i_47  | CLB.CARRY.CARRY8  |
    | fir_U0/mul_17s_14ns_31_1_1_U17/tmp_1_reg_787_reg[6]_i_78  | CLB.CARRY.CARRY8  |
    | fir_U0/mul_17s_14ns_31_1_1_U17/tmp_1_reg_787[6]_i_82      | CLB.LUT.LUT3      |
    | fir_U0/mul_17s_14ns_31_1_1_U17/tmp_1_reg_787_reg[6]_i_45  | CLB.CARRY.CARRY8  |
    | fir_U0/mul_17s_14ns_31_1_1_U17/tmp_1_reg_787_reg[18]_i_49 | CLB.CARRY.CARRY8  |
    | fir_U0/mul_17s_14ns_31_1_1_U17/tmp_1_reg_787[18]_i_59     | CLB.LUT.LUT3      |
    | fir_U0/mul_17s_14ns_31_1_1_U17/tmp_1_reg_787[18]_i_31     | CLB.LUT.LUT5      |
    | fir_U0/mul_17s_14ns_31_1_1_U17/tmp_1_reg_787[18]_i_39     | CLB.LUT.LUT6      |
    | fir_U0/mul_17s_14ns_31_1_1_U17/tmp_1_reg_787_reg[18]_i_9  | CLB.CARRY.CARRY8  |
    | fir_U0/mul_17s_14ns_31_1_1_U17/tmp_1_reg_787_reg[18]_i_3  | CLB.CARRY.CARRY8  |
    | fir_U0/mul_17s_14ns_31_1_1_U17/tmp_1_reg_787[14]_i_5      | CLB.LUT.LUT2      |
    | fir_U0/mul_17s_14ns_31_1_1_U17/tmp_1_reg_787_reg[14]_i_1  | CLB.CARRY.CARRY8  |
    | fir_U0/mul_17s_14ns_31_1_1_U17/tmp_1_reg_787_reg[18]_i_1  | CLB.CARRY.CARRY8  |
    | fir_U0/tmp_1_reg_787_reg[18]                              | REGISTER.SDR.FDRE |
    | fir_U0/reg_6_fu_116_reg[0]                                | REGISTER.SDR.FDRE |
    | fir_U0/mul_17s_14ns_31_1_1_U17/tmp_1_reg_787_reg[6]_i_47  | CLB.CARRY.CARRY8  |
    | fir_U0/mul_17s_14ns_31_1_1_U17/tmp_1_reg_787_reg[6]_i_78  | CLB.CARRY.CARRY8  |
    | fir_U0/mul_17s_14ns_31_1_1_U17/tmp_1_reg_787[6]_i_82      | CLB.LUT.LUT3      |
    | fir_U0/mul_17s_14ns_31_1_1_U17/tmp_1_reg_787_reg[6]_i_45  | CLB.CARRY.CARRY8  |
    | fir_U0/mul_17s_14ns_31_1_1_U17/tmp_1_reg_787_reg[18]_i_49 | CLB.CARRY.CARRY8  |
    | fir_U0/mul_17s_14ns_31_1_1_U17/tmp_1_reg_787[18]_i_59     | CLB.LUT.LUT3      |
    | fir_U0/mul_17s_14ns_31_1_1_U17/tmp_1_reg_787[18]_i_31     | CLB.LUT.LUT5      |
    | fir_U0/mul_17s_14ns_31_1_1_U17/tmp_1_reg_787[18]_i_39     | CLB.LUT.LUT6      |
    | fir_U0/mul_17s_14ns_31_1_1_U17/tmp_1_reg_787_reg[18]_i_9  | CLB.CARRY.CARRY8  |
    | fir_U0/mul_17s_14ns_31_1_1_U17/tmp_1_reg_787_reg[18]_i_3  | CLB.CARRY.CARRY8  |
    | fir_U0/mul_17s_14ns_31_1_1_U17/tmp_1_reg_787[14]_i_5      | CLB.LUT.LUT2      |
    | fir_U0/mul_17s_14ns_31_1_1_U17/tmp_1_reg_787_reg[14]_i_1  | CLB.CARRY.CARRY8  |
    | fir_U0/mul_17s_14ns_31_1_1_U17/tmp_1_reg_787_reg[18]_i_1  | CLB.CARRY.CARRY8  |
    | fir_U0/tmp_1_reg_787_reg[16]                              | REGISTER.SDR.FDRE |
    | fir_U0/reg_6_fu_116_reg[0]                                | REGISTER.SDR.FDRE |
    | fir_U0/mul_17s_14ns_31_1_1_U17/tmp_1_reg_787_reg[6]_i_47  | CLB.CARRY.CARRY8  |
    | fir_U0/mul_17s_14ns_31_1_1_U17/tmp_1_reg_787_reg[6]_i_78  | CLB.CARRY.CARRY8  |
    | fir_U0/mul_17s_14ns_31_1_1_U17/tmp_1_reg_787[6]_i_82      | CLB.LUT.LUT3      |
    | fir_U0/mul_17s_14ns_31_1_1_U17/tmp_1_reg_787_reg[6]_i_45  | CLB.CARRY.CARRY8  |
    | fir_U0/mul_17s_14ns_31_1_1_U17/tmp_1_reg_787_reg[18]_i_49 | CLB.CARRY.CARRY8  |
    | fir_U0/mul_17s_14ns_31_1_1_U17/tmp_1_reg_787[18]_i_59     | CLB.LUT.LUT3      |
    | fir_U0/mul_17s_14ns_31_1_1_U17/tmp_1_reg_787[18]_i_31     | CLB.LUT.LUT5      |
    | fir_U0/mul_17s_14ns_31_1_1_U17/tmp_1_reg_787[18]_i_39     | CLB.LUT.LUT6      |
    | fir_U0/mul_17s_14ns_31_1_1_U17/tmp_1_reg_787_reg[18]_i_9  | CLB.CARRY.CARRY8  |
    | fir_U0/mul_17s_14ns_31_1_1_U17/tmp_1_reg_787_reg[18]_i_3  | CLB.CARRY.CARRY8  |
    | fir_U0/mul_17s_14ns_31_1_1_U17/tmp_1_reg_787[14]_i_5      | CLB.LUT.LUT2      |
    | fir_U0/mul_17s_14ns_31_1_1_U17/tmp_1_reg_787_reg[14]_i_1  | CLB.CARRY.CARRY8  |
    | fir_U0/mul_17s_14ns_31_1_1_U17/tmp_1_reg_787_reg[18]_i_1  | CLB.CARRY.CARRY8  |
    | fir_U0/tmp_1_reg_787_reg[17]                              | REGISTER.SDR.FDRE |
    | fir_U0/reg_6_fu_116_reg[0]                                | REGISTER.SDR.FDRE |
    | fir_U0/mul_17s_14ns_31_1_1_U17/tmp_1_reg_787_reg[6]_i_47  | CLB.CARRY.CARRY8  |
    | fir_U0/mul_17s_14ns_31_1_1_U17/tmp_1_reg_787_reg[6]_i_78  | CLB.CARRY.CARRY8  |
    | fir_U0/mul_17s_14ns_31_1_1_U17/tmp_1_reg_787[6]_i_82      | CLB.LUT.LUT3      |
    | fir_U0/mul_17s_14ns_31_1_1_U17/tmp_1_reg_787_reg[6]_i_45  | CLB.CARRY.CARRY8  |
    | fir_U0/mul_17s_14ns_31_1_1_U17/tmp_1_reg_787_reg[18]_i_49 | CLB.CARRY.CARRY8  |
    | fir_U0/mul_17s_14ns_31_1_1_U17/tmp_1_reg_787[18]_i_59     | CLB.LUT.LUT3      |
    | fir_U0/mul_17s_14ns_31_1_1_U17/tmp_1_reg_787[18]_i_31     | CLB.LUT.LUT5      |
    | fir_U0/mul_17s_14ns_31_1_1_U17/tmp_1_reg_787[18]_i_39     | CLB.LUT.LUT6      |
    | fir_U0/mul_17s_14ns_31_1_1_U17/tmp_1_reg_787_reg[18]_i_9  | CLB.CARRY.CARRY8  |
    | fir_U0/mul_17s_14ns_31_1_1_U17/tmp_1_reg_787_reg[18]_i_3  | CLB.CARRY.CARRY8  |
    | fir_U0/mul_17s_14ns_31_1_1_U17/tmp_1_reg_787[14]_i_5      | CLB.LUT.LUT2      |
    | fir_U0/mul_17s_14ns_31_1_1_U17/tmp_1_reg_787_reg[14]_i_1  | CLB.CARRY.CARRY8  |
    | fir_U0/mul_17s_14ns_31_1_1_U17/tmp_1_reg_787_reg[18]_i_1  | CLB.CARRY.CARRY8  |
    | fir_U0/tmp_1_reg_787_reg[15]                              | REGISTER.SDR.FDRE |
    | fir_U0/reg_6_fu_116_reg[0]                                | REGISTER.SDR.FDRE |
    | fir_U0/mul_17s_14ns_31_1_1_U17/tmp_1_reg_787_reg[6]_i_47  | CLB.CARRY.CARRY8  |
    | fir_U0/mul_17s_14ns_31_1_1_U17/tmp_1_reg_787_reg[6]_i_78  | CLB.CARRY.CARRY8  |
    | fir_U0/mul_17s_14ns_31_1_1_U17/tmp_1_reg_787[6]_i_82      | CLB.LUT.LUT3      |
    | fir_U0/mul_17s_14ns_31_1_1_U17/tmp_1_reg_787_reg[6]_i_45  | CLB.CARRY.CARRY8  |
    | fir_U0/mul_17s_14ns_31_1_1_U17/tmp_1_reg_787_reg[18]_i_49 | CLB.CARRY.CARRY8  |
    | fir_U0/mul_17s_14ns_31_1_1_U17/tmp_1_reg_787[18]_i_59     | CLB.LUT.LUT3      |
    | fir_U0/mul_17s_14ns_31_1_1_U17/tmp_1_reg_787[18]_i_31     | CLB.LUT.LUT5      |
    | fir_U0/mul_17s_14ns_31_1_1_U17/tmp_1_reg_787[18]_i_39     | CLB.LUT.LUT6      |
    | fir_U0/mul_17s_14ns_31_1_1_U17/tmp_1_reg_787_reg[18]_i_9  | CLB.CARRY.CARRY8  |
    | fir_U0/mul_17s_14ns_31_1_1_U17/tmp_1_reg_787_reg[18]_i_3  | CLB.CARRY.CARRY8  |
    | fir_U0/mul_17s_14ns_31_1_1_U17/tmp_1_reg_787[14]_i_5      | CLB.LUT.LUT2      |
    | fir_U0/mul_17s_14ns_31_1_1_U17/tmp_1_reg_787_reg[14]_i_1  | CLB.CARRY.CARRY8  |
    | fir_U0/tmp_1_reg_787_reg[14]                              | REGISTER.SDR.FDRE |
    +-----------------------------------------------------------+-------------------+

    +-----------------------------------------------------------+-------------------+
    | Path3 Cells                                               | Primitive Type    |
    +-----------------------------------------------------------+-------------------+
    | fir_U0/reg_6_fu_116_reg[0]                                | REGISTER.SDR.FDRE |
    | fir_U0/mul_17s_14ns_31_1_1_U17/tmp_1_reg_787_reg[6]_i_47  | CLB.CARRY.CARRY8  |
    | fir_U0/mul_17s_14ns_31_1_1_U17/tmp_1_reg_787_reg[6]_i_78  | CLB.CARRY.CARRY8  |
    | fir_U0/mul_17s_14ns_31_1_1_U17/tmp_1_reg_787[6]_i_82      | CLB.LUT.LUT3      |
    | fir_U0/mul_17s_14ns_31_1_1_U17/tmp_1_reg_787_reg[6]_i_45  | CLB.CARRY.CARRY8  |
    | fir_U0/mul_17s_14ns_31_1_1_U17/tmp_1_reg_787_reg[18]_i_49 | CLB.CARRY.CARRY8  |
    | fir_U0/mul_17s_14ns_31_1_1_U17/tmp_1_reg_787[18]_i_59     | CLB.LUT.LUT3      |
    | fir_U0/mul_17s_14ns_31_1_1_U17/tmp_1_reg_787[18]_i_31     | CLB.LUT.LUT5      |
    | fir_U0/mul_17s_14ns_31_1_1_U17/tmp_1_reg_787[18]_i_39     | CLB.LUT.LUT6      |
    | fir_U0/mul_17s_14ns_31_1_1_U17/tmp_1_reg_787_reg[18]_i_9  | CLB.CARRY.CARRY8  |
    | fir_U0/mul_17s_14ns_31_1_1_U17/tmp_1_reg_787_reg[18]_i_3  | CLB.CARRY.CARRY8  |
    | fir_U0/mul_17s_14ns_31_1_1_U17/tmp_1_reg_787[14]_i_5      | CLB.LUT.LUT2      |
    | fir_U0/mul_17s_14ns_31_1_1_U17/tmp_1_reg_787_reg[14]_i_1  | CLB.CARRY.CARRY8  |
    | fir_U0/mul_17s_14ns_31_1_1_U17/tmp_1_reg_787_reg[18]_i_1  | CLB.CARRY.CARRY8  |
    | fir_U0/tmp_1_reg_787_reg[18]                              | REGISTER.SDR.FDRE |
    | fir_U0/reg_6_fu_116_reg[0]                                | REGISTER.SDR.FDRE |
    | fir_U0/mul_17s_14ns_31_1_1_U17/tmp_1_reg_787_reg[6]_i_47  | CLB.CARRY.CARRY8  |
    | fir_U0/mul_17s_14ns_31_1_1_U17/tmp_1_reg_787_reg[6]_i_78  | CLB.CARRY.CARRY8  |
    | fir_U0/mul_17s_14ns_31_1_1_U17/tmp_1_reg_787[6]_i_82      | CLB.LUT.LUT3      |
    | fir_U0/mul_17s_14ns_31_1_1_U17/tmp_1_reg_787_reg[6]_i_45  | CLB.CARRY.CARRY8  |
    | fir_U0/mul_17s_14ns_31_1_1_U17/tmp_1_reg_787_reg[18]_i_49 | CLB.CARRY.CARRY8  |
    | fir_U0/mul_17s_14ns_31_1_1_U17/tmp_1_reg_787[18]_i_59     | CLB.LUT.LUT3      |
    | fir_U0/mul_17s_14ns_31_1_1_U17/tmp_1_reg_787[18]_i_31     | CLB.LUT.LUT5      |
    | fir_U0/mul_17s_14ns_31_1_1_U17/tmp_1_reg_787[18]_i_39     | CLB.LUT.LUT6      |
    | fir_U0/mul_17s_14ns_31_1_1_U17/tmp_1_reg_787_reg[18]_i_9  | CLB.CARRY.CARRY8  |
    | fir_U0/mul_17s_14ns_31_1_1_U17/tmp_1_reg_787_reg[18]_i_3  | CLB.CARRY.CARRY8  |
    | fir_U0/mul_17s_14ns_31_1_1_U17/tmp_1_reg_787[14]_i_5      | CLB.LUT.LUT2      |
    | fir_U0/mul_17s_14ns_31_1_1_U17/tmp_1_reg_787_reg[14]_i_1  | CLB.CARRY.CARRY8  |
    | fir_U0/mul_17s_14ns_31_1_1_U17/tmp_1_reg_787_reg[18]_i_1  | CLB.CARRY.CARRY8  |
    | fir_U0/tmp_1_reg_787_reg[16]                              | REGISTER.SDR.FDRE |
    | fir_U0/reg_6_fu_116_reg[0]                                | REGISTER.SDR.FDRE |
    | fir_U0/mul_17s_14ns_31_1_1_U17/tmp_1_reg_787_reg[6]_i_47  | CLB.CARRY.CARRY8  |
    | fir_U0/mul_17s_14ns_31_1_1_U17/tmp_1_reg_787_reg[6]_i_78  | CLB.CARRY.CARRY8  |
    | fir_U0/mul_17s_14ns_31_1_1_U17/tmp_1_reg_787[6]_i_82      | CLB.LUT.LUT3      |
    | fir_U0/mul_17s_14ns_31_1_1_U17/tmp_1_reg_787_reg[6]_i_45  | CLB.CARRY.CARRY8  |
    | fir_U0/mul_17s_14ns_31_1_1_U17/tmp_1_reg_787_reg[18]_i_49 | CLB.CARRY.CARRY8  |
    | fir_U0/mul_17s_14ns_31_1_1_U17/tmp_1_reg_787[18]_i_59     | CLB.LUT.LUT3      |
    | fir_U0/mul_17s_14ns_31_1_1_U17/tmp_1_reg_787[18]_i_31     | CLB.LUT.LUT5      |
    | fir_U0/mul_17s_14ns_31_1_1_U17/tmp_1_reg_787[18]_i_39     | CLB.LUT.LUT6      |
    | fir_U0/mul_17s_14ns_31_1_1_U17/tmp_1_reg_787_reg[18]_i_9  | CLB.CARRY.CARRY8  |
    | fir_U0/mul_17s_14ns_31_1_1_U17/tmp_1_reg_787_reg[18]_i_3  | CLB.CARRY.CARRY8  |
    | fir_U0/mul_17s_14ns_31_1_1_U17/tmp_1_reg_787[14]_i_5      | CLB.LUT.LUT2      |
    | fir_U0/mul_17s_14ns_31_1_1_U17/tmp_1_reg_787_reg[14]_i_1  | CLB.CARRY.CARRY8  |
    | fir_U0/mul_17s_14ns_31_1_1_U17/tmp_1_reg_787_reg[18]_i_1  | CLB.CARRY.CARRY8  |
    | fir_U0/tmp_1_reg_787_reg[17]                              | REGISTER.SDR.FDRE |
    | fir_U0/reg_6_fu_116_reg[0]                                | REGISTER.SDR.FDRE |
    | fir_U0/mul_17s_14ns_31_1_1_U17/tmp_1_reg_787_reg[6]_i_47  | CLB.CARRY.CARRY8  |
    | fir_U0/mul_17s_14ns_31_1_1_U17/tmp_1_reg_787_reg[6]_i_78  | CLB.CARRY.CARRY8  |
    | fir_U0/mul_17s_14ns_31_1_1_U17/tmp_1_reg_787[6]_i_82      | CLB.LUT.LUT3      |
    | fir_U0/mul_17s_14ns_31_1_1_U17/tmp_1_reg_787_reg[6]_i_45  | CLB.CARRY.CARRY8  |
    | fir_U0/mul_17s_14ns_31_1_1_U17/tmp_1_reg_787_reg[18]_i_49 | CLB.CARRY.CARRY8  |
    | fir_U0/mul_17s_14ns_31_1_1_U17/tmp_1_reg_787[18]_i_59     | CLB.LUT.LUT3      |
    | fir_U0/mul_17s_14ns_31_1_1_U17/tmp_1_reg_787[18]_i_31     | CLB.LUT.LUT5      |
    | fir_U0/mul_17s_14ns_31_1_1_U17/tmp_1_reg_787[18]_i_39     | CLB.LUT.LUT6      |
    | fir_U0/mul_17s_14ns_31_1_1_U17/tmp_1_reg_787_reg[18]_i_9  | CLB.CARRY.CARRY8  |
    | fir_U0/mul_17s_14ns_31_1_1_U17/tmp_1_reg_787_reg[18]_i_3  | CLB.CARRY.CARRY8  |
    | fir_U0/mul_17s_14ns_31_1_1_U17/tmp_1_reg_787[14]_i_5      | CLB.LUT.LUT2      |
    | fir_U0/mul_17s_14ns_31_1_1_U17/tmp_1_reg_787_reg[14]_i_1  | CLB.CARRY.CARRY8  |
    | fir_U0/mul_17s_14ns_31_1_1_U17/tmp_1_reg_787_reg[18]_i_1  | CLB.CARRY.CARRY8  |
    | fir_U0/tmp_1_reg_787_reg[15]                              | REGISTER.SDR.FDRE |
    | fir_U0/reg_6_fu_116_reg[0]                                | REGISTER.SDR.FDRE |
    | fir_U0/mul_17s_14ns_31_1_1_U17/tmp_1_reg_787_reg[6]_i_47  | CLB.CARRY.CARRY8  |
    | fir_U0/mul_17s_14ns_31_1_1_U17/tmp_1_reg_787_reg[6]_i_78  | CLB.CARRY.CARRY8  |
    | fir_U0/mul_17s_14ns_31_1_1_U17/tmp_1_reg_787[6]_i_82      | CLB.LUT.LUT3      |
    | fir_U0/mul_17s_14ns_31_1_1_U17/tmp_1_reg_787_reg[6]_i_45  | CLB.CARRY.CARRY8  |
    | fir_U0/mul_17s_14ns_31_1_1_U17/tmp_1_reg_787_reg[18]_i_49 | CLB.CARRY.CARRY8  |
    | fir_U0/mul_17s_14ns_31_1_1_U17/tmp_1_reg_787[18]_i_59     | CLB.LUT.LUT3      |
    | fir_U0/mul_17s_14ns_31_1_1_U17/tmp_1_reg_787[18]_i_31     | CLB.LUT.LUT5      |
    | fir_U0/mul_17s_14ns_31_1_1_U17/tmp_1_reg_787[18]_i_39     | CLB.LUT.LUT6      |
    | fir_U0/mul_17s_14ns_31_1_1_U17/tmp_1_reg_787_reg[18]_i_9  | CLB.CARRY.CARRY8  |
    | fir_U0/mul_17s_14ns_31_1_1_U17/tmp_1_reg_787_reg[18]_i_3  | CLB.CARRY.CARRY8  |
    | fir_U0/mul_17s_14ns_31_1_1_U17/tmp_1_reg_787[14]_i_5      | CLB.LUT.LUT2      |
    | fir_U0/mul_17s_14ns_31_1_1_U17/tmp_1_reg_787_reg[14]_i_1  | CLB.CARRY.CARRY8  |
    | fir_U0/tmp_1_reg_787_reg[14]                              | REGISTER.SDR.FDRE |
    +-----------------------------------------------------------+-------------------+

    +-----------------------------------------------------------+-------------------+
    | Path4 Cells                                               | Primitive Type    |
    +-----------------------------------------------------------+-------------------+
    | fir_U0/reg_6_fu_116_reg[0]                                | REGISTER.SDR.FDRE |
    | fir_U0/mul_17s_14ns_31_1_1_U17/tmp_1_reg_787_reg[6]_i_47  | CLB.CARRY.CARRY8  |
    | fir_U0/mul_17s_14ns_31_1_1_U17/tmp_1_reg_787_reg[6]_i_78  | CLB.CARRY.CARRY8  |
    | fir_U0/mul_17s_14ns_31_1_1_U17/tmp_1_reg_787[6]_i_82      | CLB.LUT.LUT3      |
    | fir_U0/mul_17s_14ns_31_1_1_U17/tmp_1_reg_787_reg[6]_i_45  | CLB.CARRY.CARRY8  |
    | fir_U0/mul_17s_14ns_31_1_1_U17/tmp_1_reg_787_reg[18]_i_49 | CLB.CARRY.CARRY8  |
    | fir_U0/mul_17s_14ns_31_1_1_U17/tmp_1_reg_787[18]_i_59     | CLB.LUT.LUT3      |
    | fir_U0/mul_17s_14ns_31_1_1_U17/tmp_1_reg_787[18]_i_31     | CLB.LUT.LUT5      |
    | fir_U0/mul_17s_14ns_31_1_1_U17/tmp_1_reg_787[18]_i_39     | CLB.LUT.LUT6      |
    | fir_U0/mul_17s_14ns_31_1_1_U17/tmp_1_reg_787_reg[18]_i_9  | CLB.CARRY.CARRY8  |
    | fir_U0/mul_17s_14ns_31_1_1_U17/tmp_1_reg_787_reg[18]_i_3  | CLB.CARRY.CARRY8  |
    | fir_U0/mul_17s_14ns_31_1_1_U17/tmp_1_reg_787[14]_i_5      | CLB.LUT.LUT2      |
    | fir_U0/mul_17s_14ns_31_1_1_U17/tmp_1_reg_787_reg[14]_i_1  | CLB.CARRY.CARRY8  |
    | fir_U0/mul_17s_14ns_31_1_1_U17/tmp_1_reg_787_reg[18]_i_1  | CLB.CARRY.CARRY8  |
    | fir_U0/tmp_1_reg_787_reg[18]                              | REGISTER.SDR.FDRE |
    | fir_U0/reg_6_fu_116_reg[0]                                | REGISTER.SDR.FDRE |
    | fir_U0/mul_17s_14ns_31_1_1_U17/tmp_1_reg_787_reg[6]_i_47  | CLB.CARRY.CARRY8  |
    | fir_U0/mul_17s_14ns_31_1_1_U17/tmp_1_reg_787_reg[6]_i_78  | CLB.CARRY.CARRY8  |
    | fir_U0/mul_17s_14ns_31_1_1_U17/tmp_1_reg_787[6]_i_82      | CLB.LUT.LUT3      |
    | fir_U0/mul_17s_14ns_31_1_1_U17/tmp_1_reg_787_reg[6]_i_45  | CLB.CARRY.CARRY8  |
    | fir_U0/mul_17s_14ns_31_1_1_U17/tmp_1_reg_787_reg[18]_i_49 | CLB.CARRY.CARRY8  |
    | fir_U0/mul_17s_14ns_31_1_1_U17/tmp_1_reg_787[18]_i_59     | CLB.LUT.LUT3      |
    | fir_U0/mul_17s_14ns_31_1_1_U17/tmp_1_reg_787[18]_i_31     | CLB.LUT.LUT5      |
    | fir_U0/mul_17s_14ns_31_1_1_U17/tmp_1_reg_787[18]_i_39     | CLB.LUT.LUT6      |
    | fir_U0/mul_17s_14ns_31_1_1_U17/tmp_1_reg_787_reg[18]_i_9  | CLB.CARRY.CARRY8  |
    | fir_U0/mul_17s_14ns_31_1_1_U17/tmp_1_reg_787_reg[18]_i_3  | CLB.CARRY.CARRY8  |
    | fir_U0/mul_17s_14ns_31_1_1_U17/tmp_1_reg_787[14]_i_5      | CLB.LUT.LUT2      |
    | fir_U0/mul_17s_14ns_31_1_1_U17/tmp_1_reg_787_reg[14]_i_1  | CLB.CARRY.CARRY8  |
    | fir_U0/mul_17s_14ns_31_1_1_U17/tmp_1_reg_787_reg[18]_i_1  | CLB.CARRY.CARRY8  |
    | fir_U0/tmp_1_reg_787_reg[16]                              | REGISTER.SDR.FDRE |
    | fir_U0/reg_6_fu_116_reg[0]                                | REGISTER.SDR.FDRE |
    | fir_U0/mul_17s_14ns_31_1_1_U17/tmp_1_reg_787_reg[6]_i_47  | CLB.CARRY.CARRY8  |
    | fir_U0/mul_17s_14ns_31_1_1_U17/tmp_1_reg_787_reg[6]_i_78  | CLB.CARRY.CARRY8  |
    | fir_U0/mul_17s_14ns_31_1_1_U17/tmp_1_reg_787[6]_i_82      | CLB.LUT.LUT3      |
    | fir_U0/mul_17s_14ns_31_1_1_U17/tmp_1_reg_787_reg[6]_i_45  | CLB.CARRY.CARRY8  |
    | fir_U0/mul_17s_14ns_31_1_1_U17/tmp_1_reg_787_reg[18]_i_49 | CLB.CARRY.CARRY8  |
    | fir_U0/mul_17s_14ns_31_1_1_U17/tmp_1_reg_787[18]_i_59     | CLB.LUT.LUT3      |
    | fir_U0/mul_17s_14ns_31_1_1_U17/tmp_1_reg_787[18]_i_31     | CLB.LUT.LUT5      |
    | fir_U0/mul_17s_14ns_31_1_1_U17/tmp_1_reg_787[18]_i_39     | CLB.LUT.LUT6      |
    | fir_U0/mul_17s_14ns_31_1_1_U17/tmp_1_reg_787_reg[18]_i_9  | CLB.CARRY.CARRY8  |
    | fir_U0/mul_17s_14ns_31_1_1_U17/tmp_1_reg_787_reg[18]_i_3  | CLB.CARRY.CARRY8  |
    | fir_U0/mul_17s_14ns_31_1_1_U17/tmp_1_reg_787[14]_i_5      | CLB.LUT.LUT2      |
    | fir_U0/mul_17s_14ns_31_1_1_U17/tmp_1_reg_787_reg[14]_i_1  | CLB.CARRY.CARRY8  |
    | fir_U0/mul_17s_14ns_31_1_1_U17/tmp_1_reg_787_reg[18]_i_1  | CLB.CARRY.CARRY8  |
    | fir_U0/tmp_1_reg_787_reg[17]                              | REGISTER.SDR.FDRE |
    | fir_U0/reg_6_fu_116_reg[0]                                | REGISTER.SDR.FDRE |
    | fir_U0/mul_17s_14ns_31_1_1_U17/tmp_1_reg_787_reg[6]_i_47  | CLB.CARRY.CARRY8  |
    | fir_U0/mul_17s_14ns_31_1_1_U17/tmp_1_reg_787_reg[6]_i_78  | CLB.CARRY.CARRY8  |
    | fir_U0/mul_17s_14ns_31_1_1_U17/tmp_1_reg_787[6]_i_82      | CLB.LUT.LUT3      |
    | fir_U0/mul_17s_14ns_31_1_1_U17/tmp_1_reg_787_reg[6]_i_45  | CLB.CARRY.CARRY8  |
    | fir_U0/mul_17s_14ns_31_1_1_U17/tmp_1_reg_787_reg[18]_i_49 | CLB.CARRY.CARRY8  |
    | fir_U0/mul_17s_14ns_31_1_1_U17/tmp_1_reg_787[18]_i_59     | CLB.LUT.LUT3      |
    | fir_U0/mul_17s_14ns_31_1_1_U17/tmp_1_reg_787[18]_i_31     | CLB.LUT.LUT5      |
    | fir_U0/mul_17s_14ns_31_1_1_U17/tmp_1_reg_787[18]_i_39     | CLB.LUT.LUT6      |
    | fir_U0/mul_17s_14ns_31_1_1_U17/tmp_1_reg_787_reg[18]_i_9  | CLB.CARRY.CARRY8  |
    | fir_U0/mul_17s_14ns_31_1_1_U17/tmp_1_reg_787_reg[18]_i_3  | CLB.CARRY.CARRY8  |
    | fir_U0/mul_17s_14ns_31_1_1_U17/tmp_1_reg_787[14]_i_5      | CLB.LUT.LUT2      |
    | fir_U0/mul_17s_14ns_31_1_1_U17/tmp_1_reg_787_reg[14]_i_1  | CLB.CARRY.CARRY8  |
    | fir_U0/mul_17s_14ns_31_1_1_U17/tmp_1_reg_787_reg[18]_i_1  | CLB.CARRY.CARRY8  |
    | fir_U0/tmp_1_reg_787_reg[15]                              | REGISTER.SDR.FDRE |
    | fir_U0/reg_6_fu_116_reg[0]                                | REGISTER.SDR.FDRE |
    | fir_U0/mul_17s_14ns_31_1_1_U17/tmp_1_reg_787_reg[6]_i_47  | CLB.CARRY.CARRY8  |
    | fir_U0/mul_17s_14ns_31_1_1_U17/tmp_1_reg_787_reg[6]_i_78  | CLB.CARRY.CARRY8  |
    | fir_U0/mul_17s_14ns_31_1_1_U17/tmp_1_reg_787[6]_i_82      | CLB.LUT.LUT3      |
    | fir_U0/mul_17s_14ns_31_1_1_U17/tmp_1_reg_787_reg[6]_i_45  | CLB.CARRY.CARRY8  |
    | fir_U0/mul_17s_14ns_31_1_1_U17/tmp_1_reg_787_reg[18]_i_49 | CLB.CARRY.CARRY8  |
    | fir_U0/mul_17s_14ns_31_1_1_U17/tmp_1_reg_787[18]_i_59     | CLB.LUT.LUT3      |
    | fir_U0/mul_17s_14ns_31_1_1_U17/tmp_1_reg_787[18]_i_31     | CLB.LUT.LUT5      |
    | fir_U0/mul_17s_14ns_31_1_1_U17/tmp_1_reg_787[18]_i_39     | CLB.LUT.LUT6      |
    | fir_U0/mul_17s_14ns_31_1_1_U17/tmp_1_reg_787_reg[18]_i_9  | CLB.CARRY.CARRY8  |
    | fir_U0/mul_17s_14ns_31_1_1_U17/tmp_1_reg_787_reg[18]_i_3  | CLB.CARRY.CARRY8  |
    | fir_U0/mul_17s_14ns_31_1_1_U17/tmp_1_reg_787[14]_i_5      | CLB.LUT.LUT2      |
    | fir_U0/mul_17s_14ns_31_1_1_U17/tmp_1_reg_787_reg[14]_i_1  | CLB.CARRY.CARRY8  |
    | fir_U0/tmp_1_reg_787_reg[14]                              | REGISTER.SDR.FDRE |
    +-----------------------------------------------------------+-------------------+

    +-----------------------------------------------------------+-------------------+
    | Path5 Cells                                               | Primitive Type    |
    +-----------------------------------------------------------+-------------------+
    | fir_U0/reg_6_fu_116_reg[0]                                | REGISTER.SDR.FDRE |
    | fir_U0/mul_17s_14ns_31_1_1_U17/tmp_1_reg_787_reg[6]_i_47  | CLB.CARRY.CARRY8  |
    | fir_U0/mul_17s_14ns_31_1_1_U17/tmp_1_reg_787_reg[6]_i_78  | CLB.CARRY.CARRY8  |
    | fir_U0/mul_17s_14ns_31_1_1_U17/tmp_1_reg_787[6]_i_82      | CLB.LUT.LUT3      |
    | fir_U0/mul_17s_14ns_31_1_1_U17/tmp_1_reg_787_reg[6]_i_45  | CLB.CARRY.CARRY8  |
    | fir_U0/mul_17s_14ns_31_1_1_U17/tmp_1_reg_787_reg[18]_i_49 | CLB.CARRY.CARRY8  |
    | fir_U0/mul_17s_14ns_31_1_1_U17/tmp_1_reg_787[18]_i_59     | CLB.LUT.LUT3      |
    | fir_U0/mul_17s_14ns_31_1_1_U17/tmp_1_reg_787[18]_i_31     | CLB.LUT.LUT5      |
    | fir_U0/mul_17s_14ns_31_1_1_U17/tmp_1_reg_787[18]_i_39     | CLB.LUT.LUT6      |
    | fir_U0/mul_17s_14ns_31_1_1_U17/tmp_1_reg_787_reg[18]_i_9  | CLB.CARRY.CARRY8  |
    | fir_U0/mul_17s_14ns_31_1_1_U17/tmp_1_reg_787_reg[18]_i_3  | CLB.CARRY.CARRY8  |
    | fir_U0/mul_17s_14ns_31_1_1_U17/tmp_1_reg_787[14]_i_5      | CLB.LUT.LUT2      |
    | fir_U0/mul_17s_14ns_31_1_1_U17/tmp_1_reg_787_reg[14]_i_1  | CLB.CARRY.CARRY8  |
    | fir_U0/mul_17s_14ns_31_1_1_U17/tmp_1_reg_787_reg[18]_i_1  | CLB.CARRY.CARRY8  |
    | fir_U0/tmp_1_reg_787_reg[18]                              | REGISTER.SDR.FDRE |
    | fir_U0/reg_6_fu_116_reg[0]                                | REGISTER.SDR.FDRE |
    | fir_U0/mul_17s_14ns_31_1_1_U17/tmp_1_reg_787_reg[6]_i_47  | CLB.CARRY.CARRY8  |
    | fir_U0/mul_17s_14ns_31_1_1_U17/tmp_1_reg_787_reg[6]_i_78  | CLB.CARRY.CARRY8  |
    | fir_U0/mul_17s_14ns_31_1_1_U17/tmp_1_reg_787[6]_i_82      | CLB.LUT.LUT3      |
    | fir_U0/mul_17s_14ns_31_1_1_U17/tmp_1_reg_787_reg[6]_i_45  | CLB.CARRY.CARRY8  |
    | fir_U0/mul_17s_14ns_31_1_1_U17/tmp_1_reg_787_reg[18]_i_49 | CLB.CARRY.CARRY8  |
    | fir_U0/mul_17s_14ns_31_1_1_U17/tmp_1_reg_787[18]_i_59     | CLB.LUT.LUT3      |
    | fir_U0/mul_17s_14ns_31_1_1_U17/tmp_1_reg_787[18]_i_31     | CLB.LUT.LUT5      |
    | fir_U0/mul_17s_14ns_31_1_1_U17/tmp_1_reg_787[18]_i_39     | CLB.LUT.LUT6      |
    | fir_U0/mul_17s_14ns_31_1_1_U17/tmp_1_reg_787_reg[18]_i_9  | CLB.CARRY.CARRY8  |
    | fir_U0/mul_17s_14ns_31_1_1_U17/tmp_1_reg_787_reg[18]_i_3  | CLB.CARRY.CARRY8  |
    | fir_U0/mul_17s_14ns_31_1_1_U17/tmp_1_reg_787[14]_i_5      | CLB.LUT.LUT2      |
    | fir_U0/mul_17s_14ns_31_1_1_U17/tmp_1_reg_787_reg[14]_i_1  | CLB.CARRY.CARRY8  |
    | fir_U0/mul_17s_14ns_31_1_1_U17/tmp_1_reg_787_reg[18]_i_1  | CLB.CARRY.CARRY8  |
    | fir_U0/tmp_1_reg_787_reg[16]                              | REGISTER.SDR.FDRE |
    | fir_U0/reg_6_fu_116_reg[0]                                | REGISTER.SDR.FDRE |
    | fir_U0/mul_17s_14ns_31_1_1_U17/tmp_1_reg_787_reg[6]_i_47  | CLB.CARRY.CARRY8  |
    | fir_U0/mul_17s_14ns_31_1_1_U17/tmp_1_reg_787_reg[6]_i_78  | CLB.CARRY.CARRY8  |
    | fir_U0/mul_17s_14ns_31_1_1_U17/tmp_1_reg_787[6]_i_82      | CLB.LUT.LUT3      |
    | fir_U0/mul_17s_14ns_31_1_1_U17/tmp_1_reg_787_reg[6]_i_45  | CLB.CARRY.CARRY8  |
    | fir_U0/mul_17s_14ns_31_1_1_U17/tmp_1_reg_787_reg[18]_i_49 | CLB.CARRY.CARRY8  |
    | fir_U0/mul_17s_14ns_31_1_1_U17/tmp_1_reg_787[18]_i_59     | CLB.LUT.LUT3      |
    | fir_U0/mul_17s_14ns_31_1_1_U17/tmp_1_reg_787[18]_i_31     | CLB.LUT.LUT5      |
    | fir_U0/mul_17s_14ns_31_1_1_U17/tmp_1_reg_787[18]_i_39     | CLB.LUT.LUT6      |
    | fir_U0/mul_17s_14ns_31_1_1_U17/tmp_1_reg_787_reg[18]_i_9  | CLB.CARRY.CARRY8  |
    | fir_U0/mul_17s_14ns_31_1_1_U17/tmp_1_reg_787_reg[18]_i_3  | CLB.CARRY.CARRY8  |
    | fir_U0/mul_17s_14ns_31_1_1_U17/tmp_1_reg_787[14]_i_5      | CLB.LUT.LUT2      |
    | fir_U0/mul_17s_14ns_31_1_1_U17/tmp_1_reg_787_reg[14]_i_1  | CLB.CARRY.CARRY8  |
    | fir_U0/mul_17s_14ns_31_1_1_U17/tmp_1_reg_787_reg[18]_i_1  | CLB.CARRY.CARRY8  |
    | fir_U0/tmp_1_reg_787_reg[17]                              | REGISTER.SDR.FDRE |
    | fir_U0/reg_6_fu_116_reg[0]                                | REGISTER.SDR.FDRE |
    | fir_U0/mul_17s_14ns_31_1_1_U17/tmp_1_reg_787_reg[6]_i_47  | CLB.CARRY.CARRY8  |
    | fir_U0/mul_17s_14ns_31_1_1_U17/tmp_1_reg_787_reg[6]_i_78  | CLB.CARRY.CARRY8  |
    | fir_U0/mul_17s_14ns_31_1_1_U17/tmp_1_reg_787[6]_i_82      | CLB.LUT.LUT3      |
    | fir_U0/mul_17s_14ns_31_1_1_U17/tmp_1_reg_787_reg[6]_i_45  | CLB.CARRY.CARRY8  |
    | fir_U0/mul_17s_14ns_31_1_1_U17/tmp_1_reg_787_reg[18]_i_49 | CLB.CARRY.CARRY8  |
    | fir_U0/mul_17s_14ns_31_1_1_U17/tmp_1_reg_787[18]_i_59     | CLB.LUT.LUT3      |
    | fir_U0/mul_17s_14ns_31_1_1_U17/tmp_1_reg_787[18]_i_31     | CLB.LUT.LUT5      |
    | fir_U0/mul_17s_14ns_31_1_1_U17/tmp_1_reg_787[18]_i_39     | CLB.LUT.LUT6      |
    | fir_U0/mul_17s_14ns_31_1_1_U17/tmp_1_reg_787_reg[18]_i_9  | CLB.CARRY.CARRY8  |
    | fir_U0/mul_17s_14ns_31_1_1_U17/tmp_1_reg_787_reg[18]_i_3  | CLB.CARRY.CARRY8  |
    | fir_U0/mul_17s_14ns_31_1_1_U17/tmp_1_reg_787[14]_i_5      | CLB.LUT.LUT2      |
    | fir_U0/mul_17s_14ns_31_1_1_U17/tmp_1_reg_787_reg[14]_i_1  | CLB.CARRY.CARRY8  |
    | fir_U0/mul_17s_14ns_31_1_1_U17/tmp_1_reg_787_reg[18]_i_1  | CLB.CARRY.CARRY8  |
    | fir_U0/tmp_1_reg_787_reg[15]                              | REGISTER.SDR.FDRE |
    | fir_U0/reg_6_fu_116_reg[0]                                | REGISTER.SDR.FDRE |
    | fir_U0/mul_17s_14ns_31_1_1_U17/tmp_1_reg_787_reg[6]_i_47  | CLB.CARRY.CARRY8  |
    | fir_U0/mul_17s_14ns_31_1_1_U17/tmp_1_reg_787_reg[6]_i_78  | CLB.CARRY.CARRY8  |
    | fir_U0/mul_17s_14ns_31_1_1_U17/tmp_1_reg_787[6]_i_82      | CLB.LUT.LUT3      |
    | fir_U0/mul_17s_14ns_31_1_1_U17/tmp_1_reg_787_reg[6]_i_45  | CLB.CARRY.CARRY8  |
    | fir_U0/mul_17s_14ns_31_1_1_U17/tmp_1_reg_787_reg[18]_i_49 | CLB.CARRY.CARRY8  |
    | fir_U0/mul_17s_14ns_31_1_1_U17/tmp_1_reg_787[18]_i_59     | CLB.LUT.LUT3      |
    | fir_U0/mul_17s_14ns_31_1_1_U17/tmp_1_reg_787[18]_i_31     | CLB.LUT.LUT5      |
    | fir_U0/mul_17s_14ns_31_1_1_U17/tmp_1_reg_787[18]_i_39     | CLB.LUT.LUT6      |
    | fir_U0/mul_17s_14ns_31_1_1_U17/tmp_1_reg_787_reg[18]_i_9  | CLB.CARRY.CARRY8  |
    | fir_U0/mul_17s_14ns_31_1_1_U17/tmp_1_reg_787_reg[18]_i_3  | CLB.CARRY.CARRY8  |
    | fir_U0/mul_17s_14ns_31_1_1_U17/tmp_1_reg_787[14]_i_5      | CLB.LUT.LUT2      |
    | fir_U0/mul_17s_14ns_31_1_1_U17/tmp_1_reg_787_reg[14]_i_1  | CLB.CARRY.CARRY8  |
    | fir_U0/tmp_1_reg_787_reg[14]                              | REGISTER.SDR.FDRE |
    +-----------------------------------------------------------+-------------------+


================================================================
== Place & Route Vivado Reports
================================================================
+--------------------------+-------------------------------------------------------------+
| Report Type              | Report Location                                             |
+--------------------------+-------------------------------------------------------------+
| design_analysis          | impl/verilog/report/top_design_analysis_routed.rpt          |
| failfast                 | impl/verilog/report/top_failfast_routed.rpt                 |
| power                    | impl/verilog/report/top_power_routed.rpt                    |
| status                   | impl/verilog/report/top_status_routed.rpt                   |
| timing                   | impl/verilog/report/top_timing_routed.rpt                   |
| timing_paths             | impl/verilog/report/top_timing_paths_routed.rpt             |
| utilization              | impl/verilog/report/top_utilization_routed.rpt              |
| utilization_hierarchical | impl/verilog/report/top_utilization_hierarchical_routed.rpt |
+--------------------------+-------------------------------------------------------------+


